1549418700 0 0
1549418700 0 0 0 0
1549418400 0 0 0 0
1549418100 0 0 0 0
1549417800 0 0 0 0
1549417500 0 0 0 0
1549417200 0 0 0 0
1549416900 0 0 0 0
1549416600 0 0 0 0
1549416300 0 0 0 0
1549416000 0 0 0 0
1549415700 0 0 0 0
1549415400 0 0 0 0
1549415100 0 0 0 0
1549414800 0 0 0 0
1549414500 0 0 0 0
1549414200 0 0 0 0
1549413900 0 0 0 0
1549413600 0 0 0 0
1549413300 0 0 0 0
1549413000 0 0 0 0
1549412700 0 0 0 0
1549412400 0 0 0 0
1549412100 0 0 0 0
1549411800 0 0 0 0
1549411500 0 0 0 0
1549411200 0 0 0 0
1549410900 0 0 0 0
1549410600 0 0 0 0
1549410300 0 0 0 0
1549410000 0 0 0 0
1549409700 0 0 0 0
1549409400 0 0 0 0
1549409100 0 0 0 0
1549408800 0 0 0 0
1549408500 0 0 0 0
1549408200 0 0 0 0
1549407900 0 0 0 0
1549407600 0 0 0 0
1549407300 0 0 0 0
1549407000 0 0 0 0
1549406700 0 0 0 0
1549406400 0 0 0 0
1549406100 0 0 0 0
1549405800 0 0 0 0
1549405500 0 0 0 0
1549405200 0 0 0 0
1549404900 0 0 0 0
1549404600 0 0 0 0
1549404300 0 0 0 0
1549404000 0 0 0 0
1549403700 0 0 0 0
1549403400 0 0 0 0
1549403100 0 0 0 0
1549402800 0 0 0 0
1549402500 0 0 0 0
1549402200 0 0 0 0
1549401900 0 0 0 0
1549401600 0 0 0 0
1549401300 0 0 0 0
1549401000 0 0 0 0
1549400700 0 0 0 0
1549400400 0 0 0 0
1549400100 0 0 0 0
1549399800 0 0 0 0
1549399500 0 0 0 0
1549399200 0 0 0 0
1549398900 0 0 0 0
1549398600 0 0 0 0
1549398300 0 0 0 0
1549398000 0 0 0 0
1549397700 0 0 0 0
1549397400 0 0 0 0
1549397100 0 0 0 0
1549396800 0 0 0 0
1549396500 0 0 0 0
1549396200 0 0 0 0
1549395900 0 0 0 0
1549395600 0 0 0 0
1549395300 0 0 0 0
1549395000 0 0 0 0
1549394700 0 0 0 0
1549394400 0 0 0 0
1549394100 0 0 0 0
1549393800 0 0 0 0
1549393500 0 0 0 0
1549393200 0 0 0 0
1549392900 0 0 0 0
1549392600 0 0 0 0
1549392300 0 0 0 0
1549392000 0 0 0 0
1549391700 0 0 0 0
1549391400 0 0 0 0
1549391100 0 0 0 0
1549390800 0 0 0 0
1549390500 0 0 0 0
1549390200 0 0 0 0
1549389900 0 0 0 0
1549389600 0 0 0 0
1549389300 0 0 0 0
1549389000 0 0 0 0
1549388700 0 0 0 0
1549388400 0 0 0 0
1549388100 0 0 0 0
1549387800 0 0 0 0
1549387500 0 0 0 0
1549387200 0 0 0 0
1549386900 0 0 0 0
1549386600 0 0 0 0
1549386300 0 0 0 0
1549386000 0 0 0 0
1549385700 0 0 0 0
1549385400 0 0 0 0
1549385100 0 0 0 0
1549384800 0 0 0 0
1549384500 0 0 0 0
1549384200 0 0 0 0
1549383900 0 0 0 0
1549383600 0 0 0 0
1549383300 0 0 0 0
1549383000 0 0 0 0
1549382700 0 0 0 0
1549382400 0 0 0 0
1549382100 0 0 0 0
1549381800 0 0 0 0
1549381500 0 0 0 0
1549381200 0 0 0 0
1549380900 0 0 0 0
1549380600 0 0 0 0
1549380300 0 0 0 0
1549380000 0 0 0 0
1549379700 0 0 0 0
1549379400 0 0 0 0
1549379100 0 0 0 0
1549378800 0 0 0 0
1549378500 0 0 0 0
1549378200 0 0 0 0
1549377900 0 0 0 0
1549377600 0 0 0 0
1549377300 0 0 0 0
1549377000 0 0 0 0
1549376700 0 0 0 0
1549376400 0 0 0 0
1549376100 0 0 0 0
1549375800 0 0 0 0
1549375500 0 0 0 0
1549375200 0 0 0 0
1549374900 0 0 0 0
1549374600 0 0 0 0
1549374300 0 0 0 0
1549374000 0 0 0 0
1549373700 0 0 0 0
1549373400 0 0 0 0
1549373100 0 0 0 0
1549372800 0 0 0 0
1549372500 0 0 0 0
1549372200 0 0 0 0
1549371900 0 0 0 0
1549371600 0 0 0 0
1549371300 0 0 0 0
1549371000 0 0 0 0
1549370700 0 0 0 0
1549370400 0 0 0 0
1549370100 0 0 0 0
1549369800 0 0 0 0
1549369500 0 0 0 0
1549369200 0 0 0 0
1549368900 0 0 0 0
1549368600 0 0 0 0
1549368300 0 0 0 0
1549368000 0 0 0 0
1549367700 0 0 0 0
1549367400 0 0 0 0
1549367100 0 0 0 0
1549366800 0 0 0 0
1549366500 0 0 0 0
1549366200 0 0 0 0
1549365900 0 0 0 0
1549365600 0 0 0 0
1549365300 0 0 0 0
1549365000 0 0 0 0
1549364700 0 0 0 0
1549364400 0 0 0 0
1549364100 0 0 0 0
1549363800 0 0 0 0
1549363500 0 0 0 0
1549363200 0 0 0 0
1549362900 0 0 0 0
1549362600 0 0 0 0
1549362300 0 0 0 0
1549362000 0 0 0 0
1549361700 0 0 0 0
1549361400 0 0 0 0
1549361100 0 0 0 0
1549360800 0 0 0 0
1549360500 0 0 0 0
1549360200 0 0 0 0
1549359900 0 0 0 0
1549359600 0 0 0 0
1549359300 0 0 0 0
1549359000 0 0 0 0
1549358700 0 0 0 0
1549358400 0 0 0 0
1549358100 0 0 0 0
1549357800 0 0 0 0
1549357500 0 0 0 0
1549357200 0 0 0 0
1549356900 0 0 0 0
1549356600 0 0 0 0
1549356300 0 0 0 0
1549356000 0 0 0 0
1549355700 0 0 0 0
1549355400 0 0 0 0
1549355100 0 0 0 0
1549354800 0 0 0 0
1549354500 0 0 0 0
1549354200 0 0 0 0
1549353900 0 0 0 0
1549353600 0 0 0 0
1549353300 0 0 0 0
1549353000 0 0 0 0
1549352700 0 0 0 0
1549352400 0 0 0 0
1549352100 0 0 0 0
1549351800 0 0 0 0
1549351500 0 0 0 0
1549351200 0 0 0 0
1549350900 0 0 0 0
1549350600 0 0 0 0
1549350300 0 0 0 0
1549350000 0 0 0 0
1549349700 0 0 0 0
1549349400 0 0 0 0
1549349100 0 0 0 0
1549348800 0 0 0 0
1549348500 0 0 0 0
1549348200 0 0 0 0
1549347900 0 0 0 0
1549347600 0 0 0 0
1549347300 0 0 0 0
1549347000 0 0 0 0
1549346700 0 0 0 0
1549346400 0 0 0 0
1549346100 0 0 0 0
1549345800 0 0 0 0
1549345500 0 0 0 0
1549345200 0 0 0 0
1549344900 0 0 0 0
1549344600 0 0 0 0
1549344300 0 0 0 0
1549344000 0 0 0 0
1549343700 0 0 0 0
1549343400 0 0 0 0
1549343100 0 0 0 0
1549342800 0 0 0 0
1549342500 0 0 0 0
1549342200 0 0 0 0
1549341900 0 0 0 0
1549341600 0 0 0 0
1549341300 0 0 0 0
1549341000 0 0 0 0
1549340700 0 0 0 0
1549340400 0 0 0 0
1549340100 0 0 0 0
1549339800 0 0 0 0
1549339500 0 0 0 0
1549339200 0 0 0 0
1549338900 0 0 0 0
1549338600 0 0 0 0
1549338300 0 0 0 0
1549338000 0 0 0 0
1549337700 0 0 0 0
1549337400 0 0 0 0
1549337100 0 0 0 0
1549336800 0 0 0 0
1549336500 0 0 0 0
1549336200 0 0 0 0
1549335900 0 0 0 0
1549335600 0 0 0 0
1549335300 0 0 0 0
1549335000 0 0 0 0
1549334700 0 0 0 0
1549334400 0 0 0 0
1549334100 0 0 0 0
1549333800 0 0 0 0
1549333500 0 0 0 0
1549333200 0 0 0 0
1549332900 0 0 0 0
1549332600 0 0 0 0
1549332300 0 0 0 0
1549332000 0 0 0 0
1549331700 0 0 0 0
1549331400 0 0 0 0
1549331100 0 0 0 0
1549330800 0 0 0 0
1549330500 0 0 0 0
1549330200 0 0 0 0
1549329900 0 0 0 0
1549329600 0 0 0 0
1549329300 0 0 0 0
1549329000 0 0 0 0
1549328700 0 0 0 0
1549328400 0 0 0 0
1549328100 0 0 0 0
1549327800 0 0 0 0
1549327500 0 0 0 0
1549327200 0 0 0 0
1549326900 0 0 0 0
1549326600 0 0 0 0
1549326300 0 0 0 0
1549326000 0 0 0 0
1549325700 0 0 0 0
1549325400 0 0 0 0
1549325100 0 0 0 0
1549324800 0 0 0 0
1549324500 0 0 0 0
1549324200 0 0 0 0
1549323900 0 0 0 0
1549323600 0 0 0 0
1549323300 0 0 0 0
1549323000 0 0 0 0
1549322700 0 0 0 0
1549322400 0 0 0 0
1549322100 0 0 0 0
1549321800 0 0 0 0
1549321500 0 0 0 0
1549321200 0 0 0 0
1549320900 0 0 0 0
1549320600 0 0 0 0
1549320300 0 0 0 0
1549320000 0 0 0 0
1549319700 0 0 0 0
1549319400 0 0 0 0
1549319100 0 0 0 0
1549318800 0 0 0 0
1549318500 0 0 0 0
1549318200 0 0 0 0
1549317900 0 0 0 0
1549317600 0 0 0 0
1549317300 0 0 0 0
1549317000 0 0 0 0
1549316700 0 0 0 0
1549316400 0 0 0 0
1549316100 0 0 0 0
1549315800 0 0 0 0
1549315500 0 0 0 0
1549315200 0 0 0 0
1549314900 0 0 0 0
1549314600 0 0 0 0
1549314300 0 0 0 0
1549314000 0 0 0 0
1549313700 0 0 0 0
1549313400 0 0 0 0
1549313100 0 0 0 0
1549312800 0 0 0 0
1549312500 0 0 0 0
1549312200 0 0 0 0
1549311900 0 0 0 0
1549311600 0 0 0 0
1549311300 0 0 0 0
1549311000 0 0 0 0
1549310700 0 0 0 0
1549310400 0 0 0 0
1549310100 0 0 0 0
1549309800 0 0 0 0
1549309500 0 0 0 0
1549309200 0 0 0 0
1549308900 0 0 0 0
1549308600 0 0 0 0
1549308300 0 0 0 0
1549308000 0 0 0 0
1549307700 0 0 0 0
1549307400 0 0 0 0
1549307100 0 0 0 0
1549306800 0 0 0 0
1549306500 0 0 0 0
1549306200 0 0 0 0
1549305900 0 0 0 0
1549305600 0 0 0 0
1549305300 0 0 0 0
1549305000 0 0 0 0
1549304700 0 0 0 0
1549304400 0 0 0 0
1549304100 0 0 0 0
1549303800 0 0 0 0
1549303500 0 0 0 0
1549303200 0 0 0 0
1549302900 0 0 0 0
1549302600 0 0 0 0
1549302300 0 0 0 0
1549302000 0 0 0 0
1549301700 0 0 0 0
1549301400 0 0 0 0
1549301100 0 0 0 0
1549300800 0 0 0 0
1549300500 0 0 0 0
1549300200 0 0 0 0
1549299900 0 0 0 0
1549299600 0 0 0 0
1549299300 0 0 0 0
1549299000 0 0 0 0
1549298700 0 0 0 0
1549298400 0 0 0 0
1549298100 0 0 0 0
1549297800 0 0 0 0
1549297500 0 0 0 0
1549297200 0 0 0 0
1549296900 0 0 0 0
1549296600 0 0 0 0
1549296300 0 0 0 0
1549296000 0 0 0 0
1549295700 0 0 0 0
1549295400 0 0 0 0
1549295100 0 0 0 0
1549294800 0 0 0 0
1549294500 0 0 0 0
1549294200 0 0 0 0
1549293900 0 0 0 0
1549293600 0 0 0 0
1549293300 0 0 0 0
1549293000 0 0 0 0
1549292700 0 0 0 0
1549292400 0 0 0 0
1549292100 0 0 0 0
1549291800 0 0 0 0
1549291500 0 0 0 0
1549291200 0 0 0 0
1549290900 0 0 0 0
1549290600 0 0 0 0
1549290300 0 0 0 0
1549290000 0 0 0 0
1549289700 0 0 0 0
1549289400 0 0 0 0
1549289100 0 0 0 0
1549288800 0 0 0 0
1549288500 0 0 0 0
1549288200 0 0 0 0
1549287900 0 0 0 0
1549287600 0 0 0 0
1549287300 0 0 0 0
1549287000 0 0 0 0
1549286700 0 0 0 0
1549286400 0 0 0 0
1549286100 0 0 0 0
1549285800 0 0 0 0
1549285500 0 0 0 0
1549285200 0 0 0 0
1549284900 0 0 0 0
1549284600 0 0 0 0
1549284300 0 0 0 0
1549284000 0 0 0 0
1549283700 0 0 0 0
1549283400 0 0 0 0
1549283100 0 0 0 0
1549282800 0 0 0 0
1549282500 0 0 0 0
1549282200 0 0 0 0
1549281900 0 0 0 0
1549281600 0 0 0 0
1549281300 0 0 0 0
1549281000 0 0 0 0
1549280700 0 0 0 0
1549280400 0 0 0 0
1549280100 0 0 0 0
1549279800 0 0 0 0
1549279500 0 0 0 0
1549279200 0 0 0 0
1549278900 0 0 0 0
1549278600 0 0 0 0
1549278300 0 0 0 0
1549278000 0 0 0 0
1549277700 0 0 0 0
1549277400 0 0 0 0
1549277100 0 0 0 0
1549276800 0 0 0 0
1549276500 0 0 0 0
1549276200 0 0 0 0
1549275900 0 0 0 0
1549275600 0 0 0 0
1549275300 0 0 0 0
1549275000 0 0 0 0
1549274700 0 0 0 0
1549274400 0 0 0 0
1549274100 0 0 0 0
1549273800 0 0 0 0
1549273500 0 0 0 0
1549273200 0 0 0 0
1549272900 0 0 0 0
1549272600 0 0 0 0
1549272300 0 0 0 0
1549272000 0 0 0 0
1549271700 0 0 0 0
1549271400 0 0 0 0
1549271100 0 0 0 0
1549270800 0 0 0 0
1549270500 0 0 0 0
1549270200 0 0 0 0
1549269900 0 0 0 0
1549269600 0 0 0 0
1549269300 0 0 0 0
1549269000 0 0 0 0
1549268700 0 0 0 0
1549268400 0 0 0 0
1549268100 0 0 0 0
1549267800 0 0 0 0
1549267500 0 0 0 0
1549267200 0 0 0 0
1549266900 0 0 0 0
1549266600 0 0 0 0
1549266300 0 0 0 0
1549266000 0 0 0 0
1549265700 0 0 0 0
1549265400 0 0 0 0
1549265100 0 0 0 0
1549264800 0 0 0 0
1549264500 0 0 0 0
1549264200 0 0 0 0
1549263900 0 0 0 0
1549263600 0 0 0 0
1549263300 0 0 0 0
1549263000 0 0 0 0
1549262700 0 0 0 0
1549262400 0 0 0 0
1549262100 0 0 0 0
1549261800 0 0 0 0
1549261500 0 0 0 0
1549261200 0 0 0 0
1549260900 0 0 0 0
1549260600 0 0 0 0
1549260300 0 0 0 0
1549260000 0 0 0 0
1549259700 0 0 0 0
1549259400 0 0 0 0
1549259100 0 0 0 0
1549258800 0 0 0 0
1549258500 0 0 0 0
1549258200 0 0 0 0
1549257900 0 0 0 0
1549257600 0 0 0 0
1549257300 0 0 0 0
1549257000 0 0 0 0
1549256700 0 0 0 0
1549256400 0 0 0 0
1549256100 0 0 0 0
1549255800 0 0 0 0
1549255500 0 0 0 0
1549255200 0 0 0 0
1549254900 0 0 0 0
1549254600 0 0 0 0
1549254300 0 0 0 0
1549254000 0 0 0 0
1549253700 0 0 0 0
1549253400 0 0 0 0
1549253100 0 0 0 0
1549252800 0 0 0 0
1549252500 0 0 0 0
1549252200 0 0 0 0
1549251900 0 0 0 0
1549251600 0 0 0 0
1549251300 0 0 0 0
1549251000 0 0 0 0
1549250700 0 0 0 0
1549250400 0 0 0 0
1549250100 0 0 0 0
1549249800 0 0 0 0
1549249500 0 0 0 0
1549249200 0 0 0 0
1549248900 0 0 0 0
1549248600 0 0 0 0
1549248300 0 0 0 0
1549248000 0 0 0 0
1549247700 0 0 0 0
1549247400 0 0 0 0
1549247100 0 0 0 0
1549246800 0 0 0 0
1549246500 0 0 0 0
1549246200 0 0 0 0
1549245900 0 0 0 0
1549245600 0 0 0 0
1549245300 0 0 0 0
1549245000 0 0 0 0
1549244700 0 0 0 0
1549244400 0 0 0 0
1549244100 0 0 0 0
1549243800 0 0 0 0
1549243500 0 0 0 0
1549243200 0 0 0 0
1549242900 0 0 0 0
1549242600 0 0 0 0
1549242300 0 0 0 0
1549242000 0 0 0 0
1549241700 0 0 0 0
1549241400 0 0 0 0
1549241100 0 0 0 0
1549240800 0 0 0 0
1549240500 0 0 0 0
1549240200 0 0 0 0
1549239900 0 0 0 0
1549239600 0 0 0 0
1549239300 0 0 0 0
1549239000 0 0 0 0
1549238700 0 0 0 0
1549238400 0 0 0 0
1549236600 0 0 0 0
1549234800 0 0 0 0
1549233000 0 0 0 0
1549231200 0 0 0 0
1549229400 0 0 0 0
1549227600 0 0 0 0
1549225800 0 0 0 0
1549224000 0 0 0 0
1549222200 0 0 0 0
1549220400 0 0 0 0
1549218600 0 0 0 0
1549216800 0 0 0 0
1549215000 0 0 0 0
1549213200 0 0 0 0
1549211400 0 0 0 0
1549209600 0 0 0 0
1549207800 0 0 0 0
1549206000 0 0 0 0
1549204200 0 0 0 0
1549202400 0 0 0 0
1549200600 0 0 0 0
1549198800 0 0 0 0
1549197000 0 0 0 0
1549195200 0 0 0 0
1549193400 0 0 0 0
1549191600 0 0 0 0
1549189800 0 0 0 0
1549188000 0 0 0 0
1549186200 0 0 0 0
1549184400 0 0 0 0
1549182600 0 0 0 0
1549180800 0 0 0 0
1549179000 0 0 0 0
1549177200 0 0 0 0
1549175400 0 0 0 0
1549173600 0 0 0 0
1549171800 0 0 0 0
1549170000 0 0 0 0
1549168200 0 0 0 0
1549166400 0 0 0 0
1549164600 0 0 0 0
1549162800 0 0 0 0
1549161000 0 0 0 0
1549159200 0 0 0 0
1549157400 0 0 0 0
1549155600 0 0 0 0
1549153800 0 0 0 0
1549152000 0 0 0 0
1549150200 0 0 0 0
1549148400 0 0 0 0
1549146600 0 0 0 0
1549144800 0 0 0 0
1549143000 0 0 0 0
1549141200 0 0 0 0
1549139400 0 0 0 0
1549137600 0 0 0 0
1549135800 0 0 0 0
1549134000 0 0 0 0
1549132200 0 0 0 0
1549130400 0 0 0 0
1549128600 0 0 0 0
1549126800 0 0 0 0
1549125000 0 0 0 0
1549123200 0 0 0 0
1549121400 0 0 0 0
1549119600 0 0 0 0
1549117800 0 0 0 0
1549116000 0 0 0 0
1549114200 0 0 0 0
1549112400 0 0 0 0
1549110600 0 0 0 0
1549108800 0 0 0 0
1549107000 0 0 0 0
1549105200 0 0 0 0
1549103400 0 0 0 0
1549101600 0 0 0 0
1549099800 0 0 0 0
1549098000 0 0 0 0
1549096200 0 0 0 0
1549094400 0 0 0 0
1549092600 0 0 0 0
1549090800 0 0 0 0
1549089000 0 0 0 0
1549087200 0 0 0 0
1549085400 0 0 0 0
1549083600 0 0 0 0
1549081800 0 0 0 0
1549080000 0 0 0 0
1549078200 0 0 0 0
1549076400 0 0 0 0
1549074600 0 0 0 0
1549072800 0 0 0 0
1549071000 0 0 0 0
1549069200 0 0 0 0
1549067400 0 0 0 0
1549065600 0 0 0 0
1549063800 0 0 0 0
1549062000 0 0 0 0
1549060200 0 0 0 0
1549058400 0 0 0 0
1549056600 0 0 0 0
1549054800 0 0 0 0
1549053000 0 0 0 0
1549051200 0 0 0 0
1549049400 0 0 0 0
1549047600 0 0 0 0
1549045800 0 0 0 0
1549044000 0 0 0 0
1549042200 0 0 0 0
1549040400 0 0 0 0
1549038600 0 0 0 0
1549036800 0 0 0 0
1549035000 0 0 0 0
1549033200 0 0 0 0
1549031400 0 0 0 0
1549029600 0 0 0 0
1549027800 0 0 0 0
1549026000 0 0 0 0
1549024200 0 0 0 0
1549022400 0 0 0 0
1549020600 0 0 0 0
1549018800 0 0 0 0
1549017000 0 0 0 0
1549015200 0 0 0 0
1549013400 0 0 0 0
1549011600 0 0 0 0
1549009800 0 0 0 0
1549008000 0 0 0 0
1549006200 0 0 0 0
1549004400 0 0 0 0
1549002600 0 0 0 0
1549000800 0 0 0 0
1548999000 0 0 0 0
1548997200 0 0 0 0
1548995400 0 0 0 0
1548993600 0 0 0 0
1548991800 0 0 0 0
1548990000 0 0 0 0
1548988200 0 0 0 0
1548986400 0 0 0 0
1548984600 0 0 0 0
1548982800 0 0 0 0
1548981000 0 0 0 0
1548979200 0 0 0 0
1548977400 0 0 0 0
1548975600 0 0 0 0
1548973800 0 0 0 0
1548972000 0 0 0 0
1548970200 0 0 0 0
1548968400 0 0 0 0
1548966600 0 0 0 0
1548964800 0 0 0 0
1548963000 0 0 0 0
1548961200 0 0 0 0
1548959400 0 0 0 0
1548957600 0 0 0 0
1548955800 0 0 0 0
1548954000 0 0 0 0
1548952200 0 0 0 0
1548950400 0 0 0 0
1548948600 0 0 0 0
1548946800 0 0 0 0
1548945000 0 0 0 0
1548943200 0 0 0 0
1548941400 0 0 0 0
1548939600 0 0 0 0
1548937800 0 0 0 0
1548936000 0 0 0 0
1548934200 0 0 0 0
1548932400 0 0 0 0
1548930600 0 0 0 0
1548928800 0 0 0 0
1548927000 0 0 0 0
1548925200 0 0 0 0
1548923400 0 0 0 0
1548921600 0 0 0 0
1548919800 0 0 0 0
1548918000 0 0 0 0
1548916200 0 0 0 0
1548914400 0 0 0 0
1548912600 0 0 0 0
1548910800 0 0 0 0
1548909000 0 0 0 0
1548907200 0 0 0 0
1548905400 0 0 0 0
1548903600 0 0 0 0
1548901800 0 0 0 0
1548900000 0 0 0 0
1548898200 0 0 0 0
1548896400 0 0 0 0
1548894600 0 0 0 0
1548892800 0 0 0 0
1548891000 0 0 0 0
1548889200 0 0 0 0
1548887400 0 0 0 0
1548885600 0 0 0 0
1548883800 0 0 0 0
1548882000 0 0 0 0
1548880200 0 0 0 0
1548878400 0 0 0 0
1548876600 0 0 0 0
1548874800 0 0 0 0
1548873000 0 0 0 0
1548871200 0 0 0 0
1548869400 0 0 0 0
1548867600 0 0 0 0
1548865800 0 0 0 0
1548864000 0 0 0 0
1548862200 0 0 0 0
1548860400 0 0 0 0
1548858600 0 0 0 0
1548856800 0 0 0 0
1548855000 0 0 0 0
1548853200 0 0 0 0
1548851400 0 0 0 0
1548849600 0 0 0 0
1548847800 0 0 0 0
1548846000 0 0 0 0
1548844200 0 0 0 0
1548842400 0 0 0 0
1548840600 0 0 0 0
1548838800 0 0 0 0
1548837000 0 0 0 0
1548835200 0 0 0 0
1548833400 0 0 0 0
1548831600 0 0 0 0
1548829800 0 0 0 0
1548828000 0 0 0 0
1548826200 0 0 0 0
1548824400 0 0 0 0
1548822600 0 0 0 0
1548820800 0 0 0 0
1548819000 0 0 0 0
1548817200 0 0 0 0
1548815400 0 0 0 0
1548813600 0 0 0 0
1548811800 0 0 0 0
1548810000 0 0 0 0
1548808200 0 0 0 0
1548806400 0 0 0 0
1548804600 0 0 0 0
1548802800 0 0 0 0
1548801000 0 0 0 0
1548799200 0 0 0 0
1548797400 0 0 0 0
1548795600 0 0 0 0
1548793800 0 0 0 0
1548792000 0 0 0 0
1548790200 0 0 0 0
1548788400 0 0 0 0
1548786600 0 0 0 0
1548784800 0 0 0 0
1548783000 0 0 0 0
1548781200 0 0 0 0
1548779400 0 0 0 0
1548777600 0 0 0 0
1548775800 0 0 0 0
1548774000 0 0 0 0
1548772200 0 0 0 0
1548770400 0 0 0 0
1548768600 0 0 0 0
1548766800 0 0 0 0
1548765000 0 0 0 0
1548763200 0 0 0 0
1548761400 0 0 0 0
1548759600 0 0 0 0
1548757800 0 0 0 0
1548756000 0 0 0 0
1548754200 0 0 0 0
1548752400 0 0 0 0
1548750600 0 0 0 0
1548748800 0 0 0 0
1548747000 0 0 0 0
1548745200 0 0 0 0
1548743400 0 0 0 0
1548741600 0 0 0 0
1548739800 0 0 0 0
1548738000 0 0 0 0
1548736200 0 0 0 0
1548734400 0 0 0 0
1548732600 0 0 0 0
1548730800 0 0 0 0
1548729000 0 0 0 0
1548727200 0 0 0 0
1548725400 0 0 0 0
1548723600 0 0 0 0
1548721800 0 0 0 0
1548720000 0 0 0 0
1548718200 0 0 0 0
1548716400 0 0 0 0
1548714600 0 0 0 0
1548712800 0 0 0 0
1548711000 0 0 0 0
1548709200 0 0 0 0
1548707400 0 0 0 0
1548705600 0 0 0 0
1548703800 0 0 0 0
1548702000 0 0 0 0
1548700200 0 0 0 0
1548698400 0 0 0 0
1548696600 0 0 0 0
1548694800 0 0 0 0
1548693000 0 0 0 0
1548691200 0 0 0 0
1548689400 0 0 0 0
1548687600 0 0 0 0
1548685800 0 0 0 0
1548684000 0 0 0 0
1548682200 0 0 0 0
1548680400 0 0 0 0
1548678600 0 0 0 0
1548676800 0 0 0 0
1548675000 0 0 0 0
1548673200 0 0 0 0
1548671400 0 0 0 0
1548669600 0 0 0 0
1548667800 0 0 0 0
1548666000 0 0 0 0
1548664200 0 0 0 0
1548662400 0 0 0 0
1548660600 0 0 0 0
1548658800 0 0 0 0
1548657000 0 0 0 0
1548655200 0 0 0 0
1548653400 0 0 0 0
1548651600 0 0 0 0
1548649800 0 0 0 0
1548648000 0 0 0 0
1548646200 0 0 0 0
1548644400 0 0 0 0
1548642600 0 0 0 0
1548640800 0 0 0 0
1548639000 0 0 0 0
1548637200 0 0 0 0
1548635400 0 0 0 0
1548633600 0 0 0 0
1548631800 0 0 0 0
1548630000 0 0 0 0
1548628200 0 0 0 0
1548626400 0 0 0 0
1548624600 0 0 0 0
1548622800 0 0 0 0
1548621000 0 0 0 0
1548619200 0 0 0 0
1548617400 0 0 0 0
1548615600 0 0 0 0
1548613800 0 0 0 0
1548612000 0 0 0 0
1548610200 0 0 0 0
1548608400 0 0 0 0
1548606600 0 0 0 0
1548604800 0 0 0 0
1548603000 0 0 0 0
1548601200 0 0 0 0
1548599400 0 0 0 0
1548597600 0 0 0 0
1548595800 0 0 0 0
1548594000 0 0 0 0
1548592200 0 0 0 0
1548590400 0 0 0 0
1548588600 0 0 0 0
1548586800 0 0 0 0
1548585000 0 0 0 0
1548583200 0 0 0 0
1548581400 0 0 0 0
1548579600 0 0 0 0
1548577800 0 0 0 0
1548576000 0 0 0 0
1548574200 0 0 0 0
1548572400 0 0 0 0
1548570600 0 0 0 0
1548568800 0 0 0 0
1548567000 0 0 0 0
1548565200 0 0 0 0
1548563400 0 0 0 0
1548561600 0 0 0 0
1548559800 0 0 0 0
1548558000 0 0 0 0
1548556200 0 0 0 0
1548554400 0 0 0 0
1548552600 0 0 0 0
1548550800 0 0 0 0
1548549000 0 0 0 0
1548547200 0 0 0 0
1548545400 0 0 0 0
1548543600 0 0 0 0
1548541800 0 0 0 0
1548540000 0 0 0 0
1548538200 0 0 0 0
1548536400 0 0 0 0
1548534600 0 0 0 0
1548532800 0 0 0 0
1548531000 0 0 0 0
1548529200 0 0 0 0
1548527400 0 0 0 0
1548525600 0 0 0 0
1548523800 0 0 0 0
1548522000 0 0 0 0
1548520200 0 0 0 0
1548518400 0 0 0 0
1548516600 0 0 0 0
1548514800 0 0 0 0
1548513000 0 0 0 0
1548511200 0 0 0 0
1548509400 0 0 0 0
1548507600 0 0 0 0
1548505800 0 0 0 0
1548504000 0 0 0 0
1548502200 0 0 0 0
1548500400 0 0 0 0
1548498600 0 0 0 0
1548496800 0 0 0 0
1548495000 0 0 0 0
1548493200 0 0 0 0
1548491400 0 0 0 0
1548489600 0 0 0 0
1548487800 0 0 0 0
1548486000 0 0 0 0
1548484200 0 0 0 0
1548482400 0 0 0 0
1548480600 0 0 0 0
1548478800 0 0 0 0
1548477000 0 0 0 0
1548475200 0 0 0 0
1548473400 0 0 0 0
1548471600 0 0 0 0
1548469800 0 0 0 0
1548468000 0 0 0 0
1548466200 0 0 0 0
1548464400 0 0 0 0
1548462600 0 0 0 0
1548460800 0 0 0 0
1548459000 0 0 0 0
1548457200 0 0 0 0
1548455400 0 0 0 0
1548453600 0 0 0 0
1548451800 0 0 0 0
1548450000 0 0 0 0
1548448200 0 0 0 0
1548446400 0 0 0 0
1548444600 0 0 0 0
1548442800 0 0 0 0
1548441000 0 0 0 0
1548439200 0 0 0 0
1548437400 0 0 0 0
1548435600 0 0 0 0
1548433800 0 0 0 0
1548432000 0 0 0 0
1548430200 0 0 0 0
1548428400 0 0 0 0
1548426600 0 0 0 0
1548424800 0 0 0 0
1548423000 0 0 0 0
1548421200 0 0 0 0
1548419400 0 0 0 0
1548417600 0 0 0 0
1548415800 0 0 0 0
1548414000 0 0 0 0
1548412200 0 0 0 0
1548410400 0 0 0 0
1548408600 0 0 0 0
1548406800 0 0 0 0
1548405000 0 0 0 0
1548403200 0 0 0 0
1548401400 0 0 0 0
1548399600 0 0 0 0
1548397800 0 0 0 0
1548396000 0 0 0 0
1548394200 0 0 0 0
1548392400 0 0 0 0
1548390600 0 0 0 0
1548388800 0 0 0 0
1548387000 0 0 0 0
1548385200 0 0 0 0
1548383400 0 0 0 0
1548381600 0 0 0 0
1548379800 0 0 0 0
1548378000 0 0 0 0
1548376200 0 0 0 0
1548374400 0 0 0 0
1548372600 0 0 0 0
1548370800 0 0 0 0
1548369000 0 0 0 0
1548367200 0 0 0 0
1548365400 0 0 0 0
1548363600 0 0 0 0
1548361800 0 0 0 0
1548360000 0 0 0 0
1548358200 0 0 0 0
1548356400 0 0 0 0
1548354600 0 0 0 0
1548352800 0 0 0 0
1548351000 0 0 0 0
1548349200 0 0 0 0
1548347400 0 0 0 0
1548345600 0 0 0 0
1548343800 0 0 0 0
1548342000 0 0 0 0
1548340200 0 0 0 0
1548338400 0 0 0 0
1548336600 0 0 0 0
1548334800 0 0 0 0
1548333000 0 0 0 0
1548331200 0 0 0 0
1548329400 0 0 0 0
1548327600 0 0 0 0
1548325800 0 0 0 0
1548324000 0 0 0 0
1548322200 0 0 0 0
1548320400 0 0 0 0
1548318600 0 0 0 0
1548316800 0 0 0 0
1548315000 0 0 0 0
1548313200 0 0 0 0
1548311400 0 0 0 0
1548309600 0 0 0 0
1548307800 0 0 0 0
1548306000 0 0 0 0
1548304200 0 0 0 0
1548302400 0 0 0 0
1548300600 0 0 0 0
1548298800 0 0 0 0
1548297000 0 0 0 0
1548295200 0 0 0 0
1548293400 0 0 0 0
1548291600 0 0 0 0
1548289800 0 0 0 0
1548288000 0 0 0 0
1548286200 0 0 0 0
1548284400 0 0 0 0
1548282600 0 0 0 0
1548280800 0 0 0 0
1548279000 0 0 0 0
1548277200 0 0 0 0
1548275400 0 0 0 0
1548273600 0 0 0 0
1548271800 0 0 0 0
1548270000 0 0 0 0
1548268200 0 0 0 0
1548266400 0 0 0 0
1548264600 0 0 0 0
1548262800 0 0 0 0
1548261000 0 0 0 0
1548259200 0 0 0 0
1548257400 0 0 0 0
1548255600 0 0 0 0
1548253800 0 0 0 0
1548252000 0 0 0 0
1548250200 0 0 0 0
1548248400 0 0 0 0
1548246600 0 0 0 0
1548244800 0 0 0 0
1548243000 0 0 0 0
1548241200 0 0 0 0
1548239400 0 0 0 0
1548237600 0 0 0 0
1548235800 0 0 0 0
1548234000 0 0 0 0
1548232200 0 0 0 0
1548230400 0 0 0 0
1548228600 0 0 0 0
1548226800 0 0 0 0
1548225000 0 0 0 0
1548223200 0 0 0 0
1548221400 0 0 0 0
1548219600 0 0 0 0
1548217800 0 0 0 0
1548216000 0 0 0 0
1548214200 0 0 0 0
1548212400 0 0 0 0
1548210600 0 0 0 0
1548208800 0 0 0 0
1548207000 0 0 0 0
1548205200 0 0 0 0
1548203400 0 0 0 0
1548201600 0 0 0 0
1548199800 0 0 0 0
1548198000 0 0 0 0
1548196200 0 0 0 0
1548194400 0 0 0 0
1548192600 0 0 0 0
1548190800 0 0 0 0
1548189000 0 0 0 0
1548187200 0 0 0 0
1548185400 0 0 0 0
1548183600 0 0 0 0
1548181800 0 0 0 0
1548180000 0 0 0 0
1548178200 0 0 0 0
1548176400 0 0 0 0
1548174600 0 0 0 0
1548172800 0 0 0 0
1548171000 0 0 0 0
1548169200 0 0 0 0
1548167400 0 0 0 0
1548165600 0 0 0 0
1548163800 0 0 0 0
1548162000 0 0 0 0
1548160200 0 0 0 0
1548158400 0 0 0 0
1548151200 0 0 0 0
1548144000 0 0 0 0
1548136800 0 0 0 0
1548129600 0 0 0 0
1548122400 0 0 0 0
1548115200 0 0 0 0
1548108000 0 0 0 0
1548100800 0 0 0 0
1548093600 0 0 0 0
1548086400 0 0 0 0
1548079200 0 0 0 0
1548072000 0 0 0 0
1548064800 0 0 0 0
1548057600 0 0 0 0
1548050400 0 0 0 0
1548043200 0 0 0 0
1548036000 0 0 0 0
1548028800 0 0 0 0
1548021600 0 0 0 0
1548014400 0 0 0 0
1548007200 0 0 0 0
1548000000 0 0 0 0
1547992800 0 0 0 0
1547985600 0 0 0 0
1547978400 0 0 0 0
1547971200 0 0 0 0
1547964000 0 0 0 0
1547956800 0 0 0 0
1547949600 0 0 0 0
1547942400 0 0 0 0
1547935200 0 0 0 0
1547928000 0 0 0 0
1547920800 0 0 0 0
1547913600 0 0 0 0
1547906400 0 0 0 0
1547899200 0 0 0 0
1547892000 0 0 0 0
1547884800 0 0 0 0
1547877600 0 0 0 0
1547870400 0 0 0 0
1547863200 0 0 0 0
1547856000 0 0 0 0
1547848800 0 0 0 0
1547841600 0 0 0 0
1547834400 0 0 0 0
1547827200 0 0 0 0
1547820000 0 0 0 0
1547812800 0 0 0 0
1547805600 0 0 0 0
1547798400 0 0 0 0
1547791200 0 0 0 0
1547784000 0 0 0 0
1547776800 0 0 0 0
1547769600 0 0 0 0
1547762400 0 0 0 0
1547755200 0 0 0 0
1547748000 0 0 0 0
1547740800 0 0 0 0
1547733600 0 0 0 0
1547726400 0 0 0 0
1547719200 0 0 0 0
1547712000 0 0 0 0
1547704800 0 0 0 0
1547697600 0 0 0 0
1547690400 0 0 0 0
1547683200 0 0 0 0
1547676000 0 0 0 0
1547668800 0 0 0 0
1547661600 0 0 0 0
1547654400 0 0 0 0
1547647200 0 0 0 0
1547640000 0 0 0 0
1547632800 0 0 0 0
1547625600 0 0 0 0
1547618400 0 0 0 0
1547611200 0 0 0 0
1547604000 0 0 0 0
1547596800 0 0 0 0
1547589600 0 0 0 0
1547582400 0 0 0 0
1547575200 0 0 0 0
1547568000 0 0 0 0
1547560800 0 0 0 0
1547553600 0 0 0 0
1547546400 0 0 0 0
1547539200 0 0 0 0
1547532000 0 0 0 0
1547524800 0 0 0 0
1547517600 0 0 0 0
1547510400 0 0 0 0
1547503200 0 0 0 0
1547496000 0 0 0 0
1547488800 0 0 0 0
1547481600 0 0 0 0
1547474400 0 0 0 0
1547467200 0 0 0 0
1547460000 0 0 0 0
1547452800 0 0 0 0
1547445600 0 0 0 0
1547438400 0 0 0 0
1547431200 0 0 0 0
1547424000 0 0 0 0
1547416800 0 0 0 0
1547409600 0 0 0 0
1547402400 0 0 0 0
1547395200 0 0 0 0
1547388000 0 0 0 0
1547380800 0 0 0 0
1547373600 0 0 0 0
1547366400 0 0 0 0
1547359200 0 0 0 0
1547352000 0 0 0 0
1547344800 0 0 0 0
1547337600 0 0 0 0
1547330400 0 0 0 0
1547323200 0 0 0 0
1547316000 0 0 0 0
1547308800 0 0 0 0
1547301600 0 0 0 0
1547294400 0 0 0 0
1547287200 0 0 0 0
1547280000 0 0 0 0
1547272800 0 0 0 0
1547265600 0 0 0 0
1547258400 0 0 0 0
1547251200 0 0 0 0
1547244000 0 0 0 0
1547236800 0 0 0 0
1547229600 0 0 0 0
1547222400 0 0 0 0
1547215200 0 0 0 0
1547208000 0 0 0 0
1547200800 0 0 0 0
1547193600 0 0 0 0
1547186400 0 0 0 0
1547179200 0 0 0 0
1547172000 0 0 0 0
1547164800 0 0 0 0
1547157600 0 0 0 0
1547150400 0 0 0 0
1547143200 0 0 0 0
1547136000 0 0 0 0
1547128800 0 0 0 0
1547121600 0 0 0 0
1547114400 0 0 0 0
1547107200 0 0 0 0
1547100000 0 0 0 0
1547092800 0 0 0 0
1547085600 0 0 0 0
1547078400 0 0 0 0
1547071200 0 0 0 0
1547064000 0 0 0 0
1547056800 0 0 0 0
1547049600 0 0 0 0
1547042400 0 0 0 0
1547035200 0 0 0 0
1547028000 0 0 0 0
1547020800 0 0 0 0
1547013600 0 0 0 0
1547006400 0 0 0 0
1546999200 0 0 0 0
1546992000 0 0 0 0
1546984800 0 0 0 0
1546977600 0 0 0 0
1546970400 0 0 0 0
1546963200 0 0 0 0
1546956000 0 0 0 0
1546948800 0 0 0 0
1546941600 0 0 0 0
1546934400 0 0 0 0
1546927200 0 0 0 0
1546920000 0 0 0 0
1546912800 0 0 0 0
1546905600 0 0 0 0
1546898400 0 0 0 0
1546891200 0 0 0 0
1546884000 0 0 0 0
1546876800 0 0 0 0
1546869600 0 0 0 0
1546862400 0 0 0 0
1546855200 0 0 0 0
1546848000 0 0 0 0
1546840800 0 0 0 0
1546833600 0 0 0 0
1546826400 0 0 0 0
1546819200 0 0 0 0
1546812000 0 0 0 0
1546804800 0 0 0 0
1546797600 0 0 0 0
1546790400 0 0 0 0
1546783200 0 0 0 0
1546776000 0 0 0 0
1546768800 0 0 0 0
1546761600 0 0 0 0
1546754400 0 0 0 0
1546747200 0 0 0 0
1546740000 0 0 0 0
1546732800 0 0 0 0
1546725600 0 0 0 0
1546718400 0 0 0 0
1546711200 0 0 0 0
1546704000 0 0 0 0
1546696800 0 0 0 0
1546689600 0 0 0 0
1546682400 0 0 0 0
1546675200 0 0 0 0
1546668000 0 0 0 0
1546660800 0 0 0 0
1546653600 0 0 0 0
1546646400 0 0 0 0
1546639200 0 0 0 0
1546632000 0 0 0 0
1546624800 0 0 0 0
1546617600 0 0 0 0
1546610400 0 0 0 0
1546603200 0 0 0 0
1546596000 0 0 0 0
1546588800 0 0 0 0
1546581600 0 0 0 0
1546574400 0 0 0 0
1546567200 0 0 0 0
1546560000 0 0 0 0
1546552800 0 0 0 0
1546545600 0 0 0 0
1546538400 0 0 0 0
1546531200 0 0 0 0
1546524000 0 0 0 0
1546516800 0 0 0 0
1546509600 0 0 0 0
1546502400 0 0 0 0
1546495200 0 0 0 0
1546488000 0 0 0 0
1546480800 0 0 0 0
1546473600 0 0 0 0
1546466400 0 0 0 0
1546459200 0 0 0 0
1546452000 0 0 0 0
1546444800 0 0 0 0
1546437600 0 0 0 0
1546430400 0 0 0 0
1546423200 0 0 0 0
1546416000 0 0 0 0
1546408800 0 0 0 0
1546401600 0 0 0 0
1546394400 0 0 0 0
1546387200 0 0 0 0
1546380000 0 0 0 0
1546372800 0 0 0 0
1546365600 0 0 0 0
1546358400 0 0 0 0
1546351200 0 0 0 0
1546344000 0 0 0 0
1546336800 0 0 0 0
1546329600 0 0 0 0
1546322400 0 0 0 0
1546315200 0 0 0 0
1546308000 0 0 0 0
1546300800 0 0 0 0
1546293600 0 0 0 0
1546286400 0 0 0 0
1546279200 0 0 0 0
1546272000 0 0 0 0
1546264800 0 0 0 0
1546257600 0 0 0 0
1546250400 0 0 0 0
1546243200 0 0 0 0
1546236000 0 0 0 0
1546228800 0 0 0 0
1546221600 0 0 0 0
1546214400 0 0 0 0
1546207200 0 0 0 0
1546200000 0 0 0 0
1546192800 0 0 0 0
1546185600 0 0 0 0
1546178400 0 0 0 0
1546171200 0 0 0 0
1546164000 0 0 0 0
1546156800 0 0 0 0
1546149600 0 0 0 0
1546142400 0 0 0 0
1546135200 0 0 0 0
1546128000 0 0 0 0
1546120800 0 0 0 0
1546113600 0 0 0 0
1546106400 0 0 0 0
1546099200 0 0 0 0
1546092000 0 0 0 0
1546084800 0 0 0 0
1546077600 0 0 0 0
1546070400 0 0 0 0
1546063200 0 0 0 0
1546056000 0 0 0 0
1546048800 0 0 0 0
1546041600 0 0 0 0
1546034400 0 0 0 0
1546027200 0 0 0 0
1546020000 0 0 0 0
1546012800 0 0 0 0
1546005600 0 0 0 0
1545998400 0 0 0 0
1545991200 0 0 0 0
1545984000 0 0 0 0
1545976800 0 0 0 0
1545969600 0 0 0 0
1545962400 0 0 0 0
1545955200 0 0 0 0
1545948000 0 0 0 0
1545940800 0 0 0 0
1545933600 0 0 0 0
1545926400 0 0 0 0
1545919200 0 0 0 0
1545912000 0 0 0 0
1545904800 0 0 0 0
1545897600 0 0 0 0
1545890400 0 0 0 0
1545883200 0 0 0 0
1545876000 0 0 0 0
1545868800 0 0 0 0
1545861600 0 0 0 0
1545854400 0 0 0 0
1545847200 0 0 0 0
1545840000 0 0 0 0
1545832800 0 0 0 0
1545825600 0 0 0 0
1545818400 0 0 0 0
1545811200 0 0 0 0
1545804000 0 0 0 0
1545796800 0 0 0 0
1545789600 0 0 0 0
1545782400 0 0 0 0
1545775200 0 0 0 0
1545768000 0 0 0 0
1545760800 0 0 0 0
1545753600 0 0 0 0
1545746400 0 0 0 0
1545739200 0 0 0 0
1545732000 0 0 0 0
1545724800 0 0 0 0
1545717600 0 0 0 0
1545710400 0 0 0 0
1545703200 0 0 0 0
1545696000 0 0 0 0
1545688800 0 0 0 0
1545681600 0 0 0 0
1545674400 0 0 0 0
1545667200 0 0 0 0
1545660000 0 0 0 0
1545652800 0 0 0 0
1545645600 0 0 0 0
1545638400 0 0 0 0
1545631200 0 0 0 0
1545624000 0 0 0 0
1545616800 0 0 0 0
1545609600 0 0 0 0
1545602400 0 0 0 0
1545595200 0 0 0 0
1545588000 0 0 0 0
1545580800 0 0 0 0
1545573600 0 0 0 0
1545566400 0 0 0 0
1545559200 0 0 0 0
1545552000 0 0 0 0
1545544800 0 0 0 0
1545537600 0 0 0 0
1545530400 0 0 0 0
1545523200 0 0 0 0
1545516000 0 0 0 0
1545508800 0 0 0 0
1545501600 0 0 0 0
1545494400 0 0 0 0
1545487200 0 0 0 0
1545480000 0 0 0 0
1545472800 0 0 0 0
1545465600 0 0 0 0
1545458400 0 0 0 0
1545451200 0 0 0 0
1545444000 0 0 0 0
1545436800 0 0 0 0
1545429600 0 0 0 0
1545422400 0 0 0 0
1545415200 0 0 0 0
1545408000 0 0 0 0
1545400800 0 0 0 0
1545393600 0 0 0 0
1545386400 0 0 0 0
1545379200 0 0 0 0
1545372000 0 0 0 0
1545364800 0 0 0 0
1545357600 0 0 0 0
1545350400 0 0 0 0
1545343200 0 0 0 0
1545336000 0 0 0 0
1545328800 0 0 0 0
1545321600 0 0 0 0
1545314400 0 0 0 0
1545307200 0 0 0 0
1545300000 0 0 0 0
1545292800 0 0 0 0
1545285600 0 0 0 0
1545278400 0 0 0 0
1545271200 0 0 0 0
1545264000 0 0 0 0
1545256800 0 0 0 0
1545249600 0 0 0 0
1545242400 0 0 0 0
1545235200 0 0 0 0
1545228000 0 0 0 0
1545220800 0 0 0 0
1545213600 0 0 0 0
1545206400 0 0 0 0
1545199200 0 0 0 0
1545192000 0 0 0 0
1545184800 0 0 0 0
1545177600 0 0 0 0
1545170400 0 0 0 0
1545163200 0 0 0 0
1545156000 0 0 0 0
1545148800 0 0 0 0
1545141600 0 0 0 0
1545134400 0 0 0 0
1545127200 0 0 0 0
1545120000 0 0 0 0
1545112800 0 0 0 0
1545105600 0 0 0 0
1545098400 0 0 0 0
1545091200 0 0 0 0
1545084000 0 0 0 0
1545076800 0 0 0 0
1545069600 0 0 0 0
1545062400 0 0 0 0
1545055200 0 0 0 0
1545048000 0 0 0 0
1545040800 0 0 0 0
1545033600 0 0 0 0
1545026400 0 0 0 0
1545019200 0 0 0 0
1545012000 0 0 0 0
1545004800 0 0 0 0
1544997600 0 0 0 0
1544990400 0 0 0 0
1544983200 0 0 0 0
1544976000 0 0 0 0
1544968800 0 0 0 0
1544961600 0 0 0 0
1544954400 0 0 0 0
1544947200 0 0 0 0
1544940000 0 0 0 0
1544932800 0 0 0 0
1544925600 0 0 0 0
1544918400 0 0 0 0
1544911200 0 0 0 0
1544904000 0 0 0 0
1544896800 0 0 0 0
1544889600 0 0 0 0
1544882400 0 0 0 0
1544875200 0 0 0 0
1544868000 0 0 0 0
1544860800 0 0 0 0
1544853600 0 0 0 0
1544846400 0 0 0 0
1544839200 0 0 0 0
1544832000 0 0 0 0
1544824800 0 0 0 0
1544817600 0 0 0 0
1544810400 0 0 0 0
1544803200 0 0 0 0
1544796000 0 0 0 0
1544788800 0 0 0 0
1544781600 0 0 0 0
1544774400 0 0 0 0
1544767200 0 0 0 0
1544760000 0 0 0 0
1544752800 0 0 0 0
1544745600 0 0 0 0
1544738400 0 0 0 0
1544731200 0 0 0 0
1544724000 0 0 0 0
1544716800 0 0 0 0
1544709600 0 0 0 0
1544702400 0 0 0 0
1544695200 0 0 0 0
1544688000 0 0 0 0
1544680800 0 0 0 0
1544673600 0 0 0 0
1544666400 0 0 0 0
1544659200 0 0 0 0
1544652000 0 0 0 0
1544644800 0 0 0 0
1544637600 0 0 0 0
1544630400 0 0 0 0
1544623200 0 0 0 0
1544616000 0 0 0 0
1544608800 0 0 0 0
1544601600 0 0 0 0
1544594400 0 0 0 0
1544587200 0 0 0 0
1544580000 0 0 0 0
1544572800 0 0 0 0
1544565600 0 0 0 0
1544558400 0 0 0 0
1544551200 0 0 0 0
1544544000 0 0 0 0
1544536800 0 0 0 0
1544529600 0 0 0 0
1544522400 0 0 0 0
1544515200 0 0 0 0
1544508000 0 0 0 0
1544500800 0 0 0 0
1544493600 0 0 0 0
1544486400 0 0 0 0
1544479200 0 0 0 0
1544472000 0 0 0 0
1544464800 0 0 0 0
1544457600 0 0 0 0
1544450400 0 0 0 0
1544443200 0 0 0 0
1544436000 0 0 0 0
1544428800 0 0 0 0
1544421600 0 0 0 0
1544414400 0 0 0 0
1544407200 0 0 0 0
1544400000 0 0 0 0
1544392800 0 0 0 0
1544385600 0 0 0 0
1544378400 0 0 0 0
1544371200 0 0 0 0
1544364000 0 0 0 0
1544356800 0 0 0 0
1544349600 0 0 0 0
1544342400 0 0 0 0
1544335200 0 0 0 0
1544328000 0 0 0 0
1544320800 0 0 0 0
1544313600 0 0 0 0
1544306400 0 0 0 0
1544299200 0 0 0 0
1544292000 0 0 0 0
1544284800 0 0 0 0
1544277600 0 0 0 0
1544270400 0 0 0 0
1544263200 0 0 0 0
1544256000 0 0 0 0
1544248800 0 0 0 0
1544241600 0 0 0 0
1544234400 0 0 0 0
1544227200 0 0 0 0
1544220000 0 0 0 0
1544212800 0 0 0 0
1544205600 0 0 0 0
1544198400 0 0 0 0
1544191200 0 0 0 0
1544184000 0 0 0 0
1544176800 0 0 0 0
1544169600 0 0 0 0
1544162400 0 0 0 0
1544155200 0 0 0 0
1544148000 0 0 0 0
1544140800 0 0 0 0
1544133600 0 0 0 0
1544126400 0 0 0 0
1544119200 0 0 0 0
1544112000 0 0 0 0
1544104800 0 0 0 0
1544097600 0 0 0 0
1544090400 0 0 0 0
1544083200 0 0 0 0
1544076000 0 0 0 0
1544068800 0 0 0 0
1544061600 0 0 0 0
1544054400 0 0 0 0
1544047200 0 0 0 0
1544040000 0 0 0 0
1544032800 0 0 0 0
1544025600 0 0 0 0
1544018400 0 0 0 0
1544011200 0 0 0 0
1544004000 0 0 0 0
1543996800 0 0 0 0
1543989600 0 0 0 0
1543982400 0 0 0 0
1543975200 0 0 0 0
1543968000 0 0 0 0
1543960800 0 0 0 0
1543953600 0 0 0 0
1543946400 0 0 0 0
1543939200 0 0 0 0
1543932000 0 0 0 0
1543924800 0 0 0 0
1543917600 0 0 0 0
1543910400 0 0 0 0
1543903200 0 0 0 0
1543896000 0 0 0 0
1543888800 0 0 0 0
1543881600 0 0 0 0
1543874400 0 0 0 0
1543867200 0 0 0 0
1543860000 0 0 0 0
1543852800 0 0 0 0
1543845600 0 0 0 0
1543838400 0 0 0 0
1543795200 0 0 0 0
1543708800 0 0 0 0
1543622400 0 0 0 0
1543536000 0 0 0 0
1543449600 0 0 0 0
1543363200 0 0 0 0
1543276800 0 0 0 0
1543190400 0 0 0 0
1543104000 0 0 0 0
1543017600 0 0 0 0
1542931200 0 0 0 0
1542844800 0 0 0 0
1542758400 0 0 0 0
1542672000 0 0 0 0
1542585600 0 0 0 0
1542499200 0 0 0 0
1542412800 0 0 0 0
1542326400 0 0 0 0
1542240000 0 0 0 0
1542153600 0 0 0 0
1542067200 0 0 0 0
1541980800 0 0 0 0
1541894400 0 0 0 0
1541808000 0 0 0 0
1541721600 0 0 0 0
1541635200 0 0 0 0
1541548800 0 0 0 0
1541462400 0 0 0 0
1541376000 0 0 0 0
1541289600 0 0 0 0
1541203200 0 0 0 0
1541116800 0 0 0 0
1541030400 0 0 0 0
1540944000 0 0 0 0
1540857600 0 0 0 0
1540771200 0 0 0 0
1540684800 0 0 0 0
1540598400 0 0 0 0
1540512000 0 0 0 0
1540425600 0 0 0 0
1540339200 0 0 0 0
1540252800 0 0 0 0
1540166400 0 0 0 0
1540080000 0 0 0 0
1539993600 0 0 0 0
1539907200 0 0 0 0
1539820800 0 0 0 0
1539734400 0 0 0 0
1539648000 0 0 0 0
1539561600 0 0 0 0
1539475200 0 0 0 0
1539388800 0 0 0 0
1539302400 0 0 0 0
1539216000 0 0 0 0
1539129600 0 0 0 0
1539043200 0 0 0 0
1538956800 0 0 0 0
1538870400 0 0 0 0
1538784000 0 0 0 0
1538697600 0 0 0 0
1538611200 0 0 0 0
1538524800 0 0 0 0
1538438400 0 0 0 0
1538352000 0 0 0 0
1538265600 0 0 0 0
1538179200 0 0 0 0
1538092800 0 0 0 0
1538006400 0 0 0 0
1537920000 0 0 0 0
1537833600 0 0 0 0
1537747200 0 0 0 0
1537660800 0 0 0 0
1537574400 0 0 0 0
1537488000 0 0 0 0
1537401600 0 0 0 0
1537315200 0 0 0 0
1537228800 0 0 0 0
1537142400 0 0 0 0
1537056000 0 0 0 0
1536969600 0 0 0 0
1536883200 0 0 0 0
1536796800 0 0 0 0
1536710400 0 0 0 0
1536624000 0 0 0 0
1536537600 0 0 0 0
1536451200 0 0 0 0
1536364800 0 0 0 0
1536278400 0 0 0 0
1536192000 0 0 0 0
1536105600 0 0 0 0
1536019200 0 0 0 0
1535932800 0 0 0 0
1535846400 0 0 0 0
1535760000 0 0 0 0
1535673600 0 0 0 0
1535587200 0 0 0 0
1535500800 0 0 0 0
1535414400 0 0 0 0
1535328000 0 0 0 0
1535241600 0 0 0 0
1535155200 0 0 0 0
1535068800 0 0 0 0
1534982400 0 0 0 0
1534896000 0 0 0 0
1534809600 0 0 0 0
1534723200 0 0 0 0
1534636800 0 0 0 0
1534550400 0 0 0 0
1534464000 0 0 0 0
1534377600 0 0 0 0
1534291200 0 0 0 0
1534204800 0 0 0 0
1534118400 0 0 0 0
1534032000 0 0 0 0
1533945600 0 0 0 0
1533859200 0 0 0 0
1533772800 0 0 0 0
1533686400 0 0 0 0
1533600000 0 0 0 0
1533513600 0 0 0 0
1533427200 0 0 0 0
1533340800 0 0 0 0
1533254400 0 0 0 0
1533168000 0 0 0 0
1533081600 0 0 0 0
1532995200 0 0 0 0
1532908800 0 0 0 0
1532822400 0 0 0 0
1532736000 0 0 0 0
1532649600 0 0 0 0
1532563200 0 0 0 0
1532476800 0 0 0 0
1532390400 0 0 0 0
1532304000 0 0 0 0
1532217600 0 0 0 0
1532131200 0 0 0 0
1532044800 0 0 0 0
1531958400 0 0 0 0
1531872000 0 0 0 0
1531785600 0 0 0 0
1531699200 0 0 0 0
1531612800 0 0 0 0
1531526400 0 0 0 0
1531440000 0 0 0 0
1531353600 0 0 0 0
1531267200 0 0 0 0
1531180800 0 0 0 0
1531094400 0 0 0 0
1531008000 0 0 0 0
1530921600 0 0 0 0
1530835200 49708 49708 15449243 15449327
1530748800 0 0 0 0
1530662400 0 0 0 0
1530576000 0 0 0 0
1530489600 0 0 0 0
1530403200 0 0 0 0
1530316800 0 0 0 0
1530230400 0 0 0 0
1530144000 0 0 0 0
1530057600 0 0 0 0
1529971200 0 0 0 0
1529884800 0 0 0 0
1529798400 0 0 0 0
1529712000 0 0 0 0
1529625600 0 0 0 0
1529539200 0 0 0 0
1529452800 0 0 0 0
1529366400 0 0 0 0
1529280000 0 0 0 0
1529193600 0 0 0 0
1529107200 0 0 0 0
1529020800 0 0 0 0
1528934400 0 0 0 0
1528848000 0 0 0 0
1528761600 0 0 0 0
1528675200 0 0 0 0
1528588800 0 0 0 0
1528502400 0 0 0 0
1528416000 0 0 0 0
1528329600 0 0 0 0
1528243200 0 0 0 0
1528156800 0 0 0 0
1528070400 0 0 0 0
1527984000 0 0 0 0
1527897600 0 0 0 0
1527811200 0 0 0 0
1527724800 0 0 0 0
1527638400 0 0 0 0
1527552000 0 0 0 0
1527465600 0 0 0 0
1527379200 0 0 0 0
1527292800 0 0 0 0
1527206400 0 0 0 0
1527120000 0 0 0 0
1527033600 0 0 0 0
1526947200 0 0 0 0
1526860800 0 0 0 0
1526774400 0 0 0 0
1526688000 0 0 0 0
1526601600 0 0 0 0
1526515200 0 0 0 0
1526428800 0 0 0 0
1526342400 0 0 0 0
1526256000 0 0 0 0
1526169600 0 0 0 0
1526083200 0 0 0 0
1525996800 0 0 0 0
1525910400 0 0 0 0
1525824000 49709 49709 14316299 14316376
1525737600 0 0 0 0
1525651200 0 0 0 0
1525564800 0 0 0 0
1525478400 0 0 0 0
1525392000 0 0 0 0
1525305600 0 0 0 0
1525219200 0 0 0 0
1525132800 0 0 0 0
1525046400 0 0 0 0
1524960000 0 0 0 0
1524873600 0 0 0 0
1524787200 0 0 0 0
1524700800 0 0 0 0
1524614400 0 0 0 0
1524528000 0 0 0 0
1524441600 0 0 0 0
1524355200 0 0 0 0
1524268800 0 0 0 0
1524182400 0 0 0 0
1524096000 0 0 0 0
1524009600 0 0 0 0
1523923200 0 0 0 0
1523836800 0 0 0 0
1523750400 0 0 0 0
1523664000 0 0 0 0
1523577600 0 0 0 0
1523491200 0 0 0 0
1523404800 0 0 0 0
1523318400 0 0 0 0
1523232000 0 0 0 0
1523145600 0 0 0 0
1523059200 0 0 0 0
1522972800 0 0 0 0
1522886400 0 0 0 0
1522800000 0 0 0 0
1522713600 0 0 0 0
1522627200 0 0 0 0
1522540800 0 0 0 0
1522454400 0 0 0 0
1522368000 0 0 0 0
1522281600 0 0 0 0
1522195200 0 0 0 0
1522108800 0 0 0 0
1522022400 0 0 0 0
1521936000 0 0 0 0
1521849600 0 0 0 0
1521763200 0 0 0 0
1521676800 0 0 0 0
1521590400 0 0 0 0
1521504000 0 0 0 0
1521417600 0 0 0 0
1521331200 0 0 0 0
1521244800 0 0 0 0
1521158400 0 0 0 0
1521072000 0 0 0 0
1520985600 0 0 0 0
1520899200 0 0 0 0
1520812800 0 0 0 0
1520726400 0 0 0 0
1520640000 0 0 0 0
1520553600 0 0 0 0
1520467200 0 0 0 0
1520380800 0 0 0 0
1520294400 0 0 0 0
1520208000 0 0 0 0
1520121600 0 0 0 0
1520035200 0 0 0 0
1519948800 0 0 0 0
1519862400 0 0 0 0
1519776000 0 0 0 0
1519689600 0 0 0 0
1519603200 0 0 0 0
1519516800 0 0 0 0
1519430400 0 0 0 0
1519344000 0 0 0 0
1519257600 0 0 0 0
1519171200 0 0 0 0
1519084800 0 0 0 0
1518998400 0 0 0 0
1518912000 0 0 0 0
1518825600 0 0 0 0
1518739200 0 0 0 0
1518652800 0 0 0 0
1518566400 0 0 0 0
1518480000 0 0 0 0
1518393600 0 0 0 0
1518307200 0 0 0 0
1518220800 0 0 0 0
1518134400 0 0 0 0
1518048000 0 0 0 0
1517961600 0 0 0 0
1517875200 0 0 0 0
1517788800 0 0 0 0
1517702400 0 0 0 0
1517616000 0 0 0 0
1517529600 0 0 0 0
1517443200 0 0 0 0
1517356800 0 0 0 0
1517270400 0 0 0 0
1517184000 0 0 0 0
1517097600 0 0 0 0
1517011200 0 0 0 0
1516924800 0 0 0 0
1516838400 0 0 0 0
1516752000 0 0 0 0
1516665600 0 0 0 0
1516579200 0 0 0 0
1516492800 0 0 0 0
1516406400 0 0 0 0
1516320000 0 0 0 0
1516233600 0 0 0 0
1516147200 0 0 0 0
1516060800 0 0 0 0
1515974400 0 0 0 0
1515888000 0 0 0 0
1515801600 0 0 0 0
1515715200 0 0 0 0
1515628800 0 0 0 0
1515542400 0 0 0 0
1515456000 0 0 0 0
1515369600 0 0 0 0
1515283200 0 0 0 0
1515196800 0 0 0 0
1515110400 0 0 0 0
1515024000 0 0 0 0
1514937600 0 0 0 0
1514851200 0 0 0 0
1514764800 0 0 0 0
1514678400 0 0 0 0
1514592000 0 0 0 0
1514505600 0 0 0 0
1514419200 0 0 0 0
1514332800 0 0 0 0
1514246400 0 0 0 0
1514160000 0 0 0 0
1514073600 0 0 0 0
1513987200 0 0 0 0
1513900800 0 0 0 0
1513814400 0 0 0 0
1513728000 0 0 0 0
1513641600 0 0 0 0
1513555200 0 0 0 0
1513468800 0 0 0 0
1513382400 0 0 0 0
1513296000 0 0 0 0
1513209600 0 0 0 0
1513123200 0 0 0 0
1513036800 0 0 0 0
1512950400 0 0 0 0
1512864000 0 0 0 0
1512777600 0 0 0 0
1512691200 0 0 0 0
1512604800 0 0 0 0
1512518400 0 0 0 0
1512432000 0 0 0 0
1512345600 0 0 0 0
1512259200 0 0 0 0
1512172800 0 0 0 0
1512086400 0 0 0 0
1512000000 0 0 0 0
1511913600 0 0 0 0
1511827200 0 0 0 0
1511740800 0 0 0 0
1511654400 0 0 0 0
1511568000 0 0 0 0
1511481600 0 0 0 0
1511395200 0 0 0 0
1511308800 0 0 0 0
1511222400 0 0 0 0
1511136000 0 0 0 0
1511049600 0 0 0 0
1510963200 0 0 0 0
1510876800 0 0 0 0
1510790400 0 0 0 0
1510704000 0 0 0 0
1510617600 0 0 0 0
1510531200 0 0 0 0
1510444800 0 0 0 0
1510358400 0 0 0 0
1510272000 0 0 0 0
1510185600 0 0 0 0
1510099200 0 0 0 0
1510012800 0 0 0 0
1509926400 0 0 0 0
1509840000 0 0 0 0
1509753600 0 0 0 0
1509667200 0 0 0 0
1509580800 0 0 0 0
1509494400 0 0 0 0
1509408000 0 0 0 0
1509321600 0 0 0 0
1509235200 0 0 0 0
1509148800 0 0 0 0
1509062400 0 0 0 0
1508976000 0 0 0 0
1508889600 0 0 0 0
1508803200 0 0 0 0
1508716800 0 0 0 0
1508630400 0 0 0 0
1508544000 0 0 0 0
1508457600 0 0 0 0
1508371200 0 0 0 0
1508284800 0 0 0 0
1508198400 0 0 0 0
1508112000 0 0 0 0
1508025600 0 0 0 0
1507939200 0 0 0 0
1507852800 0 0 0 0
1507766400 0 0 0 0
1507680000 0 0 0 0
1507593600 0 0 0 0
1507507200 0 0 0 0
1507420800 0 0 0 0
1507334400 0 0 0 0
1507248000 0 0 0 0
1507161600 0 0 0 0
1507075200 0 0 0 0
1506988800 0 0 0 0
1506902400 0 0 0 0
1506816000 0 0 0 0
1506729600 0 0 0 0
1506643200 0 0 0 0
1506556800 0 0 0 0
1506470400 0 0 0 0
1506384000 0 0 0 0
1506297600 0 0 0 0
1506211200 0 0 0 0
1506124800 0 0 0 0
1506038400 0 0 0 0
1505952000 0 0 0 0
1505865600 0 0 0 0
1505779200 0 0 0 0
1505692800 0 0 0 0
1505606400 0 0 0 0
1505520000 0 0 0 0
1505433600 0 0 0 0
1505347200 0 0 0 0
1505260800 0 0 0 0
1505174400 0 0 0 0
1505088000 0 0 0 0
1505001600 0 0 0 0
1504915200 0 0 0 0
1504828800 0 0 0 0
1504742400 0 0 0 0
1504656000 0 0 0 0
1504569600 0 0 0 0
1504483200 0 0 0 0
1504396800 0 0 0 0
1504310400 0 0 0 0
1504224000 0 0 0 0
1504137600 0 0 0 0
1504051200 0 0 0 0
1503964800 0 0 0 0
1503878400 0 0 0 0
1503792000 0 0 0 0
1503705600 0 0 0 0
1503619200 0 0 0 0
1503532800 0 0 0 0
1503446400 0 0 0 0
1503360000 0 0 0 0
1503273600 0 0 0 0
1503187200 0 0 0 0
1503100800 0 0 0 0
1503014400 0 0 0 0
1502928000 0 0 0 0
1502841600 0 0 0 0
1502755200 0 0 0 0
1502668800 0 0 0 0
1502582400 0 0 0 0
1502496000 0 0 0 0
1502409600 0 0 0 0
1502323200 0 0 0 0
1502236800 0 0 0 0
1502150400 0 0 0 0
1502064000 0 0 0 0
1501977600 0 0 0 0
1501891200 0 0 0 0
1501804800 0 0 0 0
1501718400 0 0 0 0
1501632000 0 0 0 0
1501545600 0 0 0 0
1501459200 0 0 0 0
1501372800 0 0 0 0
1501286400 0 0 0 0
1501200000 0 0 0 0
1501113600 0 0 0 0
1501027200 0 0 0 0
1500940800 0 0 0 0
1500854400 0 0 0 0
1500768000 0 0 0 0
1500681600 0 0 0 0
1500595200 0 0 0 0
1500508800 0 0 0 0
1500422400 0 0 0 0
1500336000 0 0 0 0
1500249600 0 0 0 0
1500163200 0 0 0 0
1500076800 0 0 0 0
1499990400 0 0 0 0
1499904000 0 0 0 0
1499817600 0 0 0 0
1499731200 0 0 0 0
1499644800 0 0 0 0
1499558400 0 0 0 0
1499472000 0 0 0 0
1499385600 0 0 0 0
1499299200 0 0 0 0
1499212800 0 0 0 0
1499126400 0 0 0 0
1499040000 0 0 0 0
1498953600 0 0 0 0
1498867200 0 0 0 0
1498780800 0 0 0 0
1498694400 0 0 0 0
1498608000 0 0 0 0
1498521600 0 0 0 0
1498435200 0 0 0 0
1498348800 0 0 0 0
1498262400 0 0 0 0
1498176000 0 0 0 0
1498089600 0 0 0 0
1498003200 0 0 0 0
1497916800 0 0 0 0
1497830400 0 0 0 0
1497744000 0 0 0 0
1497657600 0 0 0 0
1497571200 0 0 0 0
1497484800 0 0 0 0
1497398400 0 0 0 0
1497312000 0 0 0 0
1497225600 0 0 0 0
1497139200 0 0 0 0
1497052800 0 0 0 0
1496966400 0 0 0 0
1496880000 0 0 0 0
1496793600 0 0 0 0
1496707200 0 0 0 0
1496620800 0 0 0 0
1496534400 0 0 0 0
1496448000 0 0 0 0
1496361600 0 0 0 0
1496275200 0 0 0 0
1496188800 0 0 0 0
1496102400 0 0 0 0
1496016000 0 0 0 0
1495929600 0 0 0 0
1495843200 0 0 0 0
1495756800 0 0 0 0
1495670400 0 0 0 0
1495584000 0 0 0 0
1495497600 0 0 0 0
1495411200 0 0 0 0
1495324800 0 0 0 0
1495238400 0 0 0 0
1495152000 0 0 0 0
1495065600 0 0 0 0
1494979200 0 0 0 0
1494892800 0 0 0 0
1494806400 0 0 0 0
1494720000 0 0 0 0
1494633600 0 0 0 0
1494547200 0 0 0 0
1494460800 0 0 0 0
1494374400 0 0 0 0
1494288000 0 0 0 0
1494201600 0 0 0 0
1494115200 0 0 0 0
1494028800 0 0 0 0
1493942400 0 0 0 0
1493856000 0 0 0 0
1493769600 0 0 0 0
1493683200 0 0 0 0
1493596800 0 0 0 0
1493510400 0 0 0 0
1493424000 0 0 0 0
1493337600 0 0 0 0
1493251200 0 0 0 0
1493164800 0 0 0 0
1493078400 0 0 0 0
1492992000 0 0 0 0
1492905600 0 0 0 0
1492819200 0 0 0 0
1492732800 0 0 0 0
1492646400 0 0 0 0
1492560000 0 0 0 0
1492473600 0 0 0 0
1492387200 0 0 0 0
1492300800 0 0 0 0
1492214400 0 0 0 0
1492128000 0 0 0 0
1492041600 0 0 0 0
1491955200 0 0 0 0
1491868800 0 0 0 0
1491782400 0 0 0 0
1491696000 0 0 0 0
1491609600 0 0 0 0
1491523200 0 0 0 0
1491436800 0 0 0 0
1491350400 0 0 0 0
1491264000 0 0 0 0
1491177600 0 0 0 0
1491091200 0 0 0 0
1491004800 0 0 0 0
1490918400 0 0 0 0
1490832000 0 0 0 0
1490745600 0 0 0 0
1490659200 0 0 0 0
1490572800 0 0 0 0
1490486400 0 0 0 0
1490400000 0 0 0 0
1490313600 0 0 0 0
1490227200 0 0 0 0
1490140800 0 0 0 0
1490054400 0 0 0 0
1489968000 0 0 0 0
1489881600 0 0 0 0
1489795200 0 0 0 0
1489708800 0 0 0 0
1489622400 0 0 0 0
1489536000 0 0 0 0
1489449600 0 0 0 0
1489363200 0 0 0 0
1489276800 0 0 0 0
1489190400 0 0 0 0
1489104000 0 0 0 0
1489017600 0 0 0 0
1488931200 0 0 0 0
1488844800 0 0 0 0
1488758400 0 0 0 0
1488672000 0 0 0 0
1488585600 0 0 0 0
1488499200 0 0 0 0
1488412800 0 0 0 0
1488326400 0 0 0 0
1488240000 0 0 0 0
1488153600 0 0 0 0
1488067200 0 0 0 0
1487980800 0 0 0 0
1487894400 0 0 0 0
1487808000 0 0 0 0
1487721600 0 0 0 0
1487635200 0 0 0 0
1487548800 0 0 0 0
1487462400 0 0 0 0
1487376000 0 0 0 0
1487289600 0 0 0 0
1487203200 0 0 0 0
1487116800 0 0 0 0
1487030400 0 0 0 0
1486944000 0 0 0 0
1486857600 0 0 0 0
1486771200 0 0 0 0
1486684800 0 0 0 0
1486598400 0 0 0 0
1486512000 0 0 0 0
1486425600 0 0 0 0
1486339200 0 0 0 0
1486252800 0 0 0 0
1486166400 0 0 0 0
1486080000 0 0 0 0
1485993600 0 0 0 0
1485907200 0 0 0 0
1485820800 0 0 0 0
1485734400 0 0 0 0
1485648000 0 0 0 0
1485561600 0 0 0 0
1485475200 0 0 0 0
1485388800 0 0 0 0
1485302400 0 0 0 0
1485216000 0 0 0 0
1485129600 0 0 0 0
1485043200 0 0 0 0
1484956800 0 0 0 0
1484870400 0 0 0 0
1484784000 0 0 0 0
1484697600 0 0 0 0
1484611200 0 0 0 0
1484524800 0 0 0 0
1484438400 0 0 0 0
1484352000 0 0 0 0
1484265600 0 0 0 0
1484179200 0 0 0 0
1484092800 0 0 0 0
1484006400 0 0 0 0
1483920000 0 0 0 0
1483833600 0 0 0 0
1483747200 0 0 0 0
1483660800 0 0 0 0
1483574400 0 0 0 0
1483488000 0 0 0 0
1483401600 0 0 0 0
1483315200 0 0 0 0
1483228800 0 0 0 0
1483142400 0 0 0 0
1483056000 0 0 0 0
1482969600 0 0 0 0
1482883200 0 0 0 0
1482796800 0 0 0 0
1482710400 0 0 0 0
1482624000 0 0 0 0
1482537600 0 0 0 0
1482451200 0 0 0 0
1482364800 0 0 0 0
1482278400 0 0 0 0
1482192000 0 0 0 0
1482105600 0 0 0 0
1482019200 0 0 0 0
1481932800 0 0 0 0
1481846400 0 0 0 0
1481760000 0 0 0 0
1481673600 0 0 0 0
1481587200 0 0 0 0
1481500800 0 0 0 0
1481414400 0 0 0 0
1481328000 0 0 0 0
1481241600 0 0 0 0
1481155200 0 0 0 0
1481068800 0 0 0 0
1480982400 0 0 0 0
1480896000 0 0 0 0
1480809600 0 0 0 0
1480723200 0 0 0 0
1480636800 0 0 0 0
