1549418700 191 140
1549418700 191 140 191 140
1549418400 89 94 89 94
1549418100 107 100 107 100
1549417800 105 95 105 95
1549417500 97 90 97 90
1549417200 83 84 83 84
1549416900 89 87 89 87
1549416600 87 87 87 87
1549416300 98 89 98 89
1549416000 79 84 79 84
1549415700 90 91 90 91
1549415400 90 92 90 92
1549415100 93 95 93 95
1549414800 79 92 79 92
1549414500 90 101 90 101
1549414200 117 114 117 114
1549413900 118 113 118 113
1549413600 105 106 105 106
1549413300 112 107 112 107
1549413000 109 103 109 103
1549412700 95 99 95 99
1549412400 99 102 99 102
1549412100 96 104 96 104
1549411800 103 109 103 109
1549411500 109 113 109 113
1549411200 108 114 108 114
1549410900 114 119 114 119
1549410600 118 124 118 124
1549410300 137 131 137 131
1549410000 105 112 105 112
1549409700 121 120 121 120
1549409400 142 126 142 126
1549409100 112 116 112 116
1549408800 115 116 115 116
1549408500 120 118 120 118
1549408200 118 116 118 116
1549407900 121 118 121 118
1549407600 119 116 119 116
1549407300 128 119 128 119
1549407000 111 113 111 113
1549406700 108 112 108 112
1549406400 113 113 113 113
1549406100 122 117 122 117
1549405800 106 108 106 108
1549405500 100 109 100 109
1549405200 113 115 113 115
1549404900 120 117 120 117
1549404600 108 110 108 110
1549404300 110 113 110 113
1549404000 115 117 115 117
1549403700 118 119 118 119
1549403400 110 117 110 117
1549403100 129 126 129 126
1549402800 116 117 116 117
1549402500 117 118 117 118
1549402200 118 121 118 121
1549401900 131 126 131 126
1549401600 146 129 146 129
1549401300 117 119 117 119
1549401000 117 119 117 119
1549400700 114 119 114 119
1549400400 119 122 119 122
1549400100 142 130 142 130
1549399800 118 116 118 116
1549399500 105 112 105 112
1549399200 105 119 105 119
1549398900 128 128 128 128
1549398600 114 123 114 123
1549398300 124 129 124 129
1549398000 126 131 126 131
1549397700 141 139 141 139
1549397400 149 141 149 141
1549397100 127 129 127 129
1549396800 124 128 124 128
1549396500 132 132 132 132
1549396200 126 130 126 130
1549395900 135 135 135 135
1549395600 140 136 140 136
1549395300 130 133 130 133
1549395000 134 135 134 135
1549394700 146 140 146 140
1549394400 117 128 117 128
1549394100 130 134 130 134
1549393800 131 138 131 138
1549393500 139 142 139 142
1549393200 149 146 149 146
1549392900 153 144 153 144
1549392600 136 137 136 137
1549392300 150 139 150 139
1549392000 129 133 129 133
1549391700 141 140 141 140
1549391400 136 136 136 136
1549391100 149 141 149 141
1549390800 141 134 141 134
1549390500 121 124 121 124
1549390200 121 126 121 126
1549389900 129 131 129 131
1549389600 135 133 135 133
1549389300 127 131 127 131
1549389000 132 135 132 135
1549388700 137 138 137 138
1549388400 152 142 152 142
1549388100 143 137 143 137
1549387800 133 132 133 132
1549387500 134 132 134 132
1549387200 122 127 122 127
1549386900 135 132 135 132
1549386600 127 124 127 124
1549386300 130 125 130 125
1549386000 116 120 116 120
1549385700 120 125 120 125
1549385400 135 129 135 129
1549385100 126 125 126 125
1549384800 122 124 122 124
1549384500 126 126 126 126
1549384200 121 129 121 129
1549383900 136 136 136 136
1549383600 127 133 127 133
1549383300 137 139 137 139
1549383000 137 139 137 139
1549382700 146 143 146 143
1549382400 129 135 129 135
1549382100 137 141 137 141
1549381800 135 143 135 143
1549381500 126 140 126 140
1549381200 140 147 140 147
1549380900 135 148 135 148
1549380600 155 159 155 159
1549380300 155 163 155 163
1549380000 200 175 200 175
1549379700 169 161 169 161
1549379400 187 160 187 160
1549379100 143 136 143 136
1549378800 125 131 125 131
1549378500 127 135 127 135
1549378200 145 141 145 141
1549377900 149 142 149 142
1549377600 136 133 136 133
1549377300 133 132 133 132
1549377000 135 131 135 131
1549376700 140 131 140 131
1549376400 121 121 121 121
1549376100 136 125 136 125
1549375800 117 117 117 117
1549375500 125 120 125 120
1549375200 113 115 113 115
1549374900 120 119 120 119
1549374600 133 121 133 121
1549374300 127 117 127 117
1549374000 127 112 127 112
1549373700 109 106 109 106
1549373400 93 100 93 100
1549373100 104 106 104 106
1549372800 102 106 102 106
1549372500 121 110 121 110
1549372200 103 103 103 103
1549371900 107 104 107 104
1549371600 100 101 100 101
1549371300 106 105 106 105
1549371000 93 102 93 102
1549370700 116 112 116 112
1549370400 98 103 98 103
1549370100 112 109 112 109
1549369800 117 111 117 111
1549369500 107 108 107 108
1549369200 102 106 102 106
1549368900 106 109 106 109
1549368600 104 111 104 111
1549368300 132 122 132 122
1549368000 106 106 106 106
1549367700 106 107 106 107
1549367400 111 108 111 108
1549367100 117 108 117 108
1549366800 105 101 105 101
1549366500 89 98 89 98
1549366200 99 104 99 104
1549365900 116 110 116 110
1549365600 115 108 115 108
1549365300 107 106 107 106
1549365000 106 106 106 106
1549364700 97 107 97 107
1549364400 125 119 125 119
1549364100 115 114 115 114
1549363800 108 110 108 110
1549363500 111 111 111 111
1549363200 101 110 101 110
1549362900 114 117 114 117
1549362600 112 118 112 118
1549362300 127 124 127 124
1549362000 118 120 118 120
1549361700 113 120 113 120
1549361400 112 122 112 122
1549361100 138 135 138 135
1549360800 111 127 111 127
1549360500 145 142 145 142
1549360200 209 154 209 154
1549359900 111 106 111 106
1549359600 99 103 99 103
1549359300 107 109 107 109
1549359000 109 110 109 110
1549358700 96 109 96 109
1549358400 116 119 116 119
1549358100 128 125 128 125
1549357800 132 126 132 126
1549357500 146 130 146 130
1549357200 122 115 122 115
1549356900 127 115 127 115
1549356600 110 105 110 105
1549356300 108 104 108 104
1549356000 108 103 108 103
1549355700 103 100 103 100
1549355400 93 96 93 96
1549355100 102 99 102 99
1549354800 83 93 83 93
1549354500 79 98 79 98
1549354200 105 111 105 111
1549353900 122 117 122 117
1549353600 113 113 113 113
1549353300 109 113 109 113
1549353000 103 113 103 113
1549352700 122 121 122 121
1549352400 127 119 127 119
1549352100 127 117 127 117
1549351800 104 109 104 109
1549351500 112 114 112 114
1549351200 117 115 117 115
1549350900 126 117 126 117
1549350600 112 110 112 110
1549350300 108 110 108 110
1549350000 110 113 110 113
1549349700 115 115 115 115
1549349400 121 117 121 117
1549349100 105 115 105 115
1549348800 122 123 122 123
1549348500 119 123 119 123
1549348200 130 126 130 126
1549347900 120 118 120 118
1549347600 130 121 130 121
1549347300 104 110 104 110
1549347000 104 112 104 112
1549346700 122 120 122 120
1549346400 112 115 112 115
1549346100 118 118 118 118
1549345800 115 116 115 116
1549345500 129 121 129 121
1549345200 109 110 109 110
1549344900 117 113 117 113
1549344600 105 107 105 107
1549344300 115 111 115 111
1549344000 98 103 98 103
1549343700 116 110 116 110
1549343400 107 106 107 106
1549343100 110 107 110 107
1549342800 116 107 116 107
1549342500 99 100 99 100
1549342200 96 100 96 100
1549341900 91 101 91 101
1549341600 84 102 84 102
1549341300 101 113 101 113
1549341000 112 120 112 120
1549340700 151 134 151 134
1549340400 117 111 117 111
1549340100 103 107 103 107
1549339800 120 113 120 113
1549339500 111 112 111 112
1549339200 116 113 116 113
1549338900 109 108 109 108
1549338600 105 106 105 106
1549338300 97 103 97 103
1549338000 114 110 114 110
1549337700 107 108 107 108
1549337400 99 106 99 106
1549337100 110 112 110 112
1549336800 114 114 114 114
1549336500 112 113 112 113
1549336200 119 113 119 113
1549335900 111 108 111 108
1549335600 103 104 103 104
1549335300 104 106 104 106
1549335000 97 104 97 104
1549334700 102 108 102 108
1549334400 93 109 93 109
1549334100 115 123 115 123
1549333800 114 126 114 126
1549333500 115 132 115 132
1549333200 122 142 122 142
1549332900 156 160 156 160
1549332600 228 181 228 181
1549332300 212 154 212 154
1549332000 107 106 107 106
1549331700 110 108 110 108
1549331400 107 106 107 106
1549331100 118 108 118 108
1549330800 94 97 94 97
1549330500 100 102 100 102
1549330200 104 105 104 105
1549329900 118 109 118 109
1549329600 103 102 103 102
1549329300 114 107 114 107
1549329000 106 101 106 101
1549328700 97 99 97 99
1549328400 99 100 99 100
1549328100 107 104 107 104
1549327800 111 103 111 103
1549327500 89 97 89 97
1549327200 104 104 104 104
1549326900 116 106 116 106
1549326600 100 99 100 99
1549326300 100 99 100 99
1549326000 100 98 100 98
1549325700 108 101 108 101
1549325400 100 97 100 97
1549325100 104 96 104 96
1549324800 91 92 91 92
1549324500 87 93 87 93
1549324200 96 97 96 97
1549323900 94 98 94 98
1549323600 105 103 105 103
1549323300 124 105 124 105
1549323000 93 91 93 91
1549322700 89 91 89 91
1549322400 82 91 82 91
1549322100 106 100 106 100
1549321800 98 96 98 96
1549321500 90 95 90 95
1549321200 102 100 102 100
1549320900 107 102 107 102
1549320600 96 97 96 97
1549320300 90 95 90 95
1549320000 86 95 86 95
1549319700 98 102 98 102
1549319400 101 105 101 105
1549319100 115 111 115 111
1549318800 100 106 100 106
1549318500 100 108 100 108
1549318200 117 117 117 117
1549317900 143 124 143 124
1549317600 108 111 108 111
1549317300 125 115 125 115
1549317000 113 108 113 108
1549316700 111 106 111 106
1549316400 97 97 97 97
1549316100 105 101 105 101
1549315800 117 104 117 104
1549315500 87 94 87 94
1549315200 88 98 88 98
1549314900 106 106 106 106
1549314600 92 101 92 101
1549314300 110 112 110 112
1549314000 115 115 115 115
1549313700 117 116 117 116
1549313400 123 117 123 117
1549313100 108 112 108 112
1549312800 117 118 117 118
1549312500 128 121 128 121
1549312200 122 118 122 118
1549311900 109 114 109 114
1549311600 117 117 117 117
1549311300 119 120 119 120
1549311000 110 119 110 119
1549310700 130 130 130 130
1549310400 130 129 130 129
1549310100 129 125 129 125
1549309800 125 121 125 121
1549309500 122 119 122 119
1549309200 112 115 112 115
1549308900 109 119 109 119
1549308600 122 126 122 126
1549308300 134 132 134 132
1549308000 133 131 133 131
1549307700 141 132 141 132
1549307400 126 126 126 126
1549307100 125 131 125 131
1549306800 126 133 126 133
1549306500 145 141 145 141
1549306200 124 133 124 133
1549305900 146 145 146 145
1549305600 143 139 143 139
1549305300 146 138 146 138
1549305000 134 133 134 133
1549304700 131 131 131 131
1549304400 128 130 128 130
1549304100 132 131 132 131
1549303800 139 131 139 131
1549303500 133 129 133 129
1549303200 106 120 106 120
1549302900 126 131 126 131
1549302600 129 133 129 133
1549302300 129 133 129 133
1549302000 148 139 148 139
1549301700 127 134 127 134
1549301400 138 139 138 139
1549301100 144 143 144 143
1549300800 129 138 129 138
1549300500 163 151 163 151
1549300200 150 144 150 144
1549299900 146 142 146 142
1549299600 141 140 141 140
1549299300 131 140 131 140
1549299000 134 144 134 144
1549298700 141 149 141 149
1549298400 162 156 162 156
1549298100 192 163 192 163
1549297800 152 146 152 146
1549297500 148 143 148 143
1549297200 136 138 136 138
1549296900 136 141 136 141
1549296600 148 145 148 145
1549296300 134 140 134 140
1549296000 135 139 135 139
1549295700 136 143 136 143
1549295400 141 146 141 146
1549295100 176 156 176 156
1549294800 140 138 140 138
1549294500 128 137 128 137
1549294200 157 148 157 148
1549293900 146 140 146 140
1549293600 141 136 141 136
1549293300 134 131 134 131
1549293000 146 134 146 134
1549292700 139 129 139 129
1549292400 113 118 113 118
1549292100 112 123 112 123
1549291800 113 127 113 127
1549291500 127 137 127 137
1549291200 138 142 138 142
1549290900 141 142 141 142
1549290600 122 133 122 133
1549290300 141 141 141 141
1549290000 128 135 128 135
1549289700 126 137 126 137
1549289400 136 144 136 144
1549289100 174 157 174 157
1549288800 139 141 139 141
1549288500 174 151 174 151
1549288200 129 133 129 133
1549287900 142 140 142 140
1549287600 137 135 137 135
1549287300 131 133 131 133
1549287000 119 133 119 133
1549286700 140 144 140 144
1549286400 132 141 132 141
1549286100 153 149 153 149
1549285800 140 137 140 137
1549285500 127 132 127 132
1549285200 139 137 139 137
1549284900 155 140 155 140
1549284600 133 130 133 130
1549284300 143 131 143 131
1549284000 120 122 120 122
1549283700 128 125 128 125
1549283400 117 120 117 120
1549283100 127 124 127 124
1549282800 120 120 120 120
1549282500 117 120 117 120
1549282200 114 117 114 117
1549281900 125 123 125 123
1549281600 123 121 123 121
1549281300 126 122 126 122
1549281000 120 122 120 122
1549280700 137 127 137 127
1549280400 107 112 107 112
1549280100 118 121 118 121
1549279800 126 124 126 124
1549279500 135 127 135 127
1549279200 125 119 125 119
1549278900 117 116 117 116
1549278600 110 114 110 114
1549278300 106 114 106 114
1549278000 111 120 111 120
1549277700 117 125 117 125
1549277400 134 133 134 133
1549277100 131 133 131 133
1549276800 133 133 133 133
1549276500 114 128 114 128
1549276200 156 144 156 144
1549275900 121 128 121 128
1549275600 123 131 123 131
1549275300 133 138 133 138
1549275000 131 136 131 136
1549274700 150 144 150 144
1549274400 131 134 131 134
1549274100 147 139 147 139
1549273800 133 131 133 131
1549273500 127 130 127 130
1549273200 129 131 129 131
1549272900 144 136 144 136
1549272600 129 129 129 129
1549272300 154 137 154 137
1549272000 127 123 127 123
1549271700 116 120 116 120
1549271400 123 123 123 123
1549271100 129 125 129 125
1549270800 132 125 132 125
1549270500 125 119 125 119
1549270200 119 114 119 114
1549269900 113 110 113 110
1549269600 108 109 108 109
1549269300 107 111 107 111
1549269000 111 115 111 115
1549268700 119 121 119 121
1549268400 130 126 130 126
1549268100 151 132 151 132
1549267800 123 117 123 117
1549267500 124 116 124 116
1549267200 121 112 121 112
1549266900 120 112 120 112
1549266600 113 110 113 110
1549266300 106 107 106 107
1549266000 102 106 102 106
1549265700 118 113 118 113
1549265400 114 110 114 110
1549265100 106 108 106 108
1549264800 98 106 98 106
1549264500 111 115 111 115
1549264200 122 117 122 117
1549263900 123 118 123 118
1549263600 115 113 115 113
1549263300 130 116 130 116
1549263000 117 107 117 107
1549262700 100 99 100 99
1549262400 100 99 100 99
1549262100 98 99 98 99
1549261800 97 99 97 99
1549261500 96 101 96 101
1549261200 105 105 105 105
1549260900 115 109 115 109
1549260600 102 104 102 104
1549260300 102 105 102 105
1549260000 103 106 103 106
1549259700 94 106 94 106
1549259400 107 112 107 112
1549259100 103 115 103 115
1549258800 115 122 115 122
1549258500 140 131 140 131
1549258200 112 119 112 119
1549257900 119 124 119 124
1549257600 117 125 117 125
1549257300 133 133 133 133
1549257000 127 131 127 131
1549256700 166 143 166 143
1549256400 118 117 118 117
1549256100 138 122 138 122
1549255800 116 115 116 115
1549255500 136 121 136 121
1549255200 116 113 116 113
1549254900 118 111 118 111
1549254600 103 104 103 104
1549254300 118 110 118 110
1549254000 133 109 133 109
1549253700 65 89 65 89
1549253400 103 106 103 106
1549253100 114 110 114 110
1549252800 105 108 105 108
1549252500 104 110 104 110
1549252200 104 113 104 113
1549251900 124 121 124 121
1549251600 109 114 109 114
1549251300 119 119 119 119
1549251000 118 115 118 115
1549250700 123 116 123 116
1549250400 116 110 116 110
1549250100 114 109 114 109
1549249800 106 106 106 106
1549249500 105 107 105 107
1549249200 105 108 105 108
1549248900 108 110 108 110
1549248600 113 114 113 114
1549248300 116 116 116 116
1549248000 118 117 118 117
1549247700 121 120 121 120
1549247400 109 117 109 117
1549247100 106 121 106 121
1549246800 113 129 113 129
1549246500 137 141 137 141
1549246200 185 154 185 154
1549245900 172 135 172 135
1549245600 87 97 87 97
1549245300 99 104 99 104
1549245000 111 108 111 108
1549244700 114 108 114 108
1549244400 108 104 108 104
1549244100 93 99 93 99
1549243800 96 101 96 101
1549243500 109 108 109 108
1549243200 110 108 110 108
1549242900 97 103 97 103
1549242600 107 108 107 108
1549242300 111 111 111 111
1549242000 115 110 115 110
1549241700 118 109 118 109
1549241400 108 104 108 104
1549241100 111 105 111 105
1549240800 108 102 108 102
1549240500 101 99 101 99
1549240200 96 96 96 96
1549239900 92 94 92 94
1549239600 95 96 95 96
1549239300 101 102 101 102
1549239000 105 106 105 106
1549238700 102 105 102 105
1549238400 109 109 115 112
1549236600 113 114 128 125
1549234800 121 121 128 125
1549233000 121 120 126 123
1549231200 123 121 135 126
1549229400 121 120 126 125
1549227600 121 119 137 126
1549225800 120 114 142 128
1549224000 108 119 136 142
1549222200 142 143 156 148
1549220400 144 146 155 151
1549218600 141 143 158 151
1549216800 139 138 161 151
1549215000 148 147 157 152
1549213200 137 136 159 147
1549211400 141 139 147 142
1549209600 140 140 158 147
1549207800 143 136 157 141
1549206000 121 124 143 138
1549204200 127 126 137 133
1549202400 136 135 164 147
1549200600 133 134 143 140
1549198800 135 132 154 142
1549197000 140 139 180 156
1549195200 135 132 155 144
1549193400 131 128 142 133
1549191600 127 130 138 138
1549189800 135 134 148 141
1549188000 133 131 149 138
1549186200 128 118 151 130
1549184400 102 100 114 105
1549182600 106 107 119 115
1549180800 118 118 130 125
1549179000 116 116 124 121
1549177200 111 111 126 118
1549175400 113 113 131 122
1549173600 113 113 132 122
1549171800 107 104 118 108
1549170000 95 95 104 100
1549168200 105 103 118 108
1549166400 96 99 104 103
1549164600 108 107 121 115
1549162800 96 95 118 109
1549161000 115 120 194 161
1549159200 110 113 125 125
1549157400 122 119 131 125
1549155600 107 109 119 116
1549153800 112 108 118 115
1549152000 95 99 108 102
1549150200 118 116 128 124
1549148400 109 109 116 113
1549146600 113 113 119 119
1549144800 115 117 124 124
1549143000 119 118 134 128
1549141200 122 122 133 127
1549139400 125 124 133 129
1549137600 123 123 138 129
1549135800 132 133 154 143
1549134000 130 132 149 141
1549132200 133 133 144 139
1549130400 131 137 145 148
1549128600 145 145 167 153
1549126800 141 143 151 150
1549125000 134 134 143 139
1549123200 129 130 140 137
1549121400 134 136 145 140
1549119600 140 142 150 149
1549117800 135 136 154 150
1549116000 141 143 179 163
1549114200 152 146 206 165
1549112400 132 134 150 145
1549110600 133 137 153 146
1549108800 138 145 147 155
1549107000 162 155 180 170
1549105200 137 136 156 145
1549103400 138 134 146 139
1549101600 132 133 144 139
1549099800 136 136 152 144
1549098000 144 141 193 169
1549096200 117 115 133 121
1549094400 125 127 143 136
1549092600 116 119 142 131
1549090800 118 115 140 125
1549089000 110 109 121 115
1549087200 107 109 116 115
1549085400 116 114 141 125
1549083600 92 93 103 102
1549081800 104 102 122 108
1549080000 102 102 108 105
1549078200 105 106 124 114
1549076400 103 105 129 118
1549074600 123 101 158 118
1549072800 39 38 50 45
1549071000 39 38 48 43
1549069200 42 39 53 43
1549067400 33 32 43 37
1549065600 40 39 64 48
1549063800 34 39 38 48
1549062000 63 72 115 99
1549060200 72 57 171 98
1549058400 44 41 53 46
1549056600 42 43 62 56
1549054800 49 51 72 62
1549053000 49 47 65 55
1549051200 43 44 49 52
1549049400 50 53 63 62
1549047600 53 54 83 67
1549045800 60 56 76 66
1549044000 54 52 68 60
1549042200 55 55 77 65
1549040400 50 57 66 66
1549038600 76 86 101 104
1549036800 103 83 252 140
1549035000 48 46 55 50
1549033200 46 46 48 49
1549031400 51 51 67 58
1549029600 55 56 72 66
1549027800 54 54 70 63
1549026000 58 52 73 63
1549024200 50 48 60 53
1549022400 45 44 52 50
1549020600 52 49 62 54
1549018800 47 48 58 53
1549017000 50 51 60 56
1549015200 61 61 78 70
1549013400 64 62 75 66
1549011600 54 59 74 71
1549009800 66 64 78 69
1549008000 55 49 85 61
1549006200 43 39 49 43
1549004400 38 40 44 47
1549002600 50 48 60 56
1549000800 41 40 48 46
1548999000 38 35 47 40
1548997200 35 32 42 36
1548995400 28 28 47 35
1548993600 29 29 41 35
1548991800 33 34 50 42
1548990000 36 47 55 65
1548988200 103 94 225 144
1548986400 41 40 47 42
1548984600 37 39 48 48
1548982800 47 45 69 57
1548981000 39 43 72 59
1548979200 36 37 44 41
1548977400 39 38 53 42
1548975600 44 46 51 50
1548973800 55 56 97 71
1548972000 42 43 51 49
1548970200 50 52 80 66
1548968400 47 44 56 49
1548966600 46 50 55 55
1548964800 51 53 68 59
1548963000 60 60 69 66
1548961200 60 58 78 65
1548959400 56 55 63 59
1548957600 50 48 70 58
1548955800 55 57 71 66
1548954000 56 57 66 61
1548952200 61 59 69 64
1548950400 50 55 60 62
1548948600 63 61 74 68
1548946800 54 54 64 59
1548945000 60 60 70 66
1548943200 61 60 80 69
1548941400 53 54 68 62
1548939600 66 61 84 67
1548937800 51 50 59 55
1548936000 49 48 62 53
1548934200 50 50 56 54
1548932400 50 46 78 57
1548930600 52 55 70 64
1548928800 56 54 62 59
1548927000 57 56 65 60
1548925200 53 54 63 62
1548923400 52 48 77 65
1548921600 42 40 52 44
1548919800 39 40 44 42
1548918000 43 43 65 52
1548916200 40 39 45 42
1548914400 40 38 47 42
1548912600 40 36 47 40
1548910800 29 30 37 34
1548909000 30 30 51 40
1548907200 29 32 38 42
1548905400 39 40 54 46
1548903600 34 46 48 62
1548901800 97 111 203 160
1548900000 118 114 128 120
1548898200 110 113 127 122
1548896400 117 114 128 119
1548894600 103 104 116 109
1548892800 114 115 128 125
1548891000 120 121 125 123
1548889200 122 124 131 129
1548887400 133 132 146 140
1548885600 132 135 147 147
1548883800 133 136 143 141
1548882000 140 138 178 157
1548880200 138 142 170 154
1548878400 145 145 162 152
1548876600 138 136 157 144
1548874800 140 141 153 148
1548873000 138 140 150 145
1548871200 143 145 154 151
1548869400 145 139 170 152
1548867600 133 133 140 140
1548865800 142 142 164 155
1548864000 137 137 153 144
1548862200 141 139 155 148
1548860400 128 129 148 139
1548858600 125 124 142 132
1548856800 133 132 149 141
1548855000 129 130 142 138
1548853200 132 131 144 138
1548851400 132 132 141 136
1548849600 131 131 144 136
1548847800 124 123 131 127
1548846000 123 127 131 132
1548844200 145 143 162 150
1548842400 140 136 153 144
1548840600 133 138 146 148
1548838800 145 138 166 151
1548837000 121 116 128 123
1548835200 113 115 133 130
1548833400 127 127 140 134
1548831600 114 114 128 122
1548829800 112 113 116 116
1548828000 120 117 132 124
1548826200 113 110 120 116
1548824400 112 112 122 119
1548822600 117 112 125 118
1548820800 108 107 123 113
1548819000 102 103 116 109
1548817200 101 114 119 136
1548815400 183 173 332 229
1548813600 118 119 141 127
1548811800 123 123 148 134
1548810000 115 116 128 121
1548808200 125 124 138 130
1548806400 122 123 135 129
1548804600 119 118 142 132
1548802800 116 119 126 124
1548801000 125 125 132 132
1548799200 128 128 141 132
1548797400 125 127 133 131
1548795600 132 140 143 151
1548793800 150 142 170 157
1548792000 128 130 137 133
1548790200 126 138 155 164
1548788400 160 155 185 173
1548786600 150 147 181 161
1548784800 147 142 156 144
1548783000 131 132 140 136
1548781200 134 138 141 142
1548779400 160 162 189 177
1548777600 144 144 149 150
1548775800 135 135 143 139
1548774000 141 135 156 141
1548772200 125 126 133 129
1548770400 135 134 149 143
1548768600 122 125 137 131
1548766800 147 149 191 173
1548765000 132 133 150 142
1548763200 144 139 161 148
1548761400 128 131 133 138
1548759600 141 140 154 149
1548757800 119 120 144 131
1548756000 133 139 168 156
1548754200 149 143 179 154
1548752400 125 123 140 132
1548750600 125 127 146 138
1548748800 133 129 148 137
1548747000 130 128 141 132
1548745200 123 124 138 133
1548743400 122 121 142 131
1548741600 117 115 136 127
1548739800 108 108 121 114
1548738000 114 112 121 116
1548736200 107 107 109 110
1548734400 113 113 121 118
1548732600 113 113 123 119
1548730800 117 133 130 154
1548729000 220 201 455 292
1548727200 112 114 119 119
1548725400 122 120 128 124
1548723600 109 108 122 114
1548721800 104 103 113 108
1548720000 114 114 129 121
1548718200 114 115 125 122
1548716400 122 117 134 123
1548714600 113 114 120 119
1548712800 118 123 129 133
1548711000 132 133 141 139
1548709200 136 132 161 141
1548707400 132 137 150 144
1548705600 157 151 163 155
1548703800 128 127 134 132
1548702000 122 123 138 134
1548700200 130 130 146 138
1548698400 125 129 143 141
1548696600 139 140 153 147
1548694800 134 131 143 136
1548693000 125 119 135 125
1548691200 111 117 135 131
1548689400 122 124 143 135
1548687600 130 130 147 138
1548685800 136 135 154 144
1548684000 138 136 148 142
1548682200 132 136 138 143
1548680400 140 137 157 148
1548678600 127 127 139 132
1548676800 131 136 140 142
1548675000 141 173 161 213
1548673200 303 329 457 399
1548671400 255 201 457 341
1548669600 133 131 157 142
1548667800 127 125 134 129
1548666000 119 118 129 123
1548664200 124 126 152 139
1548662400 130 129 145 137
1548660600 130 130 137 134
1548658800 138 132 181 149
1548657000 124 127 141 138
1548655200 124 122 143 133
1548653400 116 117 128 125
1548651600 115 114 120 118
1548649800 117 117 127 122
1548648000 111 112 121 117
1548646200 110 116 123 132
1548644400 132 139 161 151
1548642600 163 156 199 172
1548640800 128 120 143 130
1548639000 104 104 118 113
1548637200 111 111 129 118
1548635400 111 113 120 121
1548633600 117 116 134 126
1548631800 119 119 130 125
1548630000 115 119 125 126
1548628200 132 132 165 146
1548626400 135 130 170 146
1548624600 119 117 124 120
1548622800 123 122 144 130
1548621000 118 117 137 124
1548619200 119 123 126 131
1548617400 133 134 146 141
1548615600 125 124 133 130
1548613800 125 126 137 135
1548612000 130 131 151 142
1548610200 126 124 135 130
1548608400 123 124 137 130
1548606600 132 136 153 149
1548604800 143 135 199 158
1548603000 126 127 137 132
1548601200 126 124 144 139
1548599400 117 120 133 128
1548597600 126 125 147 137
1548595800 125 126 140 135
1548594000 129 131 136 135
1548592200 140 138 163 150
1548590400 129 132 135 138
1548588600 148 147 176 164
1548586800 131 132 149 140
1548585000 125 125 146 134
1548583200 132 129 141 135
1548581400 124 125 133 130
1548579600 123 122 136 128
1548577800 123 121 137 126
1548576000 114 114 120 117
1548574200 117 117 129 125
1548572400 116 120 126 123
1548570600 124 123 152 135
1548568800 116 111 141 126
1548567000 108 110 115 115
1548565200 114 114 120 117
1548563400 115 114 125 119
1548561600 113 113 125 118
1548559800 111 109 119 114
1548558000 108 115 123 129
1548556200 147 144 198 165
1548554400 116 115 143 127
1548552600 129 126 165 142
1548550800 109 110 114 115
1548549000 118 117 129 124
1548547200 118 117 124 122
1548545400 115 112 125 118
1548543600 111 111 118 115
1548541800 118 125 130 135
1548540000 135 135 145 144
1548538200 129 128 138 134
1548536400 132 129 140 136
1548534600 132 131 144 136
1548532800 135 136 146 141
1548531000 136 137 150 142
1548529200 133 134 143 137
1548527400 140 140 152 145
1548525600 141 141 161 149
1548523800 131 133 145 141
1548522000 139 140 161 150
1548520200 129 133 140 138
1548518400 137 137 149 146
1548516600 126 126 141 132
1548514800 132 140 138 153
1548513000 163 151 251 185
1548511200 136 134 159 145
1548509400 135 133 147 138
1548507600 135 138 149 146
1548505800 152 148 184 155
1548504000 127 126 133 130
1548502200 125 124 130 130
1548500400 128 135 143 145
1548498600 168 168 291 213
1548496800 143 135 208 161
1548495000 123 123 132 128
1548493200 125 127 140 134
1548491400 131 128 138 131
1548489600 125 124 136 129
1548487800 123 126 131 131
1548486000 125 124 141 135
1548484200 116 116 123 120
1548482400 116 114 121 118
1548480600 113 112 121 117
1548478800 116 115 125 118
1548477000 112 110 132 122
1548475200 111 110 121 116
1548473400 110 111 117 118
1548471600 122 122 133 127
1548469800 135 110 167 124
1548468000 32 34 39 39
1548466200 45 41 57 47
1548464400 32 33 47 42
1548462600 37 36 45 40
1548460800 39 39 45 42
1548459000 36 36 48 41
1548457200 40 38 46 41
1548455400 34 32 42 37
1548453600 39 39 47 43
1548451800 52 49 95 65
1548450000 43 44 50 50
1548448200 52 49 61 54
1548446400 50 48 61 54
1548444600 51 49 59 54
1548442800 48 46 63 53
1548441000 51 48 66 54
1548439200 45 45 59 51
1548437400 50 49 67 58
1548435600 52 47 80 57
1548433800 48 47 63 53
1548432000 47 44 53 47
1548430200 50 50 67 57
1548428400 51 49 78 63
1548426600 44 40 52 45
1548424800 42 40 45 43
1548423000 40 36 48 41
1548421200 31 34 37 40
1548419400 47 48 68 59
1548417600 47 43 71 57
1548415800 36 39 42 46
1548414000 52 49 59 53
1548412200 44 43 56 47
1548410400 38 41 46 48
1548408600 50 44 83 54
1548406800 49 48 63 57
1548405000 44 42 52 47
1548403200 37 34 53 44
1548401400 37 37 50 44
1548399600 43 43 51 50
1548397800 42 37 68 54
1548396000 30 31 38 37
1548394200 32 32 37 34
1548392400 35 32 39 35
1548390600 32 36 43 41
1548388800 50 65 84 89
1548387000 107 95 161 118
1548385200 48 46 91 62
1548383400 84 74 146 97
1548381600 30 31 37 37
1548379800 36 35 46 39
1548378000 31 32 40 37
1548376200 36 34 52 41
1548374400 33 31 42 35
1548372600 32 32 39 37
1548370800 39 38 51 43
1548369000 35 35 44 42
1548367200 42 40 52 44
1548365400 38 43 49 51
1548363600 55 53 68 63
1548361800 47 47 60 53
1548360000 56 51 71 55
1548358200 43 40 57 48
1548356400 42 46 50 54
1548354600 53 51 64 59
1548352800 47 45 62 51
1548351000 44 43 58 52
1548349200 48 48 53 50
1548347400 51 49 70 58
1548345600 46 46 54 50
1548343800 46 43 63 50
1548342000 44 47 58 55
1548340200 51 47 60 56
1548338400 42 40 45 42
1548336600 47 45 79 55
1548334800 46 43 62 50
1548333000 37 39 45 43
1548331200 48 48 62 56
1548329400 49 47 61 55
1548327600 49 50 64 60
1548325800 47 45 70 56
1548324000 51 49 61 53
1548322200 43 44 54 51
1548320400 44 43 54 49
1548318600 37 37 47 42
1548316800 47 50 81 67
1548315000 43 43 59 50
1548313200 53 49 82 60
1548311400 36 34 42 39
1548309600 38 36 45 40
1548307800 36 36 52 42
1548306000 40 42 58 49
1548304200 43 61 82 97
1548302400 110 110 123 117
1548300600 107 104 125 115
1548298800 105 112 120 122
1548297000 138 136 180 153
1548295200 108 110 134 121
1548293400 132 133 186 151
1548291600 115 117 120 124
1548289800 127 127 147 137
1548288000 116 116 129 122
1548286200 119 120 132 124
1548284400 117 122 128 129
1548282600 137 131 161 143
1548280800 121 120 131 126
1548279000 123 124 133 129
1548277200 131 133 148 144
1548275400 144 142 163 150
1548273600 146 147 158 152
1548271800 144 146 154 153
1548270000 147 141 158 147
1548268200 133 136 146 140
1548266400 143 141 154 147
1548264600 134 131 147 139
1548262800 124 126 132 130
1548261000 137 137 167 149
1548259200 133 131 140 136
1548257400 126 127 135 133
1548255600 136 133 156 142
1548253800 134 138 141 147
1548252000 145 140 189 168
1548250200 132 134 141 141
1548248400 144 142 164 152
1548246600 128 125 156 139
1548244800 124 125 138 131
1548243000 121 125 131 134
1548241200 140 142 174 156
1548239400 139 134 183 155
1548237600 127 125 134 128
1548235800 126 130 134 137
1548234000 142 139 154 146
1548232200 128 128 136 131
1548230400 132 128 143 135
1548228600 124 125 138 132
1548226800 124 119 139 127
1548225000 124 126 154 139
1548223200 123 125 140 131
1548221400 142 142 185 159
1548219600 145 137 161 147
1548217800 125 124 133 128
1548216000 117 132 128 151
1548214200 255 236 460 295
1548212400 136 118 278 151
1548210600 108 112 108 112
1548208800 109 112 120 115
1548207000 117 118 125 122
1548205200 119 119 133 125
1548203400 119 121 127 126
1548201600 128 123 145 130
1548199800 116 116 143 126
1548198000 119 119 128 123
1548196200 124 123 133 127
1548194400 124 122 141 130
1548192600 119 120 129 124
1548190800 133 133 141 138
1548189000 132 132 137 134
1548187200 138 137 156 144
1548185400 133 132 140 136
1548183600 137 134 149 139
1548181800 136 135 158 147
1548180000 134 132 142 136
1548178200 133 129 137 132
1548176400 127 125 141 132
1548174600 125 126 141 134
1548172800 130 126 146 133
1548171000 130 123 142 127
1548169200 98 103 112 108
1548167400 120 122 140 135
1548165600 129 127 142 132
1548163800 117 116 126 124
1548162000 126 123 140 132
1548160200 124 121 142 129
1548158400 125 125 156 142
1548151200 124 121 147 142
1548144000 124 122 141 130
1548136800 117 116 146 135
1548129600 120 120 197 166
1548122400 112 112 133 122
1548115200 115 115 130 125
1548108000 124 124 146 137
1548100800 131 131 183 152
1548093600 126 126 165 143
1548086400 133 134 184 158
1548079200 131 129 177 146
1548072000 132 133 166 160
1548064800 136 132 238 174
1548057600 124 122 189 155
1548050400 114 113 129 122
1548043200 117 118 195 165
1548036000 106 104 129 118
1548028800 109 110 133 122
1548021600 121 121 139 130
1548014400 121 119 137 128
1548007200 116 116 132 132
1548000000 131 130 153 139
1547992800 128 126 162 140
1547985600 125 125 151 140
1547978400 126 123 144 134
1547971200 119 119 142 128
1547964000 111 110 143 125
1547956800 112 112 180 157
1547949600 119 117 155 134
1547942400 113 113 131 126
1547935200 121 121 136 128
1547928000 127 125 145 137
1547920800 122 123 139 133
1547913600 121 120 143 135
1547906400 120 122 149 141
1547899200 124 122 142 133
1547892000 113 115 137 129
1547884800 123 121 158 138
1547877600 112 111 136 131
1547870400 122 115 180 128
1547863200 34 33 53 43
1547856000 36 36 52 47
1547848800 44 43 64 57
1547841600 44 43 59 52
1547834400 48 47 67 59
1547827200 45 45 65 56
1547820000 43 43 65 54
1547812800 45 47 69 67
1547805600 45 44 67 56
1547798400 38 37 51 41
1547791200 32 30 55 43
1547784000 43 43 162 106
1547776800 37 36 62 49
1547769600 38 38 69 55
1547762400 52 54 81 71
1547755200 56 56 81 69
1547748000 57 55 96 76
1547740800 55 55 85 70
1547733600 69 56 227 145
1547726400 37 38 50 47
1547719200 42 41 74 62
1547712000 37 36 60 48
1547704800 34 32 50 41
1547697600 45 44 172 114
1547690400 33 33 55 48
1547683200 33 32 52 43
1547676000 42 43 70 63
1547668800 52 49 71 58
1547661600 45 43 59 50
1547654400 54 53 150 87
1547647200 48 46 76 66
1547640000 51 53 81 73
1547632800 91 84 322 178
1547625600 38 35 73 49
1547618400 28 26 41 35
1547611200 45 45 145 100
1547604000 29 29 40 38
1547596800 34 33 48 44
1547589600 38 39 54 48
1547582400 48 47 78 59
1547575200 43 42 58 51
1547568000 43 42 78 58
1547560800 40 39 60 48
1547553600 38 36 55 47
1547546400 39 38 57 48
1547539200 36 35 57 46
1547532000 28 24 48 39
1547524800 42 41 153 106
1547517600 28 28 40 35
1547510400 41 40 85 60
1547503200 42 43 67 56
1547496000 46 45 69 55
1547488800 57 54 182 104
1547481600 45 44 58 51
1547474400 40 39 57 49
1547467200 42 41 55 49
1547460000 43 41 67 53
1547452800 38 36 78 57
1547445600 30 28 42 35
1547438400 40 39 145 96
1547431200 30 29 58 45
1547424000 33 33 60 43
1547416800 41 41 57 49
1547409600 45 43 67 55
1547402400 46 45 63 53
1547395200 39 38 56 48
1547388000 36 37 53 45
1547380800 39 38 59 46
1547373600 39 37 79 53
1547366400 32 30 46 39
1547359200 26 24 35 29
1547352000 42 40 176 118
1547344800 30 29 44 38
1547337600 34 33 47 39
1547330400 39 38 76 62
1547323200 44 44 62 55
1547316000 40 39 53 46
1547308800 42 40 74 56
1547301600 41 40 56 47
1547294400 40 39 55 49
1547287200 41 39 64 52
1547280000 36 34 61 46
1547272800 26 25 37 34
1547265600 39 38 139 91
1547258400 32 31 66 50
1547251200 35 34 45 41
1547244000 43 43 61 53
1547236800 50 48 76 58
1547229600 47 48 70 63
1547222400 48 46 64 55
1547215200 47 46 75 63
1547208000 42 42 68 57
1547200800 43 42 64 54
1547193600 38 35 52 45
1547186400 31 31 60 44
1547179200 43 43 134 89
1547172000 31 30 43 37
1547164800 36 36 62 48
1547157600 41 43 60 57
1547150400 52 52 69 64
1547143200 48 47 66 58
1547136000 54 53 146 85
1547128800 43 43 64 56
1547121600 46 45 67 55
1547114400 47 46 69 57
1547107200 36 37 52 44
1547100000 84 88 118 113
1547092800 119 119 204 158
1547085600 113 112 125 120
1547078400 118 119 142 137
1547071200 127 128 146 140
1547064000 136 136 154 145
1547056800 135 134 159 147
1547049600 142 141 164 152
1547042400 130 129 149 138
1547035200 136 136 155 149
1547028000 128 127 147 138
1547020800 119 117 144 135
1547013600 113 110 132 125
1547006400 114 115 209 169
1546999200 104 104 124 117
1546992000 113 113 137 133
1546984800 130 129 171 147
1546977600 131 129 147 141
1546970400 132 132 150 144
1546963200 130 129 147 140
1546956000 132 134 148 142
1546948800 136 138 159 151
1546941600 131 131 149 138
1546934400 126 123 148 135
1546927200 113 111 159 131
1546920000 128 129 208 176
1546912800 113 111 136 128
1546905600 116 116 130 126
1546898400 125 127 149 141
1546891200 127 126 141 133
1546884000 125 127 146 145
1546876800 131 129 155 147
1546869600 129 129 147 143
1546862400 130 129 146 139
1546855200 119 118 133 127
1546848000 113 111 130 123
1546840800 107 107 148 125
1546833600 119 119 221 183
1546826400 112 113 132 124
1546819200 117 116 128 123
1546812000 121 122 140 134
1546804800 131 130 145 138
1546797600 127 127 141 138
1546790400 127 128 145 140
1546783200 125 128 169 145
1546776000 130 131 149 141
1546768800 129 128 154 144
1546761600 103 103 138 127
1546754400 115 114 156 135
1546747200 120 120 176 156
1546740000 122 123 140 136
1546732800 124 124 141 133
1546725600 122 122 148 139
1546718400 132 132 148 143
1546711200 125 125 152 146
1546704000 144 143 232 179
1546696800 131 130 157 145
1546689600 135 133 156 150
1546682400 130 128 144 140
1546675200 118 116 137 127
1546668000 111 111 128 121
1546660800 140 136 416 243
1546653600 36 36 56 47
1546646400 38 39 72 59
1546639200 46 44 69 59
1546632000 50 49 62 57
1546624800 58 58 92 76
1546617600 62 61 93 80
1546610400 54 54 79 68
1546603200 51 51 75 61
1546596000 43 43 74 59
1546588800 34 33 49 43
1546581600 28 28 55 44
1546574400 43 42 128 85
1546567200 34 33 62 48
1546560000 35 35 63 53
1546552800 45 45 60 57
1546545600 57 57 89 79
1546538400 60 59 80 71
1546531200 68 66 91 77
1546524000 59 57 83 71
1546516800 65 64 112 93
1546509600 53 52 73 62
1546502400 46 45 77 59
1546495200 36 34 49 42
1546488000 69 76 212 166
1546480800 120 120 136 130
1546473600 127 127 147 140
1546466400 131 130 154 143
1546459200 142 140 158 150
1546452000 139 140 161 160
1546444800 150 151 169 163
1546437600 149 148 175 166
1546430400 158 153 196 170
1546423200 133 132 158 150
1546416000 115 116 148 135
1546408800 112 111 152 124
1546401600 117 117 192 164
1546394400 112 110 151 133
1546387200 109 110 131 126
1546380000 123 124 141 143
1546372800 132 129 175 151
1546365600 122 122 138 132
1546358400 124 123 134 128
1546351200 118 118 134 131
1546344000 126 125 151 138
1546336800 128 127 152 141
1546329600 114 113 125 120
1546322400 111 110 136 123
1546315200 117 118 186 144
1546308000 117 117 164 137
1546300800 131 132 152 147
1546293600 138 138 153 146
1546286400 131 132 155 142
1546279200 140 139 159 153
1546272000 135 134 154 148
1546264800 134 133 149 141
1546257600 131 130 151 138
1546250400 131 128 174 150
1546243200 116 116 176 139
1546236000 112 113 135 125
1546228800 119 120 214 167
1546221600 119 120 135 129
1546214400 119 120 129 130
1546207200 132 132 144 139
1546200000 130 129 145 138
1546192800 129 128 146 139
1546185600 127 127 141 138
1546178400 126 127 147 138
1546171200 130 128 146 140
1546164000 125 124 138 132
1546156800 118 117 137 132
1546149600 116 114 159 135
1546142400 122 123 171 152
1546135200 117 117 129 124
1546128000 127 127 192 161
1546120800 123 123 163 147
1546113600 129 128 152 140
1546106400 126 126 147 140
1546099200 125 126 138 133
1546092000 114 112 138 129
1546084800 117 118 144 134
1546077600 131 129 149 141
1546070400 117 116 146 129
1546063200 107 107 137 125
1546056000 119 112 203 134
1546048800 34 34 55 47
1546041600 38 38 65 53
1546034400 50 47 70 60
1546027200 44 44 63 53
1546020000 48 47 66 59
1546012800 40 40 55 50
1546005600 46 46 56 56
1545998400 52 49 75 65
1545991200 40 40 55 47
1545984000 36 35 46 42
1545976800 35 35 61 51
1545969600 42 44 125 97
1545962400 31 31 49 41
1545955200 38 38 50 44
1545948000 43 42 66 51
1545940800 41 42 59 52
1545933600 43 44 59 56
1545926400 48 48 91 64
1545919200 45 45 63 55
1545912000 51 49 90 59
1545904800 44 43 60 52
1545897600 44 42 75 58
1545890400 33 33 49 41
1545883200 46 52 192 156
1545876000 117 117 130 125
1545868800 127 127 163 138
1545861600 124 124 147 141
1545854400 134 136 150 149
1545847200 139 139 164 158
1545840000 135 135 165 147
1545832800 128 128 154 140
1545825600 136 136 190 160
1545818400 133 131 162 147
1545811200 124 122 148 133
1545804000 124 122 160 137
1545796800 113 112 179 151
1545789600 109 108 131 121
1545782400 117 118 132 126
1545775200 125 126 139 134
1545768000 125 125 137 133
1545760800 125 125 159 148
1545753600 123 123 165 141
1545746400 124 124 148 137
1545739200 126 126 150 140
1545732000 135 135 168 154
1545724800 124 123 170 148
1545717600 116 116 133 126
1545710400 122 121 195 165
1545703200 110 110 135 123
1545696000 117 116 131 123
1545688800 123 123 138 133
1545681600 133 134 159 145
1545674400 139 139 173 155
1545667200 131 131 163 152
1545660000 127 127 153 135
1545652800 126 125 179 152
1545645600 123 123 171 151
1545638400 117 114 131 125
1545631200 111 111 128 119
1545624000 118 118 188 155
1545616800 113 113 125 121
1545609600 117 117 140 130
1545602400 124 125 153 140
1545595200 130 129 142 136
1545588000 125 124 137 133
1545580800 128 127 160 153
1545573600 122 120 134 129
1545566400 126 126 149 139
1545559200 131 130 157 142
1545552000 126 124 142 135
1545544800 109 109 132 128
1545537600 124 123 176 154
1545530400 112 110 127 119
1545523200 112 113 131 125
1545516000 128 129 153 150
1545508800 122 121 147 141
1545501600 124 123 139 131
1545494400 120 122 139 133
1545487200 128 127 146 135
1545480000 118 117 133 125
1545472800 119 119 137 132
1545465600 123 121 138 131
1545458400 110 110 132 123
1545451200 119 113 171 120
1545444000 34 34 54 49
1545436800 37 38 58 52
1545429600 47 47 61 53
1545422400 50 49 65 59
1545415200 53 53 75 65
1545408000 50 49 76 65
1545400800 48 48 61 57
1545393600 45 45 66 55
1545386400 44 43 68 56
1545379200 42 40 67 56
1545372000 33 32 47 41
1545364800 51 51 241 154
1545357600 33 32 48 42
1545350400 38 38 57 53
1545343200 45 45 69 59
1545336000 57 56 93 77
1545328800 53 53 81 73
1545321600 51 50 72 63
1545314400 58 57 132 95
1545307200 48 46 108 65
1545300000 41 40 71 60
1545292800 38 37 56 47
1545285600 32 31 52 43
1545278400 42 42 142 100
1545271200 33 32 48 44
1545264000 40 40 54 50
1545256800 48 49 64 61
1545249600 54 53 86 68
1545242400 53 51 98 72
1545235200 49 50 63 58
1545228000 55 53 106 77
1545220800 50 50 63 58
1545213600 46 46 64 57
1545206400 38 37 57 48
1545199200 33 31 41 37
1545192000 41 42 150 97
1545184800 40 40 84 63
1545177600 43 44 61 54
1545170400 52 53 89 68
1545163200 58 58 77 70
1545156000 54 52 94 66
1545148800 52 52 74 63
1545141600 50 50 77 70
1545134400 52 50 93 68
1545127200 44 42 54 51
1545120000 41 41 71 60
1545112800 37 35 59 54
1545105600 42 42 135 91
1545098400 32 33 45 41
1545091200 37 37 53 47
1545084000 47 48 60 58
1545076800 61 61 85 74
1545069600 62 63 103 83
1545062400 56 59 91 76
1545055200 69 65 169 107
1545048000 50 50 88 69
1545040800 55 54 69 64
1545033600 43 41 81 59
1545026400 32 31 50 44
1545019200 42 41 140 99
1545012000 34 35 46 42
1545004800 43 42 55 53
1544997600 51 46 84 65
1544990400 52 50 69 62
1544983200 68 68 153 101
1544976000 63 63 93 80
1544968800 58 59 74 67
1544961600 62 61 82 73
1544954400 66 65 129 89
1544947200 50 49 72 63
1544940000 45 44 66 58
1544932800 55 55 145 113
1544925600 48 49 65 60
1544918400 54 54 79 70
1544911200 63 65 91 81
1544904000 69 67 89 80
1544896800 63 62 78 70
1544889600 58 56 87 74
1544882400 59 57 83 70
1544875200 57 56 93 78
1544868000 57 56 83 69
1544860800 50 48 68 59
1544853600 41 41 54 49
1544846400 49 47 141 93
1544839200 32 32 42 41
1544832000 40 41 50 49
1544824800 48 48 74 61
1544817600 45 43 65 55
1544810400 47 46 59 54
1544803200 56 56 145 110
1544796000 45 45 60 57
1544788800 50 50 71 62
1544781600 49 49 64 58
1544774400 42 40 53 50
1544767200 35 34 50 45
1544760000 41 40 136 80
1544752800 34 35 52 45
1544745600 41 42 57 50
1544738400 48 48 66 60
1544731200 57 56 73 66
1544724000 51 53 78 68
1544716800 47 45 62 55
1544709600 44 45 66 60
1544702400 47 46 91 62
1544695200 49 46 88 65
1544688000 38 37 49 43
1544680800 29 29 44 36
1544673600 50 50 209 141
1544666400 38 37 53 48
1544659200 40 39 52 45
1544652000 47 48 77 61
1544644800 56 55 75 64
1544637600 49 49 65 59
1544630400 48 48 65 64
1544623200 54 52 84 66
1544616000 53 52 116 83
1544608800 47 46 66 58
1544601600 40 38 66 54
1544594400 31 31 53 45
1544587200 43 43 147 89
1544580000 37 37 54 48
1544572800 40 41 53 49
1544565600 49 49 90 64
1544558400 53 53 65 59
1544551200 53 54 65 62
1544544000 53 51 77 62
1544536800 48 47 63 56
1544529600 43 42 56 49
1544522400 42 41 72 59
1544515200 43 42 80 66
1544508000 35 35 48 43
1544500800 41 41 149 96
1544493600 37 36 50 44
1544486400 39 39 55 51
1544479200 56 56 75 70
1544472000 63 62 103 79
1544464800 66 65 122 92
1544457600 59 56 102 81
1544450400 50 49 78 61
1544443200 50 49 72 57
1544436000 43 44 61 53
1544428800 38 38 72 51
1544421600 32 32 47 40
1544414400 38 39 138 90
1544407200 40 40 58 50
1544400000 54 53 77 67
1544392800 52 51 74 65
1544385600 62 61 80 73
1544378400 60 59 80 72
1544371200 60 60 79 69
1544364000 51 50 76 64
1544356800 56 56 79 74
1544349600 64 61 101 82
1544342400 53 53 67 63
1544335200 45 43 64 54
1544328000 44 44 156 103
1544320800 45 44 58 51
1544313600 50 49 62 58
1544306400 58 58 79 71
1544299200 64 64 125 89
1544292000 62 62 101 77
1544284800 62 62 78 71
1544277600 67 67 90 77
1544270400 67 67 126 88
1544263200 70 67 155 100
1544256000 52 51 73 64
1544248800 43 42 56 50
1544241600 65 63 194 147
1544234400 38 37 63 52
1544227200 40 41 55 49
1544220000 48 49 75 70
1544212800 62 63 81 72
1544205600 65 62 114 87
1544198400 54 51 84 68
1544191200 50 50 66 56
1544184000 90 96 166 157
1544176800 143 140 157 149
1544169600 64 57 160 135
1544162400 34 34 58 48
1544155200 42 42 144 102
1544148000 34 33 52 40
1544140800 39 39 54 47
1544133600 47 46 63 56
1544126400 54 54 73 68
1544119200 75 80 156 137
1544112000 66 61 154 129
1544104800 46 44 115 68
1544097600 48 47 91 64
1544090400 51 50 65 62
1544083200 36 35 53 44
1544076000 32 31 50 42
1544068800 40 39 144 96
1544061600 32 31 60 46
1544054400 36 36 52 44
1544047200 46 46 61 57
1544040000 55 53 72 64
1544032800 51 52 66 62
1544025600 54 53 90 73
1544018400 41 40 54 49
1544011200 49 49 92 66
1544004000 46 46 64 55
1543996800 44 43 71 59
1543989600 36 35 67 49
1543982400 44 42 162 102
1543975200 36 34 57 46
1543968000 36 38 48 48
1543960800 50 50 69 60
1543953600 58 59 76 68
1543946400 62 60 79 72
1543939200 59 58 89 71
1543932000 50 50 67 57
1543924800 49 49 72 60
1543917600 47 45 65 56
1543910400 37 35 73 53
1543903200 28 28 39 36
1543896000 42 42 181 118
1543888800 34 34 64 48
1543881600 34 36 52 51
1543874400 50 50 67 59
1543867200 65 66 113 84
1543860000 62 62 74 70
1543852800 71 73 106 90
1543845600 62 60 110 88
1543838400 43 41 137 92
1543795200 57 56 156 113
1543708800 57 56 165 115
1543622400 42 41 145 105
1543536000 42 41 217 118
1543449600 45 44 311 206
1543363200 47 48 276 215
1543276800 48 47 270 193
1543190400 47 48 154 107
1543104000 52 50 148 105
1543017600 36 38 244 312
1542931200 35 35 140 95
1542844800 36 36 150 97
1542758400 38 38 136 85
1542672000 38 38 144 87
1542585600 48 47 147 110
1542499200 51 50 394 242
1542412800 38 37 141 96
1542326400 38 37 146 94
1542240000 37 37 140 98
1542153600 41 41 153 94
1542067200 38 38 136 92
1541980800 46 46 149 97
1541894400 48 47 139 97
1541808000 39 40 257 169
1541721600 39 39 150 102
1541635200 40 39 141 94
1541548800 46 46 153 100
1541462400 41 41 157 107
1541376000 55 55 148 111
1541289600 56 55 148 103
1541203200 45 46 150 104
1541116800 43 42 159 107
1541030400 43 43 165 105
1540944000 43 42 135 89
1540857600 43 43 217 135
1540771200 54 53 159 117
1540684800 54 53 153 111
1540598400 45 45 200 111
1540512000 47 47 180 140
1540425600 48 48 156 95
1540339200 41 40 168 116
1540252800 42 41 132 88
1540166400 46 46 150 108
1540080000 52 51 134 86
1539993600 41 41 136 85
1539907200 39 39 142 100
1539820800 40 40 160 115
1539734400 39 38 153 116
1539648000 36 37 142 86
1539561600 46 46 139 95
1539475200 49 48 123 85
1539388800 40 38 147 105
1539302400 42 42 180 110
1539216000 40 40 165 95
1539129600 41 39 158 90
1539043200 41 40 153 89
1538956800 51 51 165 107
1538870400 51 51 150 93
1538784000 72 75 495 487
1538697600 46 46 99 80
1538611200 46 45 162 114
1538524800 42 41 133 89
1538438400 43 43 179 106
1538352000 44 44 154 94
1538265600 50 49 163 102
1538179200 36 36 142 90
1538092800 38 38 159 94
1538006400 40 40 111 85
1537920000 40 39 164 101
1537833600 42 42 159 113
1537747200 47 46 311 174
1537660800 51 50 162 93
1537574400 40 40 152 88
1537488000 43 43 152 92
1537401600 43 44 140 86
1537315200 41 40 178 116
1537228800 43 42 311 223
1537142400 53 51 457 340
1537056000 48 47 170 108
1536969600 32 32 129 74
1536883200 33 33 143 80
1536796800 37 36 144 94
1536710400 34 33 144 81
1536624000 39 38 145 84
1536537600 43 42 131 85
1536451200 47 47 159 101
1536364800 34 34 148 88
1536278400 37 36 143 81
1536192000 36 35 146 82
1536105600 39 38 127 74
1536019200 35 35 137 79
1535932800 42 41 142 81
1535846400 47 46 138 82
1535760000 32 31 126 73
1535673600 36 36 145 83
1535587200 32 31 134 80
1535500800 36 35 152 87
1535414400 33 32 131 75
1535328000 36 36 145 94
1535241600 44 43 171 100
1535155200 31 29 125 73
1535068800 31 30 142 81
1534982400 30 30 127 75
1534896000 32 32 168 108
1534809600 31 30 133 77
1534723200 35 34 150 89
1534636800 43 42 146 85
1534550400 30 30 144 79
1534464000 32 31 164 100
1534377600 34 33 155 93
1534291200 33 33 127 89
1534204800 36 34 173 107
1534118400 37 36 152 99
1534032000 43 42 190 106
1533945600 33 31 134 78
1533859200 32 31 144 81
1533772800 32 31 212 104
1533686400 35 34 132 76
1533600000 34 32 129 74
1533513600 38 36 148 99
1533427200 47 45 325 171
1533340800 43 44 385 457
1533254400 35 35 132 75
1533168000 34 33 127 73
1533081600 32 31 176 91
1532995200 31 29 144 82
1532908800 38 38 141 87
1532822400 43 40 154 91
1532736000 30 29 124 69
1532649600 31 30 171 89
1532563200 35 35 278 187
1532476800 31 30 129 72
1532390400 33 33 119 72
1532304000 37 37 127 83
1532217600 47 47 218 111
1532131200 33 33 123 79
1532044800 35 34 138 78
1531958400 32 32 152 85
1531872000 32 32 153 84
1531785600 37 36 137 81
1531699200 41 41 113 73
1531612800 45 44 127 83
1531526400 37 36 137 81
1531440000 36 34 122 80
1531353600 44 43 432 255
1531267200 40 38 118 81
1531180800 39 38 141 87
1531094400 42 42 154 97
1531008000 56 55 308 298
1530921600 176 174 280 238
1530835200 127 126 490 499
1530748800 51 50 352 230
1530662400 50 49 187 115
1530576000 54 51 123 97
1530489600 45 43 103 73
1530403200 47 45 151 92
1530316800 35 34 113 67
1530230400 33 32 109 69
1530144000 34 32 115 71
1530057600 34 32 178 96
1529971200 35 34 163 111
1529884800 41 40 100 71
1529798400 45 44 143 97
1529712000 34 33 267 177
1529625600 33 32 160 102
1529539200 34 33 109 80
1529452800 33 32 125 80
1529366400 35 34 105 72
1529280000 48 46 144 86
1529193600 48 48 120 89
1529107200 60 58 491 451
1529020800 41 40 129 86
1528934400 37 36 232 145
1528848000 45 44 438 308
1528761600 40 39 109 75
1528675200 49 48 140 92
1528588800 60 59 168 105
1528502400 44 44 118 89
1528416000 42 40 147 104
1528329600 44 43 102 77
1528243200 45 45 232 147
1528156800 54 53 112 84
1528070400 64 63 138 108
1527984000 61 60 106 95
1527897600 43 42 268 145
1527811200 47 46 412 305
1527724800 38 36 366 196
1527638400 36 34 100 71
1527552000 34 34 92 68
1527465600 33 32 101 66
1527379200 36 35 100 86
1527292800 38 38 102 75
1527206400 60 59 468 432
1527120000 37 36 95 65
1527033600 34 32 95 61
1526947200 37 37 108 71
1526860800 35 34 115 79
1526774400 34 33 107 71
1526688000 35 35 117 87
1526601600 37 36 123 97
1526515200 38 36 191 123
1526428800 36 34 133 88
1526342400 37 36 184 115
1526256000 36 35 100 68
1526169600 34 33 106 65
1526083200 34 33 101 66
1525996800 35 33 99 69
1525910400 38 37 98 74
1525824000 67 68 407 292
1525737600 0 0 0 0
1525651200 0 0 0 0
1525564800 0 0 0 0
1525478400 0 0 0 0
1525392000 0 0 0 0
1525305600 0 0 0 0
1525219200 0 0 0 0
1525132800 0 0 0 0
1525046400 0 0 0 0
1524960000 0 0 0 0
1524873600 0 0 0 0
1524787200 0 0 0 0
1524700800 0 0 0 0
1524614400 0 0 0 0
1524528000 0 0 0 0
1524441600 0 0 0 0
1524355200 0 0 0 0
1524268800 0 0 0 0
1524182400 0 0 0 0
1524096000 0 0 0 0
1524009600 0 0 0 0
1523923200 0 0 0 0
1523836800 0 0 0 0
1523750400 0 0 0 0
1523664000 0 0 0 0
1523577600 0 0 0 0
1523491200 0 0 0 0
1523404800 0 0 0 0
1523318400 0 0 0 0
1523232000 0 0 0 0
1523145600 0 0 0 0
1523059200 0 0 0 0
1522972800 0 0 0 0
1522886400 0 0 0 0
1522800000 0 0 0 0
1522713600 0 0 0 0
1522627200 0 0 0 0
1522540800 0 0 0 0
1522454400 0 0 0 0
1522368000 0 0 0 0
1522281600 0 0 0 0
1522195200 0 0 0 0
1522108800 0 0 0 0
1522022400 0 0 0 0
1521936000 0 0 0 0
1521849600 0 0 0 0
1521763200 0 0 0 0
1521676800 0 0 0 0
1521590400 0 0 0 0
1521504000 0 0 0 0
1521417600 0 0 0 0
1521331200 0 0 0 0
1521244800 0 0 0 0
1521158400 0 0 0 0
1521072000 0 0 0 0
1520985600 0 0 0 0
1520899200 0 0 0 0
1520812800 0 0 0 0
1520726400 0 0 0 0
1520640000 0 0 0 0
1520553600 0 0 0 0
1520467200 0 0 0 0
1520380800 0 0 0 0
1520294400 0 0 0 0
1520208000 0 0 0 0
1520121600 0 0 0 0
1520035200 0 0 0 0
1519948800 0 0 0 0
1519862400 0 0 0 0
1519776000 0 0 0 0
1519689600 0 0 0 0
1519603200 0 0 0 0
1519516800 0 0 0 0
1519430400 0 0 0 0
1519344000 0 0 0 0
1519257600 0 0 0 0
1519171200 0 0 0 0
1519084800 0 0 0 0
1518998400 0 0 0 0
1518912000 0 0 0 0
1518825600 0 0 0 0
1518739200 0 0 0 0
1518652800 0 0 0 0
1518566400 0 0 0 0
1518480000 0 0 0 0
1518393600 0 0 0 0
1518307200 0 0 0 0
1518220800 0 0 0 0
1518134400 0 0 0 0
1518048000 0 0 0 0
1517961600 0 0 0 0
1517875200 0 0 0 0
1517788800 0 0 0 0
1517702400 0 0 0 0
1517616000 0 0 0 0
1517529600 0 0 0 0
1517443200 0 0 0 0
1517356800 0 0 0 0
1517270400 0 0 0 0
1517184000 0 0 0 0
1517097600 0 0 0 0
1517011200 0 0 0 0
1516924800 0 0 0 0
1516838400 0 0 0 0
1516752000 0 0 0 0
1516665600 0 0 0 0
1516579200 0 0 0 0
1516492800 0 0 0 0
1516406400 0 0 0 0
1516320000 0 0 0 0
1516233600 0 0 0 0
1516147200 0 0 0 0
1516060800 0 0 0 0
1515974400 0 0 0 0
1515888000 0 0 0 0
1515801600 0 0 0 0
1515715200 0 0 0 0
1515628800 0 0 0 0
1515542400 0 0 0 0
1515456000 0 0 0 0
1515369600 0 0 0 0
1515283200 0 0 0 0
1515196800 0 0 0 0
1515110400 0 0 0 0
1515024000 0 0 0 0
1514937600 0 0 0 0
1514851200 0 0 0 0
1514764800 0 0 0 0
1514678400 0 0 0 0
1514592000 0 0 0 0
1514505600 0 0 0 0
1514419200 0 0 0 0
1514332800 0 0 0 0
1514246400 0 0 0 0
1514160000 0 0 0 0
1514073600 0 0 0 0
1513987200 0 0 0 0
1513900800 0 0 0 0
1513814400 0 0 0 0
1513728000 0 0 0 0
1513641600 0 0 0 0
1513555200 0 0 0 0
1513468800 0 0 0 0
1513382400 0 0 0 0
1513296000 0 0 0 0
1513209600 0 0 0 0
1513123200 0 0 0 0
1513036800 0 0 0 0
1512950400 0 0 0 0
1512864000 0 0 0 0
1512777600 0 0 0 0
1512691200 0 0 0 0
1512604800 0 0 0 0
1512518400 0 0 0 0
1512432000 0 0 0 0
1512345600 0 0 0 0
1512259200 0 0 0 0
1512172800 0 0 0 0
1512086400 0 0 0 0
1512000000 0 0 0 0
1511913600 0 0 0 0
1511827200 0 0 0 0
1511740800 0 0 0 0
1511654400 0 0 0 0
1511568000 0 0 0 0
1511481600 0 0 0 0
1511395200 0 0 0 0
1511308800 0 0 0 0
1511222400 0 0 0 0
1511136000 0 0 0 0
1511049600 0 0 0 0
1510963200 0 0 0 0
1510876800 0 0 0 0
1510790400 0 0 0 0
1510704000 0 0 0 0
1510617600 0 0 0 0
1510531200 0 0 0 0
1510444800 0 0 0 0
1510358400 0 0 0 0
1510272000 0 0 0 0
1510185600 0 0 0 0
1510099200 0 0 0 0
1510012800 0 0 0 0
1509926400 0 0 0 0
1509840000 0 0 0 0
1509753600 0 0 0 0
1509667200 0 0 0 0
1509580800 0 0 0 0
1509494400 0 0 0 0
1509408000 0 0 0 0
1509321600 0 0 0 0
1509235200 0 0 0 0
1509148800 0 0 0 0
1509062400 0 0 0 0
1508976000 0 0 0 0
1508889600 0 0 0 0
1508803200 0 0 0 0
1508716800 0 0 0 0
1508630400 0 0 0 0
1508544000 0 0 0 0
1508457600 0 0 0 0
1508371200 0 0 0 0
1508284800 0 0 0 0
1508198400 0 0 0 0
1508112000 0 0 0 0
1508025600 0 0 0 0
1507939200 0 0 0 0
1507852800 0 0 0 0
1507766400 0 0 0 0
1507680000 0 0 0 0
1507593600 0 0 0 0
1507507200 0 0 0 0
1507420800 0 0 0 0
1507334400 0 0 0 0
1507248000 0 0 0 0
1507161600 0 0 0 0
1507075200 0 0 0 0
1506988800 0 0 0 0
1506902400 0 0 0 0
1506816000 0 0 0 0
1506729600 0 0 0 0
1506643200 0 0 0 0
1506556800 0 0 0 0
1506470400 0 0 0 0
1506384000 0 0 0 0
1506297600 0 0 0 0
1506211200 0 0 0 0
1506124800 0 0 0 0
1506038400 0 0 0 0
1505952000 0 0 0 0
1505865600 0 0 0 0
1505779200 0 0 0 0
1505692800 0 0 0 0
1505606400 0 0 0 0
1505520000 0 0 0 0
1505433600 0 0 0 0
1505347200 0 0 0 0
1505260800 0 0 0 0
1505174400 0 0 0 0
1505088000 0 0 0 0
1505001600 0 0 0 0
1504915200 0 0 0 0
1504828800 0 0 0 0
1504742400 0 0 0 0
1504656000 0 0 0 0
1504569600 0 0 0 0
1504483200 0 0 0 0
1504396800 0 0 0 0
1504310400 0 0 0 0
1504224000 0 0 0 0
1504137600 0 0 0 0
1504051200 0 0 0 0
1503964800 0 0 0 0
1503878400 0 0 0 0
1503792000 0 0 0 0
1503705600 0 0 0 0
1503619200 0 0 0 0
1503532800 0 0 0 0
1503446400 0 0 0 0
1503360000 0 0 0 0
1503273600 0 0 0 0
1503187200 0 0 0 0
1503100800 0 0 0 0
1503014400 0 0 0 0
1502928000 0 0 0 0
1502841600 0 0 0 0
1502755200 0 0 0 0
1502668800 0 0 0 0
1502582400 0 0 0 0
1502496000 0 0 0 0
1502409600 0 0 0 0
1502323200 0 0 0 0
1502236800 0 0 0 0
1502150400 0 0 0 0
1502064000 0 0 0 0
1501977600 0 0 0 0
1501891200 0 0 0 0
1501804800 0 0 0 0
1501718400 0 0 0 0
1501632000 0 0 0 0
1501545600 0 0 0 0
1501459200 0 0 0 0
1501372800 0 0 0 0
1501286400 0 0 0 0
1501200000 0 0 0 0
1501113600 0 0 0 0
1501027200 0 0 0 0
1500940800 0 0 0 0
1500854400 0 0 0 0
1500768000 0 0 0 0
1500681600 0 0 0 0
1500595200 0 0 0 0
1500508800 0 0 0 0
1500422400 0 0 0 0
1500336000 0 0 0 0
1500249600 0 0 0 0
1500163200 0 0 0 0
1500076800 0 0 0 0
1499990400 0 0 0 0
1499904000 0 0 0 0
1499817600 0 0 0 0
1499731200 0 0 0 0
1499644800 0 0 0 0
1499558400 0 0 0 0
1499472000 0 0 0 0
1499385600 0 0 0 0
1499299200 0 0 0 0
1499212800 0 0 0 0
1499126400 0 0 0 0
1499040000 0 0 0 0
1498953600 0 0 0 0
1498867200 0 0 0 0
1498780800 0 0 0 0
1498694400 0 0 0 0
1498608000 0 0 0 0
1498521600 0 0 0 0
1498435200 0 0 0 0
1498348800 0 0 0 0
1498262400 0 0 0 0
1498176000 0 0 0 0
1498089600 0 0 0 0
1498003200 0 0 0 0
1497916800 0 0 0 0
1497830400 0 0 0 0
1497744000 0 0 0 0
1497657600 0 0 0 0
1497571200 0 0 0 0
1497484800 0 0 0 0
1497398400 0 0 0 0
1497312000 0 0 0 0
1497225600 0 0 0 0
1497139200 0 0 0 0
1497052800 0 0 0 0
1496966400 0 0 0 0
1496880000 0 0 0 0
1496793600 0 0 0 0
1496707200 0 0 0 0
1496620800 0 0 0 0
1496534400 0 0 0 0
1496448000 0 0 0 0
1496361600 0 0 0 0
1496275200 0 0 0 0
1496188800 0 0 0 0
1496102400 0 0 0 0
1496016000 0 0 0 0
1495929600 0 0 0 0
1495843200 0 0 0 0
1495756800 0 0 0 0
1495670400 0 0 0 0
1495584000 0 0 0 0
1495497600 0 0 0 0
1495411200 0 0 0 0
1495324800 0 0 0 0
1495238400 0 0 0 0
1495152000 0 0 0 0
1495065600 0 0 0 0
1494979200 0 0 0 0
1494892800 0 0 0 0
1494806400 0 0 0 0
1494720000 0 0 0 0
1494633600 0 0 0 0
1494547200 0 0 0 0
1494460800 0 0 0 0
1494374400 0 0 0 0
1494288000 0 0 0 0
1494201600 0 0 0 0
1494115200 0 0 0 0
1494028800 0 0 0 0
1493942400 0 0 0 0
1493856000 0 0 0 0
1493769600 0 0 0 0
1493683200 0 0 0 0
1493596800 0 0 0 0
1493510400 0 0 0 0
1493424000 0 0 0 0
1493337600 0 0 0 0
1493251200 0 0 0 0
1493164800 0 0 0 0
1493078400 0 0 0 0
1492992000 0 0 0 0
1492905600 0 0 0 0
1492819200 0 0 0 0
1492732800 0 0 0 0
1492646400 0 0 0 0
1492560000 0 0 0 0
1492473600 0 0 0 0
1492387200 0 0 0 0
1492300800 0 0 0 0
1492214400 0 0 0 0
1492128000 0 0 0 0
1492041600 0 0 0 0
1491955200 0 0 0 0
1491868800 0 0 0 0
1491782400 0 0 0 0
1491696000 0 0 0 0
1491609600 0 0 0 0
1491523200 0 0 0 0
1491436800 0 0 0 0
1491350400 0 0 0 0
1491264000 0 0 0 0
1491177600 0 0 0 0
1491091200 0 0 0 0
1491004800 0 0 0 0
1490918400 0 0 0 0
1490832000 0 0 0 0
1490745600 0 0 0 0
1490659200 0 0 0 0
1490572800 0 0 0 0
1490486400 0 0 0 0
1490400000 0 0 0 0
1490313600 0 0 0 0
1490227200 0 0 0 0
1490140800 0 0 0 0
1490054400 0 0 0 0
1489968000 0 0 0 0
1489881600 0 0 0 0
1489795200 0 0 0 0
1489708800 0 0 0 0
1489622400 0 0 0 0
1489536000 0 0 0 0
1489449600 0 0 0 0
1489363200 0 0 0 0
1489276800 0 0 0 0
1489190400 0 0 0 0
1489104000 0 0 0 0
1489017600 0 0 0 0
1488931200 0 0 0 0
1488844800 0 0 0 0
1488758400 0 0 0 0
1488672000 0 0 0 0
1488585600 0 0 0 0
1488499200 0 0 0 0
1488412800 0 0 0 0
1488326400 0 0 0 0
1488240000 0 0 0 0
1488153600 0 0 0 0
1488067200 0 0 0 0
1487980800 0 0 0 0
1487894400 0 0 0 0
1487808000 0 0 0 0
1487721600 0 0 0 0
1487635200 0 0 0 0
1487548800 0 0 0 0
1487462400 0 0 0 0
1487376000 0 0 0 0
1487289600 0 0 0 0
1487203200 0 0 0 0
1487116800 0 0 0 0
1487030400 0 0 0 0
1486944000 0 0 0 0
1486857600 0 0 0 0
1486771200 0 0 0 0
1486684800 0 0 0 0
1486598400 0 0 0 0
1486512000 0 0 0 0
1486425600 0 0 0 0
1486339200 0 0 0 0
1486252800 0 0 0 0
1486166400 0 0 0 0
1486080000 0 0 0 0
1485993600 0 0 0 0
1485907200 0 0 0 0
1485820800 0 0 0 0
1485734400 0 0 0 0
1485648000 0 0 0 0
1485561600 0 0 0 0
1485475200 0 0 0 0
1485388800 0 0 0 0
1485302400 0 0 0 0
1485216000 0 0 0 0
1485129600 0 0 0 0
1485043200 0 0 0 0
1484956800 0 0 0 0
1484870400 0 0 0 0
1484784000 0 0 0 0
1484697600 0 0 0 0
1484611200 0 0 0 0
1484524800 0 0 0 0
1484438400 0 0 0 0
1484352000 0 0 0 0
1484265600 0 0 0 0
1484179200 0 0 0 0
1484092800 0 0 0 0
1484006400 0 0 0 0
1483920000 0 0 0 0
1483833600 0 0 0 0
1483747200 0 0 0 0
1483660800 0 0 0 0
1483574400 0 0 0 0
1483488000 0 0 0 0
1483401600 0 0 0 0
1483315200 0 0 0 0
1483228800 0 0 0 0
1483142400 0 0 0 0
1483056000 0 0 0 0
1482969600 0 0 0 0
1482883200 0 0 0 0
1482796800 0 0 0 0
1482710400 0 0 0 0
1482624000 0 0 0 0
1482537600 0 0 0 0
1482451200 0 0 0 0
1482364800 0 0 0 0
1482278400 0 0 0 0
1482192000 0 0 0 0
1482105600 0 0 0 0
1482019200 0 0 0 0
1481932800 0 0 0 0
1481846400 0 0 0 0
1481760000 0 0 0 0
1481673600 0 0 0 0
1481587200 0 0 0 0
1481500800 0 0 0 0
1481414400 0 0 0 0
1481328000 0 0 0 0
1481241600 0 0 0 0
1481155200 0 0 0 0
1481068800 0 0 0 0
1480982400 0 0 0 0
1480896000 0 0 0 0
1480809600 0 0 0 0
1480723200 0 0 0 0
1480636800 0 0 0 0
