1525756200 0 0
1525756200 0 0 0 0
1525755900 0 0 0 0
1525755600 0 0 0 0
1525755300 0 0 0 0
1525755000 0 0 0 0
1525754700 0 0 0 0
1525754400 0 0 0 0
1525754100 0 0 0 0
1525753800 0 0 0 0
1525753500 0 0 0 0
1525753200 0 0 0 0
1525752900 0 0 0 0
1525752600 0 0 0 0
1525752300 0 0 0 0
1525752000 0 0 0 0
1525751700 0 0 0 0
1525751400 0 0 0 0
1525751100 0 0 0 0
1525750800 0 0 0 0
1525750500 0 0 0 0
1525750200 0 0 0 0
1525749900 0 0 0 0
1525749600 0 0 0 0
1525749300 0 0 0 0
1525749000 0 0 0 0
1525748700 0 0 0 0
1525748400 0 0 0 0
1525748100 0 0 0 0
1525747800 0 0 0 0
1525747500 0 0 0 0
1525747200 0 0 0 0
1525746900 0 0 0 0
1525746600 0 0 0 0
1525746300 0 0 0 0
1525746000 0 0 0 0
1525745700 0 0 0 0
1525745400 0 0 0 0
1525745100 0 0 0 0
1525744800 0 0 0 0
1525744500 0 0 0 0
1525744200 0 0 0 0
1525743900 0 0 0 0
1525743600 0 0 0 0
1525743300 0 0 0 0
1525743000 0 0 0 0
1525742700 0 0 0 0
1525742400 0 0 0 0
1525742100 0 0 0 0
1525741800 0 0 0 0
1525741500 0 0 0 0
1525741200 0 0 0 0
1525740900 0 0 0 0
1525740600 0 0 0 0
1525740300 0 0 0 0
1525740000 0 0 0 0
1525739700 0 0 0 0
1525739400 0 0 0 0
1525739100 0 0 0 0
1525738800 0 0 0 0
1525738500 0 0 0 0
1525738200 0 0 0 0
1525737900 0 0 0 0
1525737600 0 0 0 0
1525737300 0 0 0 0
1525737000 0 0 0 0
1525736700 0 0 0 0
1525736400 0 0 0 0
1525736100 0 0 0 0
1525735800 0 0 0 0
1525735500 0 0 0 0
1525735200 0 0 0 0
1525734900 0 0 0 0
1525734600 0 0 0 0
1525734300 0 0 0 0
1525734000 0 0 0 0
1525733700 0 0 0 0
1525733400 0 0 0 0
1525733100 0 0 0 0
1525732800 0 0 0 0
1525732500 0 0 0 0
1525732200 0 0 0 0
1525731900 0 0 0 0
1525731600 0 0 0 0
1525731300 0 0 0 0
1525731000 0 0 0 0
1525730700 0 0 0 0
1525730400 0 0 0 0
1525730100 0 0 0 0
1525729800 0 0 0 0
1525729500 0 0 0 0
1525729200 0 0 0 0
1525728900 0 0 0 0
1525728600 0 0 0 0
1525728300 0 0 0 0
1525728000 0 0 0 0
1525727700 0 0 0 0
1525727400 0 0 0 0
1525727100 0 0 0 0
1525726800 0 0 0 0
1525726500 0 0 0 0
1525726200 0 0 0 0
1525725900 0 0 0 0
1525725600 0 0 0 0
1525725300 0 0 0 0
1525725000 0 0 0 0
1525724700 0 0 0 0
1525724400 0 0 0 0
1525724100 0 0 0 0
1525723800 0 0 0 0
1525723500 0 0 0 0
1525723200 0 0 0 0
1525722900 0 0 0 0
1525722600 0 0 0 0
1525722300 0 0 0 0
1525722000 0 0 0 0
1525721700 0 0 0 0
1525721400 0 0 0 0
1525721100 0 0 0 0
1525720800 0 0 0 0
1525720500 0 0 0 0
1525720200 0 0 0 0
1525719900 0 0 0 0
1525719600 0 0 0 0
1525719300 0 0 0 0
1525719000 0 0 0 0
1525718700 0 0 0 0
1525718400 0 0 0 0
1525718100 0 0 0 0
1525717800 0 0 0 0
1525717500 0 0 0 0
1525717200 0 0 0 0
1525716900 0 0 0 0
1525716600 0 0 0 0
1525716300 0 0 0 0
1525716000 0 0 0 0
1525715700 0 0 0 0
1525715400 0 0 0 0
1525715100 0 0 0 0
1525714800 0 0 0 0
1525714500 0 0 0 0
1525714200 0 0 0 0
1525713900 0 0 0 0
1525713600 0 0 0 0
1525713300 0 0 0 0
1525713000 0 0 0 0
1525712700 0 0 0 0
1525712400 0 0 0 0
1525712100 0 0 0 0
1525711800 0 0 0 0
1525711500 0 0 0 0
1525711200 0 0 0 0
1525710900 0 0 0 0
1525710600 0 0 0 0
1525710300 0 0 0 0
1525710000 0 0 0 0
1525709700 0 0 0 0
1525709400 0 0 0 0
1525709100 0 0 0 0
1525708800 0 0 0 0
1525708500 0 0 0 0
1525708200 0 0 0 0
1525707900 0 0 0 0
1525707600 0 0 0 0
1525707300 0 0 0 0
1525707000 0 0 0 0
1525706700 0 0 0 0
1525706400 0 0 0 0
1525706100 0 0 0 0
1525705800 0 0 0 0
1525705500 0 0 0 0
1525705200 0 0 0 0
1525704900 0 0 0 0
1525704600 0 0 0 0
1525704300 0 0 0 0
1525704000 0 0 0 0
1525703700 0 0 0 0
1525703400 0 0 0 0
1525703100 0 0 0 0
1525702800 0 0 0 0
1525702500 0 0 0 0
1525702200 0 0 0 0
1525701900 0 0 0 0
1525701600 0 0 0 0
1525701300 0 0 0 0
1525701000 0 0 0 0
1525700700 0 0 0 0
1525700400 0 0 0 0
1525700100 0 0 0 0
1525699800 0 0 0 0
1525699500 0 0 0 0
1525699200 0 0 0 0
1525698900 0 0 0 0
1525698600 0 0 0 0
1525698300 0 0 0 0
1525698000 0 0 0 0
1525697700 0 0 0 0
1525697400 0 0 0 0
1525697100 0 0 0 0
1525696800 0 0 0 0
1525696500 0 0 0 0
1525696200 0 0 0 0
1525695900 0 0 0 0
1525695600 0 0 0 0
1525695300 0 0 0 0
1525695000 0 0 0 0
1525694700 0 0 0 0
1525694400 0 0 0 0
1525694100 0 0 0 0
1525693800 0 0 0 0
1525693500 0 0 0 0
1525693200 0 0 0 0
1525692900 0 0 0 0
1525692600 0 0 0 0
1525692300 0 0 0 0
1525692000 0 0 0 0
1525691700 0 0 0 0
1525691400 0 0 0 0
1525691100 0 0 0 0
1525690800 0 0 0 0
1525690500 0 0 0 0
1525690200 0 0 0 0
1525689900 0 0 0 0
1525689600 0 0 0 0
1525689300 0 0 0 0
1525689000 0 0 0 0
1525688700 0 0 0 0
1525688400 0 0 0 0
1525688100 0 0 0 0
1525687800 0 0 0 0
1525687500 0 0 0 0
1525687200 0 0 0 0
1525686900 0 0 0 0
1525686600 0 0 0 0
1525686300 0 0 0 0
1525686000 0 0 0 0
1525685700 0 0 0 0
1525685400 0 0 0 0
1525685100 0 0 0 0
1525684800 0 0 0 0
1525684500 0 0 0 0
1525684200 0 0 0 0
1525683900 0 0 0 0
1525683600 0 0 0 0
1525683300 0 0 0 0
1525683000 0 0 0 0
1525682700 0 0 0 0
1525682400 0 0 0 0
1525682100 0 0 0 0
1525681800 0 0 0 0
1525681500 0 0 0 0
1525681200 0 0 0 0
1525680900 0 0 0 0
1525680600 0 0 0 0
1525680300 0 0 0 0
1525680000 0 0 0 0
1525679700 0 0 0 0
1525679400 0 0 0 0
1525679100 0 0 0 0
1525678800 0 0 0 0
1525678500 0 0 0 0
1525678200 0 0 0 0
1525677900 0 0 0 0
1525677600 0 0 0 0
1525677300 0 0 0 0
1525677000 0 0 0 0
1525676700 0 0 0 0
1525676400 0 0 0 0
1525676100 0 0 0 0
1525675800 0 0 0 0
1525675500 0 0 0 0
1525675200 0 0 0 0
1525674900 0 0 0 0
1525674600 0 0 0 0
1525674300 0 0 0 0
1525674000 0 0 0 0
1525673700 0 0 0 0
1525673400 0 0 0 0
1525673100 0 0 0 0
1525672800 0 0 0 0
1525672500 0 0 0 0
1525672200 0 0 0 0
1525671900 0 0 0 0
1525671600 0 0 0 0
1525671300 0 0 0 0
1525671000 0 0 0 0
1525670700 0 0 0 0
1525670400 0 0 0 0
1525670100 0 0 0 0
1525669800 0 0 0 0
1525669500 0 0 0 0
1525669200 0 0 0 0
1525668900 0 0 0 0
1525668600 0 0 0 0
1525668300 0 0 0 0
1525668000 0 0 0 0
1525667700 0 0 0 0
1525667400 0 0 0 0
1525667100 0 0 0 0
1525666800 0 0 0 0
1525666500 0 0 0 0
1525666200 0 0 0 0
1525665900 0 0 0 0
1525665600 0 0 0 0
1525665300 0 0 0 0
1525665000 0 0 0 0
1525664700 0 0 0 0
1525664400 0 0 0 0
1525664100 0 0 0 0
1525663800 0 0 0 0
1525663500 0 0 0 0
1525663200 0 0 0 0
1525662900 0 0 0 0
1525662600 0 0 0 0
1525662300 0 0 0 0
1525662000 0 0 0 0
1525661700 0 0 0 0
1525661400 0 0 0 0
1525661100 0 0 0 0
1525660800 0 0 0 0
1525660500 0 0 0 0
1525660200 0 0 0 0
1525659900 0 0 0 0
1525659600 0 0 0 0
1525659300 0 0 0 0
1525659000 0 0 0 0
1525658700 0 0 0 0
1525658400 0 0 0 0
1525658100 0 0 0 0
1525657800 0 0 0 0
1525657500 0 0 0 0
1525657200 0 0 0 0
1525656900 0 0 0 0
1525656600 0 0 0 0
1525656300 0 0 0 0
1525656000 0 0 0 0
1525655700 0 0 0 0
1525655400 0 0 0 0
1525655100 0 0 0 0
1525654800 0 0 0 0
1525654500 0 0 0 0
1525654200 0 0 0 0
1525653900 0 0 0 0
1525653600 0 0 0 0
1525653300 0 0 0 0
1525653000 0 0 0 0
1525652700 0 0 0 0
1525652400 0 0 0 0
1525652100 0 0 0 0
1525651800 0 0 0 0
1525651500 0 0 0 0
1525651200 0 0 0 0
1525650900 0 0 0 0
1525650600 0 0 0 0
1525650300 0 0 0 0
1525650000 0 0 0 0
1525649700 0 0 0 0
1525649400 0 0 0 0
1525649100 0 0 0 0
1525648800 0 0 0 0
1525648500 0 0 0 0
1525648200 0 0 0 0
1525647900 0 0 0 0
1525647600 0 0 0 0
1525647300 0 0 0 0
1525647000 0 0 0 0
1525646700 0 0 0 0
1525646400 0 0 0 0
1525646100 0 0 0 0
1525645800 0 0 0 0
1525645500 0 0 0 0
1525645200 0 0 0 0
1525644900 0 0 0 0
1525644600 0 0 0 0
1525644300 0 0 0 0
1525644000 0 0 0 0
1525643700 0 0 0 0
1525643400 0 0 0 0
1525643100 0 0 0 0
1525642800 0 0 0 0
1525642500 0 0 0 0
1525642200 0 0 0 0
1525641900 0 0 0 0
1525641600 0 0 0 0
1525641300 0 0 0 0
1525641000 0 0 0 0
1525640700 0 0 0 0
1525640400 0 0 0 0
1525640100 0 0 0 0
1525639800 0 0 0 0
1525639500 0 0 0 0
1525639200 0 0 0 0
1525638900 0 0 0 0
1525638600 0 0 0 0
1525638300 0 0 0 0
1525638000 0 0 0 0
1525637700 0 0 0 0
1525637400 0 0 0 0
1525637100 0 0 0 0
1525636800 0 0 0 0
1525636500 0 0 0 0
1525636200 0 0 0 0
1525635900 0 0 0 0
1525635600 0 0 0 0
1525635300 0 0 0 0
1525635000 0 0 0 0
1525634700 0 0 0 0
1525634400 0 0 0 0
1525634100 0 0 0 0
1525633800 0 0 0 0
1525633500 0 0 0 0
1525633200 0 0 0 0
1525632900 0 0 0 0
1525632600 0 0 0 0
1525632300 0 0 0 0
1525632000 0 0 0 0
1525631700 0 0 0 0
1525631400 0 0 0 0
1525631100 0 0 0 0
1525630800 0 0 0 0
1525630500 0 0 0 0
1525630200 0 0 0 0
1525629900 0 0 0 0
1525629600 0 0 0 0
1525629300 0 0 0 0
1525629000 0 0 0 0
1525628700 0 0 0 0
1525628400 0 0 0 0
1525628100 0 0 0 0
1525627800 0 0 0 0
1525627500 0 0 0 0
1525627200 0 0 0 0
1525626900 0 0 0 0
1525626600 0 0 0 0
1525626300 0 0 0 0
1525626000 0 0 0 0
1525625700 0 0 0 0
1525625400 0 0 0 0
1525625100 0 0 0 0
1525624800 0 0 0 0
1525624500 0 0 0 0
1525624200 0 0 0 0
1525623900 0 0 0 0
1525623600 0 0 0 0
1525623300 0 0 0 0
1525623000 0 0 0 0
1525622700 0 0 0 0
1525622400 0 0 0 0
1525622100 0 0 0 0
1525621800 0 0 0 0
1525621500 0 0 0 0
1525621200 0 0 0 0
1525620900 0 0 0 0
1525620600 0 0 0 0
1525620300 0 0 0 0
1525620000 0 0 0 0
1525619700 0 0 0 0
1525619400 0 0 0 0
1525619100 0 0 0 0
1525618800 0 0 0 0
1525618500 0 0 0 0
1525618200 0 0 0 0
1525617900 0 0 0 0
1525617600 0 0 0 0
1525617300 0 0 0 0
1525617000 0 0 0 0
1525616700 0 0 0 0
1525616400 0 0 0 0
1525616100 0 0 0 0
1525615800 0 0 0 0
1525615500 0 0 0 0
1525615200 0 0 0 0
1525614900 0 0 0 0
1525614600 0 0 0 0
1525614300 0 0 0 0
1525614000 0 0 0 0
1525613700 0 0 0 0
1525613400 0 0 0 0
1525613100 0 0 0 0
1525612800 0 0 0 0
1525612500 0 0 0 0
1525612200 0 0 0 0
1525611900 0 0 0 0
1525611600 0 0 0 0
1525611300 0 0 0 0
1525611000 0 0 0 0
1525610700 0 0 0 0
1525610400 0 0 0 0
1525610100 0 0 0 0
1525609800 0 0 0 0
1525609500 0 0 0 0
1525609200 0 0 0 0
1525608900 0 0 0 0
1525608600 0 0 0 0
1525608300 0 0 0 0
1525608000 0 0 0 0
1525607700 0 0 0 0
1525607400 0 0 0 0
1525607100 0 0 0 0
1525606800 0 0 0 0
1525606500 0 0 0 0
1525606200 0 0 0 0
1525605900 0 0 0 0
1525605600 0 0 0 0
1525605300 0 0 0 0
1525605000 0 0 0 0
1525604700 0 0 0 0
1525604400 0 0 0 0
1525604100 0 0 0 0
1525603800 0 0 0 0
1525603500 0 0 0 0
1525603200 0 0 0 0
1525602900 0 0 0 0
1525602600 0 0 0 0
1525602300 0 0 0 0
1525602000 0 0 0 0
1525601700 0 0 0 0
1525601400 0 0 0 0
1525601100 0 0 0 0
1525600800 0 0 0 0
1525600500 0 0 0 0
1525600200 0 0 0 0
1525599900 0 0 0 0
1525599600 0 0 0 0
1525599300 0 0 0 0
1525599000 0 0 0 0
1525598700 0 0 0 0
1525598400 0 0 0 0
1525598100 0 0 0 0
1525597800 0 0 0 0
1525597500 0 0 0 0
1525597200 0 0 0 0
1525596900 0 0 0 0
1525596600 0 0 0 0
1525596300 0 0 0 0
1525596000 0 0 0 0
1525595700 0 0 0 0
1525595400 0 0 0 0
1525595100 0 0 0 0
1525594800 0 0 0 0
1525594500 0 0 0 0
1525594200 0 0 0 0
1525593900 0 0 0 0
1525593600 0 0 0 0
1525593300 0 0 0 0
1525593000 0 0 0 0
1525592700 0 0 0 0
1525592400 0 0 0 0
1525592100 0 0 0 0
1525591800 0 0 0 0
1525591500 0 0 0 0
1525591200 0 0 0 0
1525590900 0 0 0 0
1525590600 0 0 0 0
1525590300 0 0 0 0
1525590000 0 0 0 0
1525589700 0 0 0 0
1525589400 0 0 0 0
1525589100 0 0 0 0
1525588800 0 0 0 0
1525588500 0 0 0 0
1525588200 0 0 0 0
1525587900 0 0 0 0
1525587600 0 0 0 0
1525587300 0 0 0 0
1525587000 0 0 0 0
1525586700 0 0 0 0
1525586400 0 0 0 0
1525586100 0 0 0 0
1525585800 0 0 0 0
1525585500 0 0 0 0
1525585200 0 0 0 0
1525584900 0 0 0 0
1525584600 0 0 0 0
1525584300 0 0 0 0
1525584000 0 0 0 0
1525583700 0 0 0 0
1525583400 0 0 0 0
1525583100 0 0 0 0
1525582800 0 0 0 0
1525582500 0 0 0 0
1525582200 0 0 0 0
1525581900 0 0 0 0
1525581600 0 0 0 0
1525581300 0 0 0 0
1525581000 0 0 0 0
1525580700 0 0 0 0
1525580400 0 0 0 0
1525580100 0 0 0 0
1525579800 0 0 0 0
1525579500 0 0 0 0
1525579200 0 0 0 0
1525578900 0 0 0 0
1525578600 0 0 0 0
1525578300 0 0 0 0
1525578000 0 0 0 0
1525577700 0 0 0 0
1525577400 0 0 0 0
1525577100 0 0 0 0
1525576800 0 0 0 0
1525576500 0 0 0 0
1525576200 0 0 0 0
1525575600 0 0 0 0
1525573800 0 0 0 0
1525572000 0 0 0 0
1525570200 0 0 0 0
1525568400 0 0 0 0
1525566600 0 0 0 0
1525564800 0 0 0 0
1525563000 0 0 0 0
1525561200 0 0 0 0
1525559400 0 0 0 0
1525557600 0 0 0 0
1525555800 0 0 0 0
1525554000 0 0 0 0
1525552200 0 0 0 0
1525550400 0 0 0 0
1525548600 0 0 0 0
1525546800 0 0 0 0
1525545000 0 0 0 0
1525543200 0 0 0 0
1525541400 0 0 0 0
1525539600 0 0 0 0
1525537800 0 0 0 0
1525536000 0 0 0 0
1525534200 0 0 0 0
1525532400 0 0 0 0
1525530600 0 0 0 0
1525528800 0 0 0 0
1525527000 0 0 0 0
1525525200 0 0 0 0
1525523400 0 0 0 0
1525521600 0 0 0 0
1525519800 0 0 0 0
1525518000 0 0 0 0
1525516200 0 0 0 0
1525514400 0 0 0 0
1525512600 0 0 0 0
1525510800 0 0 0 0
1525509000 0 0 0 0
1525507200 0 0 0 0
1525505400 0 0 0 0
1525503600 0 0 0 0
1525501800 0 0 0 0
1525500000 0 0 0 0
1525498200 0 0 0 0
1525496400 0 0 0 0
1525494600 0 0 0 0
1525492800 0 0 0 0
1525491000 0 0 0 0
1525489200 0 0 0 0
1525487400 0 0 0 0
1525485600 0 0 0 0
1525483800 0 0 0 0
1525482000 0 0 0 0
1525480200 0 0 0 0
1525478400 0 0 0 0
1525476600 0 0 0 0
1525474800 0 0 0 0
1525473000 0 0 0 0
1525471200 0 0 0 0
1525469400 0 0 0 0
1525467600 0 0 0 0
1525465800 0 0 0 0
1525464000 0 0 0 0
1525462200 0 0 0 0
1525460400 0 0 0 0
1525458600 0 0 0 0
1525456800 0 0 0 0
1525455000 0 0 0 0
1525453200 0 0 0 0
1525451400 0 0 0 0
1525449600 0 0 0 0
1525447800 0 0 0 0
1525446000 0 0 0 0
1525444200 0 0 0 0
1525442400 0 0 0 0
1525440600 0 0 0 0
1525438800 0 0 0 0
1525437000 0 0 0 0
1525435200 0 0 0 0
1525433400 0 0 0 0
1525431600 0 0 0 0
1525429800 0 0 0 0
1525428000 0 0 0 0
1525426200 0 0 0 0
1525424400 0 0 0 0
1525422600 0 0 0 0
1525420800 0 0 0 0
1525419000 0 0 0 0
1525417200 0 0 0 0
1525415400 0 0 0 0
1525413600 0 0 0 0
1525411800 0 0 0 0
1525410000 0 0 0 0
1525408200 0 0 0 0
1525406400 0 0 0 0
1525404600 0 0 0 0
1525402800 0 0 0 0
1525401000 0 0 0 0
1525399200 0 0 0 0
1525397400 0 0 0 0
1525395600 0 0 0 0
1525393800 0 0 0 0
1525392000 0 0 0 0
1525390200 0 0 0 0
1525388400 0 0 0 0
1525386600 0 0 0 0
1525384800 0 0 0 0
1525383000 0 0 0 0
1525381200 0 0 0 0
1525379400 0 0 0 0
1525377600 0 0 0 0
1525375800 0 0 0 0
1525374000 0 0 0 0
1525372200 0 0 0 0
1525370400 0 0 0 0
1525368600 0 0 0 0
1525366800 0 0 0 0
1525365000 0 0 0 0
1525363200 0 0 0 0
1525361400 0 0 0 0
1525359600 0 0 0 0
1525357800 0 0 0 0
1525356000 0 0 0 0
1525354200 0 0 0 0
1525352400 0 0 0 0
1525350600 0 0 0 0
1525348800 0 0 0 0
1525347000 0 0 0 0
1525345200 0 0 0 0
1525343400 0 0 0 0
1525341600 0 0 0 0
1525339800 0 0 0 0
1525338000 0 0 0 0
1525336200 0 0 0 0
1525334400 0 0 0 0
1525332600 0 0 0 0
1525330800 0 0 0 0
1525329000 0 0 0 0
1525327200 0 0 0 0
1525325400 0 0 0 0
1525323600 0 0 0 0
1525321800 0 0 0 0
1525320000 0 0 0 0
1525318200 0 0 0 0
1525316400 0 0 0 0
1525314600 0 0 0 0
1525312800 0 0 0 0
1525311000 0 0 0 0
1525309200 0 0 0 0
1525307400 0 0 0 0
1525305600 0 0 0 0
1525303800 0 0 0 0
1525302000 0 0 0 0
1525300200 0 0 0 0
1525298400 0 0 0 0
1525296600 0 0 0 0
1525294800 0 0 0 0
1525293000 0 0 0 0
1525291200 0 0 0 0
1525289400 0 0 0 0
1525287600 0 0 0 0
1525285800 0 0 0 0
1525284000 0 0 0 0
1525282200 0 0 0 0
1525280400 0 0 0 0
1525278600 0 0 0 0
1525276800 0 0 0 0
1525275000 0 0 0 0
1525273200 0 0 0 0
1525271400 0 0 0 0
1525269600 0 0 0 0
1525267800 0 0 0 0
1525266000 0 0 0 0
1525264200 0 0 0 0
1525262400 0 0 0 0
1525260600 0 0 0 0
1525258800 0 0 0 0
1525257000 0 0 0 0
1525255200 0 0 0 0
1525253400 0 0 0 0
1525251600 0 0 0 0
1525249800 0 0 0 0
1525248000 0 0 0 0
1525246200 0 0 0 0
1525244400 0 0 0 0
1525242600 0 0 0 0
1525240800 0 0 0 0
1525239000 0 0 0 0
1525237200 0 0 0 0
1525235400 0 0 0 0
1525233600 0 0 0 0
1525231800 0 0 0 0
1525230000 0 0 0 0
1525228200 0 0 0 0
1525226400 0 0 0 0
1525224600 0 0 0 0
1525222800 0 0 0 0
1525221000 0 0 0 0
1525219200 0 0 0 0
1525217400 0 0 0 0
1525215600 0 0 0 0
1525213800 0 0 0 0
1525212000 0 0 0 0
1525210200 0 0 0 0
1525208400 0 0 0 0
1525206600 0 0 0 0
1525204800 0 0 0 0
1525203000 0 0 0 0
1525201200 0 0 0 0
1525199400 0 0 0 0
1525197600 0 0 0 0
1525195800 0 0 0 0
1525194000 0 0 0 0
1525192200 0 0 0 0
1525190400 0 0 0 0
1525188600 0 0 0 0
1525186800 0 0 0 0
1525185000 0 0 0 0
1525183200 0 0 0 0
1525181400 0 0 0 0
1525179600 0 0 0 0
1525177800 0 0 0 0
1525176000 0 0 0 0
1525174200 0 0 0 0
1525172400 0 0 0 0
1525170600 0 0 0 0
1525168800 0 0 0 0
1525167000 0 0 0 0
1525165200 0 0 0 0
1525163400 0 0 0 0
1525161600 0 0 0 0
1525159800 0 0 0 0
1525158000 0 0 0 0
1525156200 0 0 0 0
1525154400 0 0 0 0
1525152600 0 0 0 0
1525150800 0 0 0 0
1525149000 0 0 0 0
1525147200 0 0 0 0
1525145400 0 0 0 0
1525143600 0 0 0 0
1525141800 0 0 0 0
1525140000 0 0 0 0
1525138200 0 0 0 0
1525136400 0 0 0 0
1525134600 0 0 0 0
1525132800 0 0 0 0
1525131000 0 0 0 0
1525129200 0 0 0 0
1525127400 0 0 0 0
1525125600 0 0 0 0
1525123800 0 0 0 0
1525122000 0 0 0 0
1525120200 0 0 0 0
1525118400 0 0 0 0
1525116600 0 0 0 0
1525114800 0 0 0 0
1525113000 0 0 0 0
1525111200 0 0 0 0
1525109400 0 0 0 0
1525107600 0 0 0 0
1525105800 0 0 0 0
1525104000 0 0 0 0
1525102200 0 0 0 0
1525100400 0 0 0 0
1525098600 0 0 0 0
1525096800 0 0 0 0
1525095000 0 0 0 0
1525093200 0 0 0 0
1525091400 0 0 0 0
1525089600 0 0 0 0
1525087800 0 0 0 0
1525086000 0 0 0 0
1525084200 0 0 0 0
1525082400 0 0 0 0
1525080600 0 0 0 0
1525078800 0 0 0 0
1525077000 0 0 0 0
1525075200 0 0 0 0
1525073400 0 0 0 0
1525071600 0 0 0 0
1525069800 0 0 0 0
1525068000 0 0 0 0
1525066200 0 0 0 0
1525064400 0 0 0 0
1525062600 0 0 0 0
1525060800 0 0 0 0
1525059000 0 0 0 0
1525057200 0 0 0 0
1525055400 0 0 0 0
1525053600 0 0 0 0
1525051800 0 0 0 0
1525050000 0 0 0 0
1525048200 0 0 0 0
1525046400 0 0 0 0
1525044600 0 0 0 0
1525042800 0 0 0 0
1525041000 0 0 0 0
1525039200 0 0 0 0
1525037400 0 0 0 0
1525035600 0 0 0 0
1525033800 0 0 0 0
1525032000 0 0 0 0
1525030200 0 0 0 0
1525028400 0 0 0 0
1525026600 0 0 0 0
1525024800 0 0 0 0
1525023000 0 0 0 0
1525021200 0 0 0 0
1525019400 0 0 0 0
1525017600 0 0 0 0
1525015800 0 0 0 0
1525014000 0 0 0 0
1525012200 0 0 0 0
1525010400 0 0 0 0
1525008600 0 0 0 0
1525006800 0 0 0 0
1525005000 0 0 0 0
1525003200 0 0 0 0
1525001400 0 0 0 0
1524999600 0 0 0 0
1524997800 0 0 0 0
1524996000 0 0 0 0
1524994200 0 0 0 0
1524992400 0 0 0 0
1524990600 0 0 0 0
1524988800 0 0 0 0
1524987000 0 0 0 0
1524985200 0 0 0 0
1524983400 0 0 0 0
1524981600 0 0 0 0
1524979800 0 0 0 0
1524978000 0 0 0 0
1524976200 0 0 0 0
1524974400 0 0 0 0
1524972600 0 0 0 0
1524970800 0 0 0 0
1524969000 0 0 0 0
1524967200 0 0 0 0
1524965400 0 0 0 0
1524963600 0 0 0 0
1524961800 0 0 0 0
1524960000 0 0 0 0
1524958200 0 0 0 0
1524956400 0 0 0 0
1524954600 0 0 0 0
1524952800 0 0 0 0
1524951000 0 0 0 0
1524949200 0 0 0 0
1524947400 0 0 0 0
1524945600 0 0 0 0
1524943800 0 0 0 0
1524942000 0 0 0 0
1524940200 0 0 0 0
1524938400 0 0 0 0
1524936600 0 0 0 0
1524934800 0 0 0 0
1524933000 0 0 0 0
1524931200 0 0 0 0
1524929400 0 0 0 0
1524927600 0 0 0 0
1524925800 0 0 0 0
1524924000 0 0 0 0
1524922200 0 0 0 0
1524920400 0 0 0 0
1524918600 0 0 0 0
1524916800 0 0 0 0
1524915000 0 0 0 0
1524913200 0 0 0 0
1524911400 0 0 0 0
1524909600 0 0 0 0
1524907800 0 0 0 0
1524906000 0 0 0 0
1524904200 0 0 0 0
1524902400 0 0 0 0
1524900600 0 0 0 0
1524898800 0 0 0 0
1524897000 0 0 0 0
1524895200 0 0 0 0
1524893400 0 0 0 0
1524891600 0 0 0 0
1524889800 0 0 0 0
1524888000 0 0 0 0
1524886200 0 0 0 0
1524884400 0 0 0 0
1524882600 0 0 0 0
1524880800 0 0 0 0
1524879000 0 0 0 0
1524877200 0 0 0 0
1524875400 0 0 0 0
1524873600 0 0 0 0
1524871800 0 0 0 0
1524870000 0 0 0 0
1524868200 0 0 0 0
1524866400 0 0 0 0
1524864600 0 0 0 0
1524862800 0 0 0 0
1524861000 0 0 0 0
1524859200 0 0 0 0
1524857400 0 0 0 0
1524855600 0 0 0 0
1524853800 0 0 0 0
1524852000 0 0 0 0
1524850200 0 0 0 0
1524848400 0 0 0 0
1524846600 0 0 0 0
1524844800 0 0 0 0
1524843000 0 0 0 0
1524841200 0 0 0 0
1524839400 0 0 0 0
1524837600 0 0 0 0
1524835800 0 0 0 0
1524834000 0 0 0 0
1524832200 0 0 0 0
1524830400 0 0 0 0
1524828600 0 0 0 0
1524826800 0 0 0 0
1524825000 0 0 0 0
1524823200 0 0 0 0
1524821400 0 0 0 0
1524819600 0 0 0 0
1524817800 0 0 0 0
1524816000 0 0 0 0
1524814200 0 0 0 0
1524812400 0 0 0 0
1524810600 0 0 0 0
1524808800 0 0 0 0
1524807000 0 0 0 0
1524805200 0 0 0 0
1524803400 0 0 0 0
1524801600 0 0 0 0
1524799800 0 0 0 0
1524798000 0 0 0 0
1524796200 0 0 0 0
1524794400 0 0 0 0
1524792600 0 0 0 0
1524790800 0 0 0 0
1524789000 0 0 0 0
1524787200 0 0 0 0
1524785400 0 0 0 0
1524783600 0 0 0 0
1524781800 0 0 0 0
1524780000 0 0 0 0
1524778200 0 0 0 0
1524776400 0 0 0 0
1524774600 0 0 0 0
1524772800 0 0 0 0
1524771000 0 0 0 0
1524769200 0 0 0 0
1524767400 0 0 0 0
1524765600 0 0 0 0
1524763800 0 0 0 0
1524762000 0 0 0 0
1524760200 0 0 0 0
1524758400 0 0 0 0
1524756600 0 0 0 0
1524754800 0 0 0 0
1524753000 0 0 0 0
1524751200 0 0 0 0
1524749400 0 0 0 0
1524747600 0 0 0 0
1524745800 0 0 0 0
1524744000 0 0 0 0
1524742200 0 0 0 0
1524740400 0 0 0 0
1524738600 0 0 0 0
1524736800 0 0 0 0
1524735000 0 0 0 0
1524733200 0 0 0 0
1524731400 0 0 0 0
1524729600 0 0 0 0
1524727800 0 0 0 0
1524726000 0 0 0 0
1524724200 0 0 0 0
1524722400 0 0 0 0
1524720600 0 0 0 0
1524718800 0 0 0 0
1524717000 0 0 0 0
1524715200 0 0 0 0
1524713400 0 0 0 0
1524711600 0 0 0 0
1524709800 0 0 0 0
1524708000 0 0 0 0
1524706200 0 0 0 0
1524704400 0 0 0 0
1524702600 0 0 0 0
1524700800 0 0 0 0
1524699000 0 0 0 0
1524697200 0 0 0 0
1524695400 0 0 0 0
1524693600 0 0 0 0
1524691800 0 0 0 0
1524690000 0 0 0 0
1524688200 0 0 0 0
1524686400 0 0 0 0
1524684600 0 0 0 0
1524682800 0 0 0 0
1524681000 0 0 0 0
1524679200 0 0 0 0
1524677400 0 0 0 0
1524675600 0 0 0 0
1524673800 0 0 0 0
1524672000 0 0 0 0
1524670200 0 0 0 0
1524668400 0 0 0 0
1524666600 0 0 0 0
1524664800 0 0 0 0
1524663000 0 0 0 0
1524661200 0 0 0 0
1524659400 0 0 0 0
1524657600 0 0 0 0
1524655800 0 0 0 0
1524654000 0 0 0 0
1524652200 0 0 0 0
1524650400 0 0 0 0
1524648600 0 0 0 0
1524646800 0 0 0 0
1524645000 0 0 0 0
1524643200 0 0 0 0
1524641400 0 0 0 0
1524639600 0 0 0 0
1524637800 0 0 0 0
1524636000 0 0 0 0
1524634200 0 0 0 0
1524632400 0 0 0 0
1524630600 0 0 0 0
1524628800 0 0 0 0
1524627000 0 0 0 0
1524625200 0 0 0 0
1524623400 0 0 0 0
1524621600 0 0 0 0
1524619800 0 0 0 0
1524618000 0 0 0 0
1524616200 0 0 0 0
1524614400 0 0 0 0
1524612600 0 0 0 0
1524610800 0 0 0 0
1524609000 0 0 0 0
1524607200 0 0 0 0
1524605400 0 0 0 0
1524603600 0 0 0 0
1524601800 0 0 0 0
1524600000 0 0 0 0
1524598200 0 0 0 0
1524596400 0 0 0 0
1524594600 0 0 0 0
1524592800 0 0 0 0
1524591000 0 0 0 0
1524589200 0 0 0 0
1524587400 0 0 0 0
1524585600 0 0 0 0
1524583800 0 0 0 0
1524582000 0 0 0 0
1524580200 0 0 0 0
1524578400 0 0 0 0
1524576600 0 0 0 0
1524574800 0 0 0 0
1524573000 0 0 0 0
1524571200 0 0 0 0
1524569400 0 0 0 0
1524567600 0 0 0 0
1524565800 0 0 0 0
1524564000 0 0 0 0
1524562200 0 0 0 0
1524560400 0 0 0 0
1524558600 0 0 0 0
1524556800 0 0 0 0
1524555000 0 0 0 0
1524553200 0 0 0 0
1524551400 0 0 0 0
1524549600 0 0 0 0
1524547800 0 0 0 0
1524546000 0 0 0 0
1524544200 0 0 0 0
1524542400 0 0 0 0
1524540600 0 0 0 0
1524538800 0 0 0 0
1524537000 0 0 0 0
1524535200 0 0 0 0
1524533400 0 0 0 0
1524531600 0 0 0 0
1524529800 0 0 0 0
1524528000 0 0 0 0
1524526200 0 0 0 0
1524524400 0 0 0 0
1524522600 0 0 0 0
1524520800 0 0 0 0
1524519000 0 0 0 0
1524517200 0 0 0 0
1524515400 0 0 0 0
1524513600 0 0 0 0
1524511800 0 0 0 0
1524510000 0 0 0 0
1524508200 0 0 0 0
1524506400 0 0 0 0
1524504600 0 0 0 0
1524502800 0 0 0 0
1524501000 0 0 0 0
1524499200 0 0 0 0
1524497400 0 0 0 0
1524495600 0 0 0 0
1524492000 0 0 0 0
1524484800 0 0 0 0
1524477600 0 0 0 0
1524470400 0 0 0 0
1524463200 0 0 0 0
1524456000 0 0 0 0
1524448800 0 0 0 0
1524441600 0 0 0 0
1524434400 0 0 0 0
1524427200 0 0 0 0
1524420000 0 0 0 0
1524412800 0 0 0 0
1524405600 0 0 0 0
1524398400 0 0 0 0
1524391200 0 0 0 0
1524384000 0 0 0 0
1524376800 0 0 0 0
1524369600 0 0 0 0
1524362400 0 0 0 0
1524355200 0 0 0 0
1524348000 0 0 0 0
1524340800 0 0 0 0
1524333600 0 0 0 0
1524326400 0 0 0 0
1524319200 0 0 0 0
1524312000 0 0 0 0
1524304800 0 0 0 0
1524297600 0 0 0 0
1524290400 0 0 0 0
1524283200 0 0 0 0
1524276000 0 0 0 0
1524268800 0 0 0 0
1524261600 0 0 0 0
1524254400 0 0 0 0
1524247200 0 0 0 0
1524240000 0 0 0 0
1524232800 0 0 0 0
1524225600 0 0 0 0
1524218400 0 0 0 0
1524211200 0 0 0 0
1524204000 0 0 0 0
1524196800 0 0 0 0
1524189600 0 0 0 0
1524182400 0 0 0 0
1524175200 0 0 0 0
1524168000 0 0 0 0
1524160800 0 0 0 0
1524153600 0 0 0 0
1524146400 0 0 0 0
1524139200 0 0 0 0
1524132000 0 0 0 0
1524124800 0 0 0 0
1524117600 0 0 0 0
1524110400 0 0 0 0
1524103200 0 0 0 0
1524096000 0 0 0 0
1524088800 0 0 0 0
1524081600 0 0 0 0
1524074400 0 0 0 0
1524067200 0 0 0 0
1524060000 0 0 0 0
1524052800 0 0 0 0
1524045600 0 0 0 0
1524038400 0 0 0 0
1524031200 0 0 0 0
1524024000 0 0 0 0
1524016800 0 0 0 0
1524009600 0 0 0 0
1524002400 0 0 0 0
1523995200 0 0 0 0
1523988000 0 0 0 0
1523980800 0 0 0 0
1523973600 0 0 0 0
1523966400 0 0 0 0
1523959200 0 0 0 0
1523952000 0 0 0 0
1523944800 0 0 0 0
1523937600 0 0 0 0
1523930400 0 0 0 0
1523923200 0 0 0 0
1523916000 0 0 0 0
1523908800 0 0 0 0
1523901600 0 0 0 0
1523894400 0 0 0 0
1523887200 0 0 0 0
1523880000 0 0 0 0
1523872800 0 0 0 0
1523865600 0 0 0 0
1523858400 0 0 0 0
1523851200 0 0 0 0
1523844000 0 0 0 0
1523836800 0 0 0 0
1523829600 0 0 0 0
1523822400 0 0 0 0
1523815200 0 0 0 0
1523808000 0 0 0 0
1523800800 0 0 0 0
1523793600 0 0 0 0
1523786400 0 0 0 0
1523779200 0 0 0 0
1523772000 0 0 0 0
1523764800 0 0 0 0
1523757600 0 0 0 0
1523750400 0 0 0 0
1523743200 0 0 0 0
1523736000 0 0 0 0
1523728800 0 0 0 0
1523721600 0 0 0 0
1523714400 0 0 0 0
1523707200 0 0 0 0
1523700000 0 0 0 0
1523692800 0 0 0 0
1523685600 0 0 0 0
1523678400 0 0 0 0
1523671200 0 0 0 0
1523664000 0 0 0 0
1523656800 0 0 0 0
1523649600 0 0 0 0
1523642400 0 0 0 0
1523635200 0 0 0 0
1523628000 0 0 0 0
1523620800 0 0 0 0
1523613600 0 0 0 0
1523606400 0 0 0 0
1523599200 0 0 0 0
1523592000 0 0 0 0
1523584800 0 0 0 0
1523577600 0 0 0 0
1523570400 0 0 0 0
1523563200 0 0 0 0
1523556000 0 0 0 0
1523548800 0 0 0 0
1523541600 0 0 0 0
1523534400 0 0 0 0
1523527200 0 0 0 0
1523520000 0 0 0 0
1523512800 0 0 0 0
1523505600 0 0 0 0
1523498400 0 0 0 0
1523491200 0 0 0 0
1523484000 0 0 0 0
1523476800 0 0 0 0
1523469600 0 0 0 0
1523462400 0 0 0 0
1523455200 0 0 0 0
1523448000 0 0 0 0
1523440800 0 0 0 0
1523433600 0 0 0 0
1523426400 0 0 0 0
1523419200 0 0 0 0
1523412000 0 0 0 0
1523404800 0 0 0 0
1523397600 0 0 0 0
1523390400 0 0 0 0
1523383200 0 0 0 0
1523376000 0 0 0 0
1523368800 0 0 0 0
1523361600 0 0 0 0
1523354400 0 0 0 0
1523347200 0 0 0 0
1523340000 0 0 0 0
1523332800 0 0 0 0
1523325600 0 0 0 0
1523318400 0 0 0 0
1523311200 0 0 0 0
1523304000 0 0 0 0
1523296800 0 0 0 0
1523289600 0 0 0 0
1523282400 0 0 0 0
1523275200 0 0 0 0
1523268000 0 0 0 0
1523260800 0 0 0 0
1523253600 0 0 0 0
1523246400 0 0 0 0
1523239200 0 0 0 0
1523232000 0 0 0 0
1523224800 0 0 0 0
1523217600 0 0 0 0
1523210400 0 0 0 0
1523203200 0 0 0 0
1523196000 0 0 0 0
1523188800 0 0 0 0
1523181600 0 0 0 0
1523174400 0 0 0 0
1523167200 0 0 0 0
1523160000 0 0 0 0
1523152800 0 0 0 0
1523145600 0 0 0 0
1523138400 0 0 0 0
1523131200 0 0 0 0
1523124000 0 0 0 0
1523116800 0 0 0 0
1523109600 0 0 0 0
1523102400 0 0 0 0
1523095200 0 0 0 0
1523088000 0 0 0 0
1523080800 0 0 0 0
1523073600 0 0 0 0
1523066400 0 0 0 0
1523059200 0 0 0 0
1523052000 0 0 0 0
1523044800 0 0 0 0
1523037600 0 0 0 0
1523030400 0 0 0 0
1523023200 0 0 0 0
1523016000 0 0 0 0
1523008800 0 0 0 0
1523001600 0 0 0 0
1522994400 0 0 0 0
1522987200 0 0 0 0
1522980000 0 0 0 0
1522972800 0 0 0 0
1522965600 0 0 0 0
1522958400 0 0 0 0
1522951200 0 0 0 0
1522944000 0 0 0 0
1522936800 0 0 0 0
1522929600 0 0 0 0
1522922400 0 0 0 0
1522915200 0 0 0 0
1522908000 0 0 0 0
1522900800 0 0 0 0
1522893600 0 0 0 0
1522886400 0 0 0 0
1522879200 0 0 0 0
1522872000 0 0 0 0
1522864800 0 0 0 0
1522857600 0 0 0 0
1522850400 0 0 0 0
1522843200 0 0 0 0
1522836000 0 0 0 0
1522828800 0 0 0 0
1522821600 0 0 0 0
1522814400 0 0 0 0
1522807200 0 0 0 0
1522800000 0 0 0 0
1522792800 0 0 0 0
1522785600 0 0 0 0
1522778400 0 0 0 0
1522771200 0 0 0 0
1522764000 0 0 0 0
1522756800 0 0 0 0
1522749600 0 0 0 0
1522742400 0 0 0 0
1522735200 0 0 0 0
1522728000 0 0 0 0
1522720800 0 0 0 0
1522713600 0 0 0 0
1522706400 0 0 0 0
1522699200 0 0 0 0
1522692000 0 0 0 0
1522684800 0 0 0 0
1522677600 0 0 0 0
1522670400 0 0 0 0
1522663200 0 0 0 0
1522656000 0 0 0 0
1522648800 0 0 0 0
1522641600 0 0 0 0
1522634400 0 0 0 0
1522627200 0 0 0 0
1522620000 0 0 0 0
1522612800 0 0 0 0
1522605600 0 0 0 0
1522598400 0 0 0 0
1522591200 0 0 0 0
1522584000 0 0 0 0
1522576800 0 0 0 0
1522569600 0 0 0 0
1522562400 0 0 0 0
1522555200 0 0 0 0
1522548000 0 0 0 0
1522540800 0 0 0 0
1522533600 0 0 0 0
1522526400 0 0 0 0
1522519200 0 0 0 0
1522512000 0 0 0 0
1522504800 0 0 0 0
1522497600 0 0 0 0
1522490400 0 0 0 0
1522483200 0 0 0 0
1522476000 0 0 0 0
1522468800 0 0 0 0
1522461600 0 0 0 0
1522454400 0 0 0 0
1522447200 0 0 0 0
1522440000 0 0 0 0
1522432800 0 0 0 0
1522425600 0 0 0 0
1522418400 0 0 0 0
1522411200 0 0 0 0
1522404000 0 0 0 0
1522396800 0 0 0 0
1522389600 0 0 0 0
1522382400 0 0 0 0
1522375200 0 0 0 0
1522368000 0 0 0 0
1522360800 0 0 0 0
1522353600 0 0 0 0
1522346400 0 0 0 0
1522339200 0 0 0 0
1522332000 0 0 0 0
1522324800 0 0 0 0
1522317600 0 0 0 0
1522310400 0 0 0 0
1522303200 0 0 0 0
1522296000 0 0 0 0
1522288800 0 0 0 0
1522281600 0 0 0 0
1522274400 0 0 0 0
1522267200 0 0 0 0
1522260000 0 0 0 0
1522252800 0 0 0 0
1522245600 0 0 0 0
1522238400 0 0 0 0
1522231200 0 0 0 0
1522224000 0 0 0 0
1522216800 0 0 0 0
1522209600 0 0 0 0
1522202400 0 0 0 0
1522195200 0 0 0 0
1522188000 0 0 0 0
1522180800 0 0 0 0
1522173600 0 0 0 0
1522166400 0 0 0 0
1522159200 0 0 0 0
1522152000 0 0 0 0
1522144800 0 0 0 0
1522137600 0 0 0 0
1522130400 0 0 0 0
1522123200 0 0 0 0
1522116000 0 0 0 0
1522108800 0 0 0 0
1522101600 0 0 0 0
1522094400 0 0 0 0
1522087200 0 0 0 0
1522080000 0 0 0 0
1522072800 0 0 0 0
1522065600 0 0 0 0
1522058400 0 0 0 0
1522051200 0 0 0 0
1522044000 0 0 0 0
1522036800 0 0 0 0
1522029600 0 0 0 0
1522022400 0 0 0 0
1522015200 0 0 0 0
1522008000 0 0 0 0
1522000800 0 0 0 0
1521993600 0 0 0 0
1521986400 0 0 0 0
1521979200 0 0 0 0
1521972000 0 0 0 0
1521964800 0 0 0 0
1521957600 0 0 0 0
1521950400 0 0 0 0
1521943200 0 0 0 0
1521936000 0 0 0 0
1521928800 0 0 0 0
1521921600 0 0 0 0
1521914400 0 0 0 0
1521907200 0 0 0 0
1521900000 0 0 0 0
1521892800 0 0 0 0
1521885600 0 0 0 0
1521878400 0 0 0 0
1521871200 0 0 0 0
1521864000 0 0 0 0
1521856800 0 0 0 0
1521849600 0 0 0 0
1521842400 0 0 0 0
1521835200 0 0 0 0
1521828000 0 0 0 0
1521820800 0 0 0 0
1521813600 0 0 0 0
1521806400 0 0 0 0
1521799200 0 0 0 0
1521792000 0 0 0 0
1521784800 0 0 0 0
1521777600 0 0 0 0
1521770400 0 0 0 0
1521763200 0 0 0 0
1521756000 0 0 0 0
1521748800 0 0 0 0
1521741600 0 0 0 0
1521734400 0 0 0 0
1521727200 0 0 0 0
1521720000 0 0 0 0
1521712800 0 0 0 0
1521705600 0 0 0 0
1521698400 0 0 0 0
1521691200 0 0 0 0
1521684000 0 0 0 0
1521676800 0 0 0 0
1521669600 0 0 0 0
1521662400 0 0 0 0
1521655200 0 0 0 0
1521648000 0 0 0 0
1521640800 0 0 0 0
1521633600 0 0 0 0
1521626400 0 0 0 0
1521619200 0 0 0 0
1521612000 0 0 0 0
1521604800 0 0 0 0
1521597600 0 0 0 0
1521590400 0 0 0 0
1521583200 0 0 0 0
1521576000 0 0 0 0
1521568800 0 0 0 0
1521561600 0 0 0 0
1521554400 0 0 0 0
1521547200 0 0 0 0
1521540000 0 0 0 0
1521532800 0 0 0 0
1521525600 0 0 0 0
1521518400 0 0 0 0
1521511200 0 0 0 0
1521504000 0 0 0 0
1521496800 0 0 0 0
1521489600 0 0 0 0
1521482400 0 0 0 0
1521475200 0 0 0 0
1521468000 0 0 0 0
1521460800 0 0 0 0
1521453600 0 0 0 0
1521446400 0 0 0 0
1521439200 0 0 0 0
1521432000 0 0 0 0
1521424800 0 0 0 0
1521417600 0 0 0 0
1521410400 0 0 0 0
1521403200 0 0 0 0
1521396000 0 0 0 0
1521388800 0 0 0 0
1521381600 0 0 0 0
1521374400 0 0 0 0
1521367200 0 0 0 0
1521360000 0 0 0 0
1521352800 0 0 0 0
1521345600 0 0 0 0
1521338400 0 0 0 0
1521331200 0 0 0 0
1521324000 0 0 0 0
1521316800 0 0 0 0
1521309600 0 0 0 0
1521302400 0 0 0 0
1521295200 0 0 0 0
1521288000 0 0 0 0
1521280800 0 0 0 0
1521273600 0 0 0 0
1521266400 0 0 0 0
1521259200 0 0 0 0
1521252000 0 0 0 0
1521244800 0 0 0 0
1521237600 0 0 0 0
1521230400 0 0 0 0
1521223200 0 0 0 0
1521216000 0 0 0 0
1521208800 0 0 0 0
1521201600 0 0 0 0
1521194400 0 0 0 0
1521187200 0 0 0 0
1521180000 0 0 0 0
1521172800 0 0 0 0
1521165600 0 0 0 0
1521158400 0 0 0 0
1521151200 0 0 0 0
1521144000 0 0 0 0
1521136800 0 0 0 0
1521129600 0 0 0 0
1521122400 0 0 0 0
1521115200 0 0 0 0
1521108000 0 0 0 0
1521100800 0 0 0 0
1521093600 0 0 0 0
1521086400 0 0 0 0
1521079200 0 0 0 0
1521072000 0 0 0 0
1521064800 0 0 0 0
1521057600 0 0 0 0
1521050400 0 0 0 0
1521043200 0 0 0 0
1521036000 0 0 0 0
1521028800 0 0 0 0
1521021600 0 0 0 0
1521014400 0 0 0 0
1521007200 0 0 0 0
1521000000 0 0 0 0
1520992800 0 0 0 0
1520985600 0 0 0 0
1520978400 0 0 0 0
1520971200 0 0 0 0
1520964000 0 0 0 0
1520956800 0 0 0 0
1520949600 0 0 0 0
1520942400 0 0 0 0
1520935200 0 0 0 0
1520928000 0 0 0 0
1520920800 0 0 0 0
1520913600 0 0 0 0
1520906400 0 0 0 0
1520899200 0 0 0 0
1520892000 0 0 0 0
1520884800 0 0 0 0
1520877600 0 0 0 0
1520870400 0 0 0 0
1520863200 0 0 0 0
1520856000 0 0 0 0
1520848800 0 0 0 0
1520841600 0 0 0 0
1520834400 0 0 0 0
1520827200 0 0 0 0
1520820000 0 0 0 0
1520812800 0 0 0 0
1520805600 0 0 0 0
1520798400 0 0 0 0
1520791200 0 0 0 0
1520784000 0 0 0 0
1520776800 0 0 0 0
1520769600 0 0 0 0
1520762400 0 0 0 0
1520755200 0 0 0 0
1520748000 0 0 0 0
1520740800 0 0 0 0
1520733600 0 0 0 0
1520726400 0 0 0 0
1520719200 0 0 0 0
1520712000 0 0 0 0
1520704800 0 0 0 0
1520697600 0 0 0 0
1520690400 0 0 0 0
1520683200 0 0 0 0
1520676000 0 0 0 0
1520668800 0 0 0 0
1520661600 0 0 0 0
1520654400 0 0 0 0
1520647200 0 0 0 0
1520640000 0 0 0 0
1520632800 0 0 0 0
1520625600 0 0 0 0
1520618400 0 0 0 0
1520611200 0 0 0 0
1520604000 0 0 0 0
1520596800 0 0 0 0
1520589600 0 0 0 0
1520582400 0 0 0 0
1520575200 0 0 0 0
1520568000 0 0 0 0
1520560800 0 0 0 0
1520553600 0 0 0 0
1520546400 0 0 0 0
1520539200 0 0 0 0
1520532000 0 0 0 0
1520524800 0 0 0 0
1520517600 0 0 0 0
1520510400 0 0 0 0
1520503200 0 0 0 0
1520496000 0 0 0 0
1520488800 0 0 0 0
1520481600 0 0 0 0
1520474400 0 0 0 0
1520467200 0 0 0 0
1520460000 0 0 0 0
1520452800 0 0 0 0
1520445600 0 0 0 0
1520438400 0 0 0 0
1520431200 0 0 0 0
1520424000 0 0 0 0
1520416800 0 0 0 0
1520409600 0 0 0 0
1520402400 0 0 0 0
1520395200 0 0 0 0
1520388000 0 0 0 0
1520380800 0 0 0 0
1520373600 0 0 0 0
1520366400 0 0 0 0
1520359200 0 0 0 0
1520352000 0 0 0 0
1520344800 0 0 0 0
1520337600 0 0 0 0
1520330400 0 0 0 0
1520323200 0 0 0 0
1520316000 0 0 0 0
1520308800 0 0 0 0
1520301600 0 0 0 0
1520294400 0 0 0 0
1520287200 0 0 0 0
1520280000 0 0 0 0
1520272800 0 0 0 0
1520265600 0 0 0 0
1520258400 0 0 0 0
1520251200 0 0 0 0
1520244000 0 0 0 0
1520236800 0 0 0 0
1520229600 0 0 0 0
1520222400 0 0 0 0
1520215200 0 0 0 0
1520208000 0 0 0 0
1520200800 0 0 0 0
1520193600 0 0 0 0
1520186400 0 0 0 0
1520179200 0 0 0 0
1520172000 0 0 0 0
1520121600 0 0 0 0
1520035200 0 0 0 0
1519948800 0 0 0 0
1519862400 0 0 0 0
1519776000 0 0 0 0
1519689600 0 0 0 0
1519603200 0 0 0 0
1519516800 0 0 0 0
1519430400 0 0 0 0
1519344000 0 0 0 0
1519257600 0 0 0 0
1519171200 0 0 0 0
1519084800 0 0 0 0
1518998400 0 0 0 0
1518912000 0 0 0 0
1518825600 0 0 0 0
1518739200 0 0 0 0
1518652800 0 0 0 0
1518566400 0 0 0 0
1518480000 0 0 0 0
1518393600 0 0 0 0
1518307200 0 0 0 0
1518220800 0 0 0 0
1518134400 0 0 0 0
1518048000 0 0 0 0
1517961600 0 0 0 0
1517875200 0 0 0 0
1517788800 0 0 0 0
1517702400 0 0 0 0
1517616000 0 0 0 0
1517529600 0 0 0 0
1517443200 0 0 0 0
1517356800 0 0 0 0
1517270400 0 0 0 0
1517184000 0 0 0 0
1517097600 0 0 0 0
1517011200 0 0 0 0
1516924800 0 0 0 0
1516838400 0 0 0 0
1516752000 0 0 0 0
1516665600 0 0 0 0
1516579200 0 0 0 0
1516492800 0 0 0 0
1516406400 0 0 0 0
1516320000 0 0 0 0
1516233600 0 0 0 0
1516147200 0 0 0 0
1516060800 0 0 0 0
1515974400 0 0 0 0
1515888000 0 0 0 0
1515801600 0 0 0 0
1515715200 0 0 0 0
1515628800 0 0 0 0
1515542400 0 0 0 0
1515456000 0 0 0 0
1515369600 0 0 0 0
1515283200 0 0 0 0
1515196800 0 0 0 0
1515110400 0 0 0 0
1515024000 0 0 0 0
1514937600 0 0 0 0
1514851200 0 0 0 0
1514764800 0 0 0 0
1514678400 0 0 0 0
1514592000 0 0 0 0
1514505600 0 0 0 0
1514419200 0 0 0 0
1514332800 0 0 0 0
1514246400 0 0 0 0
1514160000 0 0 0 0
1514073600 0 0 0 0
1513987200 0 0 0 0
1513900800 0 0 0 0
1513814400 0 0 0 0
1513728000 0 0 0 0
1513641600 0 0 0 0
1513555200 0 0 0 0
1513468800 0 0 0 0
1513382400 0 0 0 0
1513296000 0 0 0 0
1513209600 0 0 0 0
1513123200 0 0 0 0
1513036800 0 0 0 0
1512950400 0 0 0 0
1512864000 0 0 0 0
1512777600 0 0 0 0
1512691200 0 0 0 0
1512604800 0 0 0 0
1512518400 0 0 0 0
1512432000 0 0 0 0
1512345600 0 0 0 0
1512259200 0 0 0 0
1512172800 0 0 0 0
1512086400 0 0 0 0
1512000000 0 0 0 0
1511913600 0 0 0 0
1511827200 0 0 0 0
1511740800 0 0 0 0
1511654400 0 0 0 0
1511568000 0 0 0 0
1511481600 0 0 0 0
1511395200 0 0 0 0
1511308800 0 0 0 0
1511222400 0 0 0 0
1511136000 0 0 0 0
1511049600 0 0 0 0
1510963200 0 0 0 0
1510876800 0 0 0 0
1510790400 0 0 0 0
1510704000 0 0 0 0
1510617600 0 0 0 0
1510531200 0 0 0 0
1510444800 0 0 0 0
1510358400 0 0 0 0
1510272000 0 0 0 0
1510185600 0 0 0 0
1510099200 0 0 0 0
1510012800 0 0 0 0
1509926400 0 0 0 0
1509840000 0 0 0 0
1509753600 0 0 0 0
1509667200 0 0 0 0
1509580800 0 0 0 0
1509494400 0 0 0 0
1509408000 0 0 0 0
1509321600 0 0 0 0
1509235200 0 0 0 0
1509148800 0 0 0 0
1509062400 0 0 0 0
1508976000 0 0 0 0
1508889600 0 0 0 0
1508803200 0 0 0 0
1508716800 0 0 0 0
1508630400 0 0 0 0
1508544000 0 0 0 0
1508457600 0 0 0 0
1508371200 0 0 0 0
1508284800 0 0 0 0
1508198400 0 0 0 0
1508112000 0 0 0 0
1508025600 0 0 0 0
1507939200 0 0 0 0
1507852800 0 0 0 0
1507766400 0 0 0 0
1507680000 0 0 0 0
1507593600 0 0 0 0
1507507200 0 0 0 0
1507420800 0 0 0 0
1507334400 0 0 0 0
1507248000 0 0 0 0
1507161600 0 0 0 0
1507075200 0 0 0 0
1506988800 0 0 0 0
1506902400 0 0 0 0
1506816000 0 0 0 0
1506729600 0 0 0 0
1506643200 0 0 0 0
1506556800 0 0 0 0
1506470400 0 0 0 0
1506384000 0 0 0 0
1506297600 0 0 0 0
1506211200 0 0 0 0
1506124800 0 0 0 0
1506038400 0 0 0 0
1505952000 0 0 0 0
1505865600 0 0 0 0
1505779200 0 0 0 0
1505692800 0 0 0 0
1505606400 0 0 0 0
1505520000 0 0 0 0
1505433600 0 0 0 0
1505347200 0 0 0 0
1505260800 0 0 0 0
1505174400 0 0 0 0
1505088000 0 0 0 0
1505001600 0 0 0 0
1504915200 0 0 0 0
1504828800 0 0 0 0
1504742400 0 0 0 0
1504656000 0 0 0 0
1504569600 0 0 0 0
1504483200 0 0 0 0
1504396800 0 0 0 0
1504310400 0 0 0 0
1504224000 0 0 0 0
1504137600 0 0 0 0
1504051200 0 0 0 0
1503964800 0 0 0 0
1503878400 0 0 0 0
1503792000 0 0 0 0
1503705600 0 0 0 0
1503619200 0 0 0 0
1503532800 0 0 0 0
1503446400 0 0 0 0
1503360000 0 0 0 0
1503273600 0 0 0 0
1503187200 0 0 0 0
1503100800 0 0 0 0
1503014400 0 0 0 0
1502928000 0 0 0 0
1502841600 0 0 0 0
1502755200 0 0 0 0
1502668800 0 0 0 0
1502582400 0 0 0 0
1502496000 0 0 0 0
1502409600 0 0 0 0
1502323200 0 0 0 0
1502236800 0 0 0 0
1502150400 0 0 0 0
1502064000 0 0 0 0
1501977600 0 0 0 0
1501891200 0 0 0 0
1501804800 0 0 0 0
1501718400 0 0 0 0
1501632000 0 0 0 0
1501545600 0 0 0 0
1501459200 0 0 0 0
1501372800 0 0 0 0
1501286400 0 0 0 0
1501200000 0 0 0 0
1501113600 0 0 0 0
1501027200 0 0 0 0
1500940800 0 0 0 0
1500854400 0 0 0 0
1500768000 0 0 0 0
1500681600 0 0 0 0
1500595200 0 0 0 0
1500508800 0 0 0 0
1500422400 0 0 0 0
1500336000 0 0 0 0
1500249600 0 0 0 0
1500163200 0 0 0 0
1500076800 0 0 0 0
1499990400 0 0 0 0
1499904000 0 0 0 0
1499817600 0 0 0 0
1499731200 0 0 0 0
1499644800 0 0 0 0
1499558400 0 0 0 0
1499472000 0 0 0 0
1499385600 0 0 0 0
1499299200 0 0 0 0
1499212800 0 0 0 0
1499126400 0 0 0 0
1499040000 0 0 0 0
1498953600 0 0 0 0
1498867200 0 0 0 0
1498780800 0 0 0 0
1498694400 0 0 0 0
1498608000 0 0 0 0
1498521600 0 0 0 0
1498435200 0 0 0 0
1498348800 0 0 0 0
1498262400 0 0 0 0
1498176000 0 0 0 0
1498089600 0 0 0 0
1498003200 0 0 0 0
1497916800 0 0 0 0
1497830400 0 0 0 0
1497744000 0 0 0 0
1497657600 0 0 0 0
1497571200 0 0 0 0
1497484800 0 0 0 0
1497398400 0 0 0 0
1497312000 0 0 0 0
1497225600 0 0 0 0
1497139200 0 0 0 0
1497052800 0 0 0 0
1496966400 0 0 0 0
1496880000 0 0 0 0
1496793600 0 0 0 0
1496707200 0 0 0 0
1496620800 0 0 0 0
1496534400 0 0 0 0
1496448000 0 0 0 0
1496361600 0 0 0 0
1496275200 0 0 0 0
1496188800 0 0 0 0
1496102400 0 0 0 0
1496016000 0 0 0 0
1495929600 0 0 0 0
1495843200 0 0 0 0
1495756800 0 0 0 0
1495670400 0 0 0 0
1495584000 0 0 0 0
1495497600 0 0 0 0
1495411200 0 0 0 0
1495324800 0 0 0 0
1495238400 0 0 0 0
1495152000 0 0 0 0
1495065600 0 0 0 0
1494979200 0 0 0 0
1494892800 0 0 0 0
1494806400 0 0 0 0
1494720000 0 0 0 0
1494633600 0 0 0 0
1494547200 0 0 0 0
1494460800 0 0 0 0
1494374400 0 0 0 0
1494288000 0 0 0 0
1494201600 0 0 0 0
1494115200 0 0 0 0
1494028800 0 0 0 0
1493942400 0 0 0 0
1493856000 0 0 0 0
1493769600 0 0 0 0
1493683200 0 0 0 0
1493596800 0 0 0 0
1493510400 0 0 0 0
1493424000 0 0 0 0
1493337600 0 0 0 0
1493251200 0 0 0 0
1493164800 0 0 0 0
1493078400 0 0 0 0
1492992000 0 0 0 0
1492905600 0 0 0 0
1492819200 0 0 0 0
1492732800 0 0 0 0
1492646400 0 0 0 0
1492560000 0 0 0 0
1492473600 0 0 0 0
1492387200 0 0 0 0
1492300800 0 0 0 0
1492214400 0 0 0 0
1492128000 0 0 0 0
1492041600 0 0 0 0
1491955200 0 0 0 0
1491868800 0 0 0 0
1491782400 0 0 0 0
1491696000 0 0 0 0
1491609600 0 0 0 0
1491523200 0 0 0 0
1491436800 0 0 0 0
1491350400 0 0 0 0
1491264000 0 0 0 0
1491177600 0 0 0 0
1491091200 0 0 0 0
1491004800 0 0 0 0
1490918400 0 0 0 0
1490832000 0 0 0 0
1490745600 0 0 0 0
1490659200 0 0 0 0
1490572800 0 0 0 0
1490486400 0 0 0 0
1490400000 0 0 0 0
1490313600 0 0 0 0
1490227200 0 0 0 0
1490140800 0 0 0 0
1490054400 0 0 0 0
1489968000 0 0 0 0
1489881600 0 0 0 0
1489795200 0 0 0 0
1489708800 0 0 0 0
1489622400 0 0 0 0
1489536000 0 0 0 0
1489449600 0 0 0 0
1489363200 0 0 0 0
1489276800 0 0 0 0
1489190400 0 0 0 0
1489104000 0 0 0 0
1489017600 0 0 0 0
1488931200 0 0 0 0
1488844800 0 0 0 0
1488758400 0 0 0 0
1488672000 0 0 0 0
1488585600 0 0 0 0
1488499200 0 0 0 0
1488412800 0 0 0 0
1488326400 0 0 0 0
1488240000 0 0 0 0
1488153600 0 0 0 0
1488067200 0 0 0 0
1487980800 0 0 0 0
1487894400 0 0 0 0
1487808000 0 0 0 0
1487721600 0 0 0 0
1487635200 0 0 0 0
1487548800 0 0 0 0
1487462400 0 0 0 0
1487376000 0 0 0 0
1487289600 0 0 0 0
1487203200 0 0 0 0
1487116800 0 0 0 0
1487030400 0 0 0 0
1486944000 0 0 0 0
1486857600 0 0 0 0
1486771200 0 0 0 0
1486684800 0 0 0 0
1486598400 0 0 0 0
1486512000 0 0 0 0
1486425600 0 0 0 0
1486339200 0 0 0 0
1486252800 0 0 0 0
1486166400 0 0 0 0
1486080000 0 0 0 0
1485993600 0 0 0 0
1485907200 0 0 0 0
1485820800 0 0 0 0
1485734400 0 0 0 0
1485648000 0 0 0 0
1485561600 0 0 0 0
1485475200 0 0 0 0
1485388800 0 0 0 0
1485302400 0 0 0 0
1485216000 0 0 0 0
1485129600 0 0 0 0
1485043200 0 0 0 0
1484956800 0 0 0 0
1484870400 0 0 0 0
1484784000 0 0 0 0
1484697600 0 0 0 0
1484611200 0 0 0 0
1484524800 0 0 0 0
1484438400 0 0 0 0
1484352000 0 0 0 0
1484265600 0 0 0 0
1484179200 0 0 0 0
1484092800 0 0 0 0
1484006400 0 0 0 0
1483920000 0 0 0 0
1483833600 0 0 0 0
1483747200 0 0 0 0
1483660800 0 0 0 0
1483574400 0 0 0 0
1483488000 0 0 0 0
1483401600 0 0 0 0
1483315200 0 0 0 0
1483228800 0 0 0 0
1483142400 0 0 0 0
1483056000 0 0 0 0
1482969600 0 0 0 0
1482883200 0 0 0 0
1482796800 0 0 0 0
1482710400 0 0 0 0
1482624000 0 0 0 0
1482537600 0 0 0 0
1482451200 0 0 0 0
1482364800 0 0 0 0
1482278400 0 0 0 0
1482192000 0 0 0 0
1482105600 0 0 0 0
1482019200 0 0 0 0
1481932800 0 0 0 0
1481846400 0 0 0 0
1481760000 0 0 0 0
1481673600 0 0 0 0
1481587200 0 0 0 0
1481500800 0 0 0 0
1481414400 0 0 0 0
1481328000 0 0 0 0
1481241600 0 0 0 0
1481155200 0 0 0 0
1481068800 0 0 0 0
1480982400 0 0 0 0
1480896000 0 0 0 0
1480809600 0 0 0 0
1480723200 0 0 0 0
1480636800 0 0 0 0
1480550400 0 0 0 0
1480464000 0 0 0 0
1480377600 0 0 0 0
1480291200 0 0 0 0
1480204800 0 0 0 0
1480118400 0 0 0 0
1480032000 0 0 0 0
1479945600 0 0 0 0
1479859200 0 0 0 0
1479772800 0 0 0 0
1479686400 0 0 0 0
1479600000 0 0 0 0
1479513600 0 0 0 0
1479427200 0 0 0 0
1479340800 0 0 0 0
1479254400 0 0 0 0
1479168000 0 0 0 0
1479081600 0 0 0 0
1478995200 0 0 0 0
1478908800 0 0 0 0
1478822400 0 0 0 0
1478736000 0 0 0 0
1478649600 0 0 0 0
1478563200 0 0 0 0
1478476800 0 0 0 0
1478390400 0 0 0 0
1478304000 0 0 0 0
1478217600 0 0 0 0
1478131200 0 0 0 0
1478044800 0 0 0 0
1477958400 0 0 0 0
1477872000 0 0 0 0
1477785600 0 0 0 0
1477699200 0 0 0 0
1477612800 0 0 0 0
1477526400 0 0 0 0
1477440000 0 0 0 0
1477353600 0 0 0 0
1477267200 0 0 0 0
1477180800 0 0 0 0
1477094400 0 0 0 0
1477008000 0 0 0 0
1476921600 0 0 0 0
1476835200 0 0 0 0
1476748800 0 0 0 0
1476662400 0 0 0 0
1476576000 0 0 0 0
1476489600 0 0 0 0
1476403200 0 0 0 0
1476316800 0 0 0 0
1476230400 0 0 0 0
1476144000 0 0 0 0
1476057600 0 0 0 0
1475971200 0 0 0 0
1475884800 0 0 0 0
1475798400 0 0 0 0
1475712000 0 0 0 0
1475625600 0 0 0 0
1475539200 0 0 0 0
1475452800 0 0 0 0
1475366400 0 0 0 0
1475280000 0 0 0 0
1475193600 0 0 0 0
1475107200 0 0 0 0
1475020800 0 0 0 0
1474934400 0 0 0 0
1474848000 0 0 0 0
1474761600 0 0 0 0
1474675200 0 0 0 0
1474588800 0 0 0 0
1474502400 0 0 0 0
1474416000 0 0 0 0
1474329600 0 0 0 0
1474243200 0 0 0 0
1474156800 0 0 0 0
1474070400 0 0 0 0
1473984000 0 0 0 0
1473897600 0 0 0 0
1473811200 0 0 0 0
1473724800 0 0 0 0
1473638400 0 0 0 0
1473552000 0 0 0 0
1473465600 0 0 0 0
1473379200 0 0 0 0
1473292800 0 0 0 0
1473206400 0 0 0 0
1473120000 0 0 0 0
1473033600 0 0 0 0
1472947200 0 0 0 0
1472860800 0 0 0 0
1472774400 0 0 0 0
1472688000 0 0 0 0
1472601600 0 0 0 0
1472515200 0 0 0 0
1472428800 0 0 0 0
1472342400 0 0 0 0
1472256000 0 0 0 0
1472169600 0 0 0 0
1472083200 0 0 0 0
1471996800 0 0 0 0
1471910400 0 0 0 0
1471824000 0 0 0 0
1471737600 0 0 0 0
1471651200 0 0 0 0
1471564800 0 0 0 0
1471478400 0 0 0 0
1471392000 0 0 0 0
1471305600 0 0 0 0
1471219200 0 0 0 0
1471132800 0 0 0 0
1471046400 0 0 0 0
1470960000 0 0 0 0
1470873600 0 0 0 0
1470787200 0 0 0 0
1470700800 0 0 0 0
1470614400 0 0 0 0
1470528000 0 0 0 0
1470441600 0 0 0 0
1470355200 0 0 0 0
1470268800 0 0 0 0
1470182400 0 0 0 0
1470096000 0 0 0 0
1470009600 0 0 0 0
1469923200 0 0 0 0
1469836800 0 0 0 0
1469750400 0 0 0 0
1469664000 0 0 0 0
1469577600 0 0 0 0
1469491200 0 0 0 0
1469404800 0 0 0 0
1469318400 0 0 0 0
1469232000 0 0 0 0
1469145600 0 0 0 0
1469059200 0 0 0 0
1468972800 0 0 0 0
1468886400 0 0 0 0
1468800000 0 0 0 0
1468713600 0 0 0 0
1468627200 0 0 0 0
1468540800 0 0 0 0
1468454400 0 0 0 0
1468368000 0 0 0 0
1468281600 0 0 0 0
1468195200 0 0 0 0
1468108800 0 0 0 0
1468022400 0 0 0 0
1467936000 0 0 0 0
1467849600 0 0 0 0
1467763200 0 0 0 0
1467676800 0 0 0 0
1467590400 0 0 0 0
1467504000 0 0 0 0
1467417600 0 0 0 0
1467331200 0 0 0 0
1467244800 0 0 0 0
1467158400 0 0 0 0
1467072000 0 0 0 0
1466985600 0 0 0 0
1466899200 0 0 0 0
1466812800 0 0 0 0
1466726400 0 0 0 0
1466640000 0 0 0 0
1466553600 0 0 0 0
1466467200 0 0 0 0
1466380800 0 0 0 0
1466294400 0 0 0 0
1466208000 0 0 0 0
1466121600 0 0 0 0
1466035200 0 0 0 0
1465948800 0 0 0 0
1465862400 0 0 0 0
1465776000 0 0 0 0
1465689600 0 0 0 0
1465603200 0 0 0 0
1465516800 0 0 0 0
1465430400 0 0 0 0
1465344000 0 0 0 0
1465257600 0 0 0 0
1465171200 0 0 0 0
1465084800 0 0 0 0
1464998400 0 0 0 0
1464912000 0 0 0 0
1464825600 0 0 0 0
1464739200 0 0 0 0
1464652800 0 0 0 0
1464566400 0 0 0 0
1464480000 0 0 0 0
1464393600 0 0 0 0
1464307200 0 0 0 0
1464220800 0 0 0 0
1464134400 0 0 0 0
1464048000 0 0 0 0
1463961600 0 0 0 0
1463875200 0 0 0 0
1463788800 0 0 0 0
1463702400 0 0 0 0
1463616000 0 0 0 0
1463529600 0 0 0 0
1463443200 0 0 0 0
1463356800 0 0 0 0
1463270400 0 0 0 0
1463184000 0 0 0 0
1463097600 0 0 0 0
1463011200 0 0 0 0
1462924800 0 0 0 0
1462838400 0 0 0 0
1462752000 0 0 0 0
1462665600 0 0 0 0
1462579200 0 0 0 0
1462492800 0 0 0 0
1462406400 0 0 0 0
1462320000 0 0 0 0
1462233600 0 0 0 0
1462147200 0 0 0 0
1462060800 0 0 0 0
1461974400 0 0 0 0
1461888000 0 0 0 0
1461801600 0 0 0 0
1461715200 0 0 0 0
1461628800 0 0 0 0
1461542400 0 0 0 0
1461456000 0 0 0 0
1461369600 0 0 0 0
1461283200 0 0 0 0
1461196800 0 0 0 0
1461110400 0 0 0 0
1461024000 0 0 0 0
1460937600 0 0 0 0
1460851200 0 0 0 0
1460764800 0 0 0 0
1460678400 0 0 0 0
1460592000 0 0 0 0
1460505600 0 0 0 0
1460419200 0 0 0 0
1460332800 0 0 0 0
1460246400 0 0 0 0
1460160000 0 0 0 0
1460073600 0 0 0 0
1459987200 0 0 0 0
1459900800 0 0 0 0
1459814400 0 0 0 0
1459728000 0 0 0 0
1459641600 0 0 0 0
1459555200 0 0 0 0
1459468800 0 0 0 0
1459382400 0 0 0 0
1459296000 0 0 0 0
1459209600 0 0 0 0
1459123200 0 0 0 0
1459036800 0 0 0 0
1458950400 0 0 0 0
1458864000 0 0 0 0
1458777600 0 0 0 0
1458691200 0 0 0 0
1458604800 0 0 0 0
1458518400 0 0 0 0
1458432000 0 0 0 0
1458345600 0 0 0 0
1458259200 0 0 0 0
1458172800 0 0 0 0
1458086400 0 0 0 0
1458000000 0 0 0 0
1457913600 0 0 0 0
1457827200 0 0 0 0
1457740800 0 0 0 0
1457654400 0 0 0 0
1457568000 0 0 0 0
1457481600 0 0 0 0
1457395200 0 0 0 0
1457308800 0 0 0 0
1457222400 0 0 0 0
1457136000 0 0 0 0
1457049600 0 0 0 0
1456963200 0 0 0 0
